# Ceph deployment log started 20260105T031930Z UTC


[2026-01-05T03:19:30Z] (unknown) $ sudo -S bash -lc 'command -v docker || command -v podman'
(unknown) [exit 1]

[2026-01-05T03:19:31Z] (unknown) $ sudo -S bash -lc 'export DEBIAN_FRONTEND=noninteractive && curl -fsSL https://get.docker.com -o /tmp/get-docker.sh && chmod +x /tmp/get-docker.sh && sh /tmp/get-docker.sh || true && sudo apt-get install -y -o Dpkg::Options::='\''--force-confnew'\'' containerd.io docker-ce docker-ce-cli docker-compose-plugin && sudo systemctl enable docker --now && sudo systemctl restart docker'
(unknown) [stdout] # Executing docker install script, commit: 8b33a64d28ec86a1121623f1d349801b48f2837b
(unknown) [stderr] + sh -c apt-get -qq update >/dev/null
(unknown) [stderr] W: Target Packages (main/binary-amd64/Packages) is configured multiple times in /etc/apt/sources.list:7 and /etc/apt/sources.list.d/ubuntu.sources:2
W: Target Packages (main/binary-all/Packages) is configured multiple times in /etc/apt/sources.list:7 and /etc/apt/sources.list.d/ubuntu.sources:2
W: Target DEP-11 (main/dep11/Components-amd64.yml) is configured multiple times in /etc/apt/sources.list:7 and /etc/apt/sources.list.d/ubuntu.sources:2
W: Target DEP-11 (main/dep11/Components-all.yml) is configured multiple times in /etc/apt/sources.list:7 and /etc/apt/sources.list.d/ubuntu.sources:2
W: Target CNF (main/cnf/Commands-amd64) is configured multiple times in /etc/apt/sources.list:7 and /etc/apt/sources.list.d/ubuntu.sources:2
W: Target CNF (main/cnf/Commands-all) is configured multiple times in /etc/apt/sources.list:7 and /etc/apt/sources.list.d/ubuntu.sources:2
W: Target Packages (universe/binary-amd64/Packages) is configured multiple times in /etc/apt/sources.list:7 and /etc/apt/sources.list.d/ubuntu.sou(unknown) [stderr] rces:2
W: Target Packages (universe/binary-all/Packages) is configured multiple times in /etc/apt/sources.list:7 and /etc/apt/sources.list.d/ubuntu.sources:2
W: Target DEP-11 (universe/dep11/Components-amd64.yml) is configured multiple times in /etc/apt/sources.list:7 and /etc/apt/sources.list.d/ubuntu.sources:2
W: Target DEP-11 (universe/dep11/Components-all.yml) is configured multiple times in /etc/apt/sources.list:7 and /etc/apt/sources.list.d/ubuntu.sources:2
W: Target CNF (universe/cnf/Commands-amd64) is configured multiple times in /etc/apt/sources.list:7 and /etc/apt/sources.list.d/ubuntu.sources:2
W: Target CNF (universe/cnf/Commands-all) is configured multiple times in /etc/apt/sources.list:7 and /etc/apt/sources.list.d/ubuntu.sources:2
W: Target Packages (main/binary-amd64/Packages) is configured multiple times in /etc/apt/sources.list:5 and /etc/apt/sources.list.d/ubuntu.sources:1
W: Target Packages (main/binary-all/Packages) is configured multiple times in /etc/apt/sources.list:5 and /etc/apt/sour(unknown) [stderr] ces.list.d/ubuntu.sources:1
W: Target DEP-11 (main/dep11/Components-amd64.yml) is configured multiple times in /etc/apt/sources.list:5 and /etc/apt/sources.list.d/ubuntu.sources:1
W: Target DEP-11 (main/dep11/Components-all.yml) is configured multiple times in /etc/apt/sources.list:5 and /etc/apt/sources.list.d/ubuntu.sources:1
W: Target CNF (main/cnf/Commands-amd64) is configured multiple times in /etc/apt/sources.list:5 and /etc/apt/sources.list.d/ubuntu.sources:1
W: Target CNF (main/cnf/Commands-all) is configured multiple times in /etc/apt/sources.list:5 and /etc/apt/sources.list.d/ubuntu.sources:1
W: Target Packages (universe/binary-amd64/Packages) is configured multiple times in /etc/apt/sources.list:5 and /etc/apt/sources.list.d/ubuntu.sources:1
W: Target Packages (universe/binary-all/Packages) is configured multiple times in /etc/apt/sources.list:5 and /etc/apt/sources.list.d/ubuntu.sources:1
W: Target DEP-11 (universe/dep11/Components-amd64.yml) is configured multiple times in /etc/apt/sources.list:5(unknown) [stderr]  and /etc/apt/sources.list.d/ubuntu.sources:1
W: Target DEP-11 (universe/dep11/Components-all.yml) is configured multiple times in /etc/apt/sources.list:5 and /etc/apt/sources.list.d/ubuntu.sources:1
W: Target CNF (universe/cnf/Commands-amd64) is configured multiple times in /etc/apt/sources.list:5 and /etc/apt/sources.list.d/ubuntu.sources:1
W: Target CNF (universe/cnf/Commands-all) is configured multiple times in /etc/apt/sources.list:5 and /etc/apt/sources.list.d/ubuntu.sources:1
W: Target Packages (main/binary-amd64/Packages) is configured multiple times in /etc/apt/sources.list:6 and /etc/apt/sources.list.d/ubuntu.sources:1
W: Target Packages (main/binary-all/Packages) is configured multiple times in /etc/apt/sources.list:6 and /etc/apt/sources.list.d/ubuntu.sources:1
W: Target DEP-11 (main/dep11/Components-amd64.yml) is configured multiple times in /etc/apt/sources.list:6 and /etc/apt/sources.list.d/ubuntu.sources:1
W: Target DEP-11 (main/dep11/Components-all.yml) is configured multiple times in /etc/ap(unknown) [stderr] t/sources.list:6 and /etc/apt/sources.list.d/ubuntu.sources:1
W: Target CNF (main/cnf/Commands-amd64) is configured multiple times in /etc/apt/sources.list:6 and /etc/apt/sources.list.d/ubuntu.sources:1
W: Target CNF (main/cnf/Commands-all) is configured multiple times in /etc/apt/sources.list:6 and /etc/apt/sources.list.d/ubuntu.sources:1
W: Target Packages (universe/binary-amd64/Packages) is configured multiple times in /etc/apt/sources.list:6 and /etc/apt/sources.list.d/ubuntu.sources:1
W: Target Packages (universe/binary-all/Packages) is configured multiple times in /etc/apt/sources.list:6 and /etc/apt/sources.list.d/ubuntu.sources:1
W: Target DEP-11 (universe/dep11/Components-amd64.yml) is configured multiple times in /etc/apt/sources.list:6 and /etc/apt/sources.list.d/ubuntu.sources:1
W: Target DEP-11 (universe/dep11/Components-all.yml) is configured multiple times in /etc/apt/sources.list:6 and /etc/apt/sources.list.d/ubuntu.sources:1
W: Target CNF (universe/cnf/Commands-amd64) is configured multiple t(unknown) [stderr] imes in /etc/apt/sources.list:6 and /etc/apt/sources.list.d/ubuntu.sources:1
W: Target CNF (universe/cnf/Commands-all) is configured multiple times in /etc/apt/sources.list:6 and /etc/apt/sources.list.d/ubuntu.sources:1
W: Target Packages (main/binary-amd64/Packages) is configured multiple times in /etc/apt/sources.list:5 and /etc/apt/sources.list.d/ubuntu.sources:1
W: Target Packages (main/binary-all/Packages) is configured multiple times in /etc/apt/sources.list:5 and /etc/apt/sources.list.d/ubuntu.sources:1
W: Target DEP-11 (main/dep11/Components-amd64.yml) is configured multiple times in /etc/apt/sources.list:5 and /etc/apt/sources.list.d/ubuntu.sources:1
W: Target DEP-11 (main/dep11/Components-all.yml) is configured multiple times in /etc/apt/sources.list:5 and /etc/apt/sources.list.d/ubuntu.sources:1
W: Target CNF (main/cnf/Commands-amd64) is configured multiple times in /etc/apt/sources.list:5 and /etc/apt/sources.list.d/ubuntu.sources:1
W: Target CNF (main/cnf/Commands-all) is configured multiple time(unknown) [stderr] s in /etc/apt/sources.list:5 and /etc/apt/sources.list.d/ubuntu.sources:1
W: Target Packages (universe/binary-amd64/Packages) is configured multiple times in /etc/apt/sources.list:5 and /etc/apt/sources.list.d/ubuntu.sources:1
W: Target Packages (universe/binary-all/Packages) is configured multiple times in /etc/apt/sources.list:5 and /etc/apt/sources.list.d/ubuntu.sources:1
W: Target DEP-11 (universe/dep11/Components-amd64.yml) is configured multiple times in /etc/apt/sources.list:5 and /etc/apt/sources.list.d/ubuntu.sources:1
W: Target DEP-11 (universe/dep11/Components-all.yml) is configured multiple times in /etc/apt/sources.list:5 and /etc/apt/sources.list.d/ubuntu.sources:1
W: Target CNF (universe/cnf/Commands-amd64) is configured multiple times in /etc/apt/sources.list:5 and /etc/apt/sources.list.d/ubuntu.sources:1
W: Target CNF (universe/cnf/Commands-all) is configured multiple times in /etc/apt/sources.list:5 and /etc/apt/sources.list.d/ubuntu.sources:1
W: Target Packages (main/binary-amd64/Packages) (unknown) [stderr] is configured multiple times in /etc/apt/sources.list:6 and /etc/apt/sources.list.d/ubuntu.sources:1
W: Target Packages (main/binary-all/Packages) is configured multiple times in /etc/apt/sources.list:6 and /etc/apt/sources.list.d/ubuntu.sources:1
W: Target DEP-11 (main/dep11/Components-amd64.yml) is configured multiple times in /etc/apt/sources.list:6 and /etc/apt/sources.list.d/ubuntu.sources:1
W: Target DEP-11 (main/dep11/Components-all.yml) is configured multiple times in /etc/apt/sources.list:6 and /etc/apt/sources.list.d/ubuntu.sources:1
W: Target CNF (main/cnf/Commands-amd64) is configured multiple times in /etc/apt/sources.list:6 and /etc/apt/sources.list.d/ubuntu.sources:1
W: Target CNF (main/cnf/Commands-all) is configured multiple times in /etc/apt/sources.list:6 and /etc/apt/sources.list.d/ubuntu.sources:1
W: Target Packages (universe/binary-amd64/Packages) is configured multiple times in /etc/apt/sources.list:6 and /etc/apt/sources.list.d/ubuntu.sources:1
W: Target Packages (universe/binary-all/P(unknown) [stderr] ackages) is configured multiple times in /etc/apt/sources.list:6 and /etc/apt/sources.list.d/ubuntu.sources:1
W: Target DEP-11 (universe/dep11/Components-amd64.yml) is configured multiple times in /etc/apt/sources.list:6 and /etc/apt/sources.list.d/ubuntu.sources:1
W: Target DEP-11 (universe/dep11/Components-all.yml) is configured multiple times in /etc/apt/sources.list:6 and /etc/apt/sources.list.d/ubuntu.sources:1
W: Target CNF (universe/cnf/Commands-amd64) is configured multiple times in /etc/apt/sources.list:6 and /etc/apt/sources.list.d/ubuntu.sources:1
W: Target CNF (universe/cnf/Commands-all) is configured multiple times in /etc/apt/sources.list:6 and /etc/apt/sources.list.d/ubuntu.sources:1
W: Target Packages (main/binary-amd64/Packages) is configured multiple times in /etc/apt/sources.list:7 and /etc/apt/sources.list.d/ubuntu.sources:2
W: Target Packages (main/binary-all/Packages) is configured multiple times in /etc/apt/sources.list:7 and /etc/apt/sources.list.d/ubuntu.sources:2
W: Target DEP-11 (ma(unknown) [stderr] in/dep11/Components-amd64.yml) is configured multiple times in /etc/apt/sources.list:7 and /etc/apt/sources.list.d/ubuntu.sources:2
W: Target DEP-11 (main/dep11/Components-all.yml) is configured multiple times in /etc/apt/sources.list:7 and /etc/apt/sources.list.d/ubuntu.sources:2
W: Target CNF (main/cnf/Commands-amd64) is configured multiple times in /etc/apt/sources.list:7 and /etc/apt/sources.list.d/ubuntu.sources:2
W: Target CNF (main/cnf/Commands-all) is configured multiple times in /etc/apt/sources.list:7 and /etc/apt/sources.list.d/ubuntu.sources:2
W: Target Packages (universe/binary-amd64/Packages) is configured multiple times in /etc/apt/sources.list:7 and /etc/apt/sources.list.d/ubuntu.sources:2
W: Target Packages (universe/binary-all/Packages) is configured multiple times in /etc/apt/sources.list:7 and /etc/apt/sources.list.d/ubuntu.sources:2
W: Target DEP-11 (universe/dep11/Components-amd64.yml) is configured multiple times in /etc/apt/sources.list:7 and /etc/apt/sources.list.d/ubuntu.sources:2
W:(unknown) [stderr]  Target DEP-11 (universe/dep11/Components-all.yml) is configured multiple times in /etc/apt/sources.list:7 and /etc/apt/sources.list.d/ubuntu.sources:2
W: Target CNF (universe/cnf/Commands-amd64) is configured multiple times in /etc/apt/sources.list:7 and /etc/apt/sources.list.d/ubuntu.sources:2
W: Target CNF (universe/cnf/Commands-all) is configured multiple times in /etc/apt/sources.list:7 and /etc/apt/sources.list.d/ubuntu.sources:2
+ sh -c DEBIAN_FRONTEND=noninteractive apt-get -y -qq install ca-certificates curl >/dev/null
+ sh -c install -m 0755 -d /etc/apt/keyrings
+ sh -c curl -fsSL "https://download.docker.com/linux/ubuntu/gpg" -o /etc/apt/keyrings/docker.asc
+ sh -c chmod a+r /etc/apt/keyrings/docker.asc
+ sh -c echo "deb [arch=amd64 signed-by=/etc/apt/keyrings/docker.asc] https://download.docker.com/linux/ubuntu noble stable" > /etc/apt/sources.list.d/docker.list
+ sh -c apt-get -qq update >/dev/null
(unknown) [stderr] W: Target Packages (main/binary-amd64/Packages) is configured multiple times in /etc/apt/sources.list:7 and /etc/apt/sources.list.d/ubuntu.sources:2
W: Target Packages (main/binary-all/Packages) is configured multiple times in /etc/apt/sources.list:7 and /etc/apt/sources.list.d/ubuntu.sources:2
W: Target DEP-11 (main/dep11/Components-amd64.yml) is configured multiple times in /etc/apt/sources.list:7 and /etc/apt/sources.list.d/ubuntu.sources:2
W: Target DEP-11 (main/dep11/Components-all.yml) is configured multiple times in /etc/apt/sources.list:7 and /etc/apt/sources.list.d/ubuntu.sources:2
W: Target CNF (main/cnf/Commands-amd64) is configured multiple times in /etc/apt/sources.list:7 and /etc/apt/sources.list.d/ubuntu.sources:2
W: Target CNF (main/cnf/Commands-all) is configured multiple times in /etc/apt/sources.list:7 and /etc/apt/sources.list.d/ubuntu.sources:2
W: Target Packages (universe/binary-amd64/Packages) is configured multiple times in /etc/apt/sources.list:7 and /etc/apt/sources.list.d/ubuntu.sou(unknown) [stderr] rces:2
W: Target Packages (universe/binary-all/Packages) is configured multiple times in /etc/apt/sources.list:7 and /etc/apt/sources.list.d/ubuntu.sources:2
W: Target DEP-11 (universe/dep11/Components-amd64.yml) is configured multiple times in /etc/apt/sources.list:7 and /etc/apt/sources.list.d/ubuntu.sources:2
W: Target DEP-11 (universe/dep11/Components-all.yml) is configured multiple times in /etc/apt/sources.list:7 and /etc/apt/sources.list.d/ubuntu.sources:2
W: Target CNF (universe/cnf/Commands-amd64) is configured multiple times in /etc/apt/sources.list:7 and /etc/apt/sources.list.d/ubuntu.sources:2
W: Target CNF (universe/cnf/Commands-all) is configured multiple times in /etc/apt/sources.list:7 and /etc/apt/sources.list.d/ubuntu.sources:2
W: Target Packages (main/binary-amd64/Packages) is configured multiple times in /etc/apt/sources.list:5 and /etc/apt/sources.list.d/ubuntu.sources:1
W: Target Packages (main/binary-all/Packages) is configured multiple times in /etc/apt/sources.list:5 and /etc/apt/sour(unknown) [stderr] ces.list.d/ubuntu.sources:1
W: Target DEP-11 (main/dep11/Components-amd64.yml) is configured multiple times in /etc/apt/sources.list:5 and /etc/apt/sources.list.d/ubuntu.sources:1
W: Target DEP-11 (main/dep11/Components-all.yml) is configured multiple times in /etc/apt/sources.list:5 and /etc/apt/sources.list.d/ubuntu.sources:1
W: Target CNF (main/cnf/Commands-amd64) is configured multiple times in /etc/apt/sources.list:5 and /etc/apt/sources.list.d/ubuntu.sources:1
W: Target CNF (main/cnf/Commands-all) is configured multiple times in /etc/apt/sources.list:5 and /etc/apt/sources.list.d/ubuntu.sources:1
W: Target Packages (universe/binary-amd64/Packages) is configured multiple times in /etc/apt/sources.list:5 and /etc/apt/sources.list.d/ubuntu.sources:1
W: Target Packages (universe/binary-all/Packages) is configured multiple times in /etc/apt/sources.list:5 and /etc/apt/sources.list.d/ubuntu.sources:1
W: Target DEP-11 (universe/dep11/Components-amd64.yml) is configured multiple times in /etc/apt/sources.list:5(unknown) [stderr]  and /etc/apt/sources.list.d/ubuntu.sources:1
W: Target DEP-11 (universe/dep11/Components-all.yml) is configured multiple times in /etc/apt/sources.list:5 and /etc/apt/sources.list.d/ubuntu.sources:1
W: Target CNF (universe/cnf/Commands-amd64) is configured multiple times in /etc/apt/sources.list:5 and /etc/apt/sources.list.d/ubuntu.sources:1
W: Target CNF (universe/cnf/Commands-all) is configured multiple times in /etc/apt/sources.list:5 and /etc/apt/sources.list.d/ubuntu.sources:1
W: Target Packages (main/binary-amd64/Packages) is configured multiple times in /etc/apt/sources.list:6 and /etc/apt/sources.list.d/ubuntu.sources:1
W: Target Packages (main/binary-all/Packages) is configured multiple times in /etc/apt/sources.list:6 and /etc/apt/sources.list.d/ubuntu.sources:1
W: Target DEP-11 (main/dep11/Components-amd64.yml) is configured multiple times in /etc/apt/sources.list:6 and /etc/apt/sources.list.d/ubuntu.sources:1
W: Target DEP-11 (main/dep11/Components-all.yml) is configured multiple times in /etc/ap(unknown) [stderr] t/sources.list:6 and /etc/apt/sources.list.d/ubuntu.sources:1
W: Target CNF (main/cnf/Commands-amd64) is configured multiple times in /etc/apt/sources.list:6 and /etc/apt/sources.list.d/ubuntu.sources:1
W: Target CNF (main/cnf/Commands-all) is configured multiple times in /etc/apt/sources.list:6 and /etc/apt/sources.list.d/ubuntu.sources:1
W: Target Packages (universe/binary-amd64/Packages) is configured multiple times in /etc/apt/sources.list:6 and /etc/apt/sources.list.d/ubuntu.sources:1
W: Target Packages (universe/binary-all/Packages) is configured multiple times in /etc/apt/sources.list:6 and /etc/apt/sources.list.d/ubuntu.sources:1
W: Target DEP-11 (universe/dep11/Components-amd64.yml) is configured multiple times in /etc/apt/sources.list:6 and /etc/apt/sources.list.d/ubuntu.sources:1
W: Target DEP-11 (universe/dep11/Components-all.yml) is configured multiple times in /etc/apt/sources.list:6 and /etc/apt/sources.list.d/ubuntu.sources:1
W: Target CNF (universe/cnf/Commands-amd64) is configured multiple t(unknown) [stderr] imes in /etc/apt/sources.list:6 and /etc/apt/sources.list.d/ubuntu.sources:1
W: Target CNF (universe/cnf/Commands-all) is configured multiple times in /etc/apt/sources.list:6 and /etc/apt/sources.list.d/ubuntu.sources:1
W: Target Packages (main/binary-amd64/Packages) is configured multiple times in /etc/apt/sources.list:5 and /etc/apt/sources.list.d/ubuntu.sources:1
W: Target Packages (main/binary-all/Packages) is configured multiple times in /etc/apt/sources.list:5 and /etc/apt/sources.list.d/ubuntu.sources:1
W: Target DEP-11 (main/dep11/Components-amd64.yml) is configured multiple times in /etc/apt/sources.list:5 and /etc/apt/sources.list.d/ubuntu.sources:1
W: Target DEP-11 (main/dep11/Components-all.yml) is configured multiple times in /etc/apt/sources.list:5 and /etc/apt/sources.list.d/ubuntu.sources:1
W: Target CNF (main/cnf/Commands-amd64) is configured multiple times in /etc/apt/sources.list:5 and /etc/apt/sources.list.d/ubuntu.sources:1
W: Target CNF (main/cnf/Commands-all) is configured multiple time(unknown) [stderr] s in /etc/apt/sources.list:5 and /etc/apt/sources.list.d/ubuntu.sources:1
W: Target Packages (universe/binary-amd64/Packages) is configured multiple times in /etc/apt/sources.list:5 and /etc/apt/sources.list.d/ubuntu.sources:1
W: Target Packages (universe/binary-all/Packages) is configured multiple times in /etc/apt/sources.list:5 and /etc/apt/sources.list.d/ubuntu.sources:1
W: Target DEP-11 (universe/dep11/Components-amd64.yml) is configured multiple times in /etc/apt/sources.list:5 and /etc/apt/sources.list.d/ubuntu.sources:1
W: Target DEP-11 (universe/dep11/Components-all.yml) is configured multiple times in /etc/apt/sources.list:5 and /etc/apt/sources.list.d/ubuntu.sources:1
W: Target CNF (universe/cnf/Commands-amd64) is configured multiple times in /etc/apt/sources.list:5 and /etc/apt/sources.list.d/ubuntu.sources:1
W: Target CNF (universe/cnf/Commands-all) is configured multiple times in /etc/apt/sources.list:5 and /etc/apt/sources.list.d/ubuntu.sources:1
W: Target Packages (main/binary-amd64/Packages) (unknown) [stderr] is configured multiple times in /etc/apt/sources.list:6 and /etc/apt/sources.list.d/ubuntu.sources:1
W: Target Packages (main/binary-all/Packages) is configured multiple times in /etc/apt/sources.list:6 and /etc/apt/sources.list.d/ubuntu.sources:1
W: Target DEP-11 (main/dep11/Components-amd64.yml) is configured multiple times in /etc/apt/sources.list:6 and /etc/apt/sources.list.d/ubuntu.sources:1
W: Target DEP-11 (main/dep11/Components-all.yml) is configured multiple times in /etc/apt/sources.list:6 and /etc/apt/sources.list.d/ubuntu.sources:1
W: Target CNF (main/cnf/Commands-amd64) is configured multiple times in /etc/apt/sources.list:6 and /etc/apt/sources.list.d/ubuntu.sources:1
W: Target CNF (main/cnf/Commands-all) is configured multiple times in /etc/apt/sources.list:6 and /etc/apt/sources.list.d/ubuntu.sources:1
W: Target Packages (universe/binary-amd64/Packages) is configured multiple times in /etc/apt/sources.list:6 and /etc/apt/sources.list.d/ubuntu.sources:1
W: Target Packages (universe/binary-all/P(unknown) [stderr] ackages) is configured multiple times in /etc/apt/sources.list:6 and /etc/apt/sources.list.d/ubuntu.sources:1
W: Target DEP-11 (universe/dep11/Components-amd64.yml) is configured multiple times in /etc/apt/sources.list:6 and /etc/apt/sources.list.d/ubuntu.sources:1
W: Target DEP-11 (universe/dep11/Components-all.yml) is configured multiple times in /etc/apt/sources.list:6 and /etc/apt/sources.list.d/ubuntu.sources:1
W: Target CNF (universe/cnf/Commands-amd64) is configured multiple times in /etc/apt/sources.list:6 and /etc/apt/sources.list.d/ubuntu.sources:1
W: Target CNF (universe/cnf/Commands-all) is configured multiple times in /etc/apt/sources.list:6 and /etc/apt/sources.list.d/ubuntu.sources:1
W: Target Packages (main/binary-amd64/Packages) is configured multiple times in /etc/apt/sources.list:7 and /etc/apt/sources.list.d/ubuntu.sources:2
W: Target Packages (main/binary-all/Packages) is configured multiple times in /etc/apt/sources.list:7 and /etc/apt/sources.list.d/ubuntu.sources:2
W: Target DEP-11 (ma(unknown) [stderr] in/dep11/Components-amd64.yml) is configured multiple times in /etc/apt/sources.list:7 and /etc/apt/sources.list.d/ubuntu.sources:2
W: Target DEP-11 (main/dep11/Components-all.yml) is configured multiple times in /etc/apt/sources.list:7 and /etc/apt/sources.list.d/ubuntu.sources:2
W: Target CNF (main/cnf/Commands-amd64) is configured multiple times in /etc/apt/sources.list:7 and /etc/apt/sources.list.d/ubuntu.sources:2
W: Target CNF (main/cnf/Commands-all) is configured multiple times in /etc/apt/sources.list:7 and /etc/apt/sources.list.d/ubuntu.sources:2
W: Target Packages (universe/binary-amd64/Packages) is configured multiple times in /etc/apt/sources.list:7 and /etc/apt/sources.list.d/ubuntu.sources:2
W: Target Packages (universe/binary-all/Packages) is configured multiple times in /etc/apt/sources.list:7 and /etc/apt/sources.list.d/ubuntu.sources:2
W: Target DEP-11 (universe/dep11/Components-amd64.yml) is configured multiple times in /etc/apt/sources.list:7 and /etc/apt/sources.list.d/ubuntu.sources:2
W:(unknown) [stderr]  Target DEP-11 (universe/dep11/Components-all.yml) is configured multiple times in /etc/apt/sources.list:7 and /etc/apt/sources.list.d/ubuntu.sources:2
W: Target CNF (universe/cnf/Commands-amd64) is configured multiple times in /etc/apt/sources.list:7 and /etc/apt/sources.list.d/ubuntu.sources:2
W: Target CNF (universe/cnf/Commands-all) is configured multiple times in /etc/apt/sources.list:7 and /etc/apt/sources.list.d/ubuntu.sources:2
+ sh -c DEBIAN_FRONTEND=noninteractive apt-get -y -qq install docker-ce docker-ce-cli containerd.io docker-compose-plugin docker-ce-rootless-extras docker-buildx-plugin docker-model-plugin >/dev/null
(unknown) [stderr] 
Running kernel seems to be up-to-date.

No services need to be restarted.

No containers need to be restarted.

No user sessions are running outdated binaries.

No VM guests are running outdated hypervisor (qemu) binaries on this host.
(unknown) [stdout]   UNIT                                                                                                                                          LOAD   ACTIVE SUB       DESCRIPTION
  proc-sys-fs-binfmt_misc.automount                                                                                                             loaded active running   Arbitrary Executable File Formats File System Automount Point
  sys-devices-pci0000:00-0000:00:02.0-0000:01:00.0-virtio1-net-enp1s0.device                                                                    loaded active plugged   Virtio 1.0 network device
  sys-devices-pci0000:00-0000:00:02.1-0000:02:00.0-virtio2-net-enp2s0.device                                                                    loaded active plugged   Virtio 1.0 network device
  sys-devices-pci0000:00-0000:00:02.2-0000:03:00.0-virtio3-host0-target0:0:0-0:0:0:0-block-sda-sda1.device                                      loaded active plugged   QEMU_HARDDISK MKFS_ESP
  sys-devices-pci0000:00-0000:00:02(unknown) [stderr] Using systemd to manage Docker service
+ sh -c systemctl enable --now docker.service
(unknown) [stdout] .2-0000:03:00.0-virtio3-host0-target0:0:0-0:0:0:0-block-sda-sda2.device                                      loaded active plugged   QEMU_HARDDISK BSP
  sys-devices-pci0000:00-0000:00:02.2-0000:03:00.0-virtio3-host0-target0:0:0-0:0:0:0-block-sda-sda3.device                                      loaded active plugged   QEMU_HARDDISK cloudimg-rootfs
  sys-devices-pci0000:00-0000:00:02.2-0000:03:00.0-virtio3-host0-target0:0:0-0:0:0:0-block-sda-sda4.device                                      loaded active plugged   QEMU_HARDDISK config-2
  sys-devices-pci0000:00-0000:00:02.2-0000:03:00.0-virtio3-host0-target0:0:0-0:0:0:0-block-sda.device                                           loaded active plugged   QEMU_HARDDISK
  sys-devices-pci0000:00-0000:00:02.5-0000:06:00.0-virtio5-block-vda.device                                                                     loaded active plugged   /sys/devices/pci0000:00/0000:00:02.5/0000:06:00.0/virtio5/block/vda
  sys-devices-pci0000:00-0000:00:02.6-0000:07:00.0-virtio6-net-enp(unknown) [stderr] INFO: Docker daemon enabled and started

+ sh -c docker version
(unknown) [stdout] 7s0.device                                                                    loaded active plugged   Virtio 1.0 network device
  sys-devices-pci0000:00-0000:00:02.7-0000:08:00.0-virtio7-net-enp8s0.device                                                                    loaded active plugged   Virtio 1.0 network device
  sys-devices-pci0000:00-0000:00:1f.2-ata2-host2-target2:0:0-2:0:0:0-block-sr0.device                                                           loaded active plugged   QEMU_DVD-ROM
  sys-devices-platform-serial8250-serial8250:0-serial8250:0.1-tty-ttyS1.device                                                                  loaded active plugged   /sys/devices/platform/serial8250/serial8250:0/serial8250:0.1/tty/ttyS1
  sys-devices-platform-serial8250-serial8250:0-serial8250:0.10-tty-ttyS10.device                                                                loaded active plugged   /sys/devices/platform/serial8250/serial8250:0/serial8250:0.10/tty/ttyS10
  sys-devices-platform-serial8250-serial8(unknown) [stdout] 250:0-serial8250:0.11-tty-ttyS11.device                                                                loaded active plugged   /sys/devices/platform/serial8250/serial8250:0/serial8250:0.11/tty/ttyS11
  sys-devices-platform-serial8250-serial8250:0-serial8250:0.12-tty-ttyS12.device                                                                loaded active plugged   /sys/devices/platform/serial8250/serial8250:0/serial8250:0.12/tty/ttyS12
  sys-devices-platform-serial8250-serial8250:0-serial8250:0.13-tty-ttyS13.device                                                                loaded active plugged   /sys/devices/platform/serial8250/serial8250:0/serial8250:0.13/tty/ttyS13
  sys-devices-platform-serial8250-serial8250:0-serial8250:0.14-tty-ttyS14.device                                                                loaded active plugged   /sys/devices/platform/serial8250/serial8250:0/serial8250:0.14/tty/ttyS14
  sys-devices-platform-serial8250-serial8250:0-serial8250:0.15-tty-ttyS15.device                     (unknown) [stdout]                                            loaded active plugged   /sys/devices/platform/serial8250/serial8250:0/serial8250:0.15/tty/ttyS15
  sys-devices-platform-serial8250-serial8250:0-serial8250:0.16-tty-ttyS16.device                                                                loaded active plugged   /sys/devices/platform/serial8250/serial8250:0/serial8250:0.16/tty/ttyS16
  sys-devices-platform-serial8250-serial8250:0-serial8250:0.17-tty-ttyS17.device                                                                loaded active plugged   /sys/devices/platform/serial8250/serial8250:0/serial8250:0.17/tty/ttyS17
  sys-devices-platform-serial8250-serial8250:0-serial8250:0.18-tty-ttyS18.device                                                                loaded active plugged   /sys/devices/platform/serial8250/serial8250:0/serial8250:0.18/tty/ttyS18
  sys-devices-platform-serial8250-serial8250:0-serial8250:0.19-tty-ttyS19.device                                                                loaded active plu(unknown) [stdout] gged   /sys/devices/platform/serial8250/serial8250:0/serial8250:0.19/tty/ttyS19
  sys-devices-platform-serial8250-serial8250:0-serial8250:0.2-tty-ttyS2.device                                                                  loaded active plugged   /sys/devices/platform/serial8250/serial8250:0/serial8250:0.2/tty/ttyS2
  sys-devices-platform-serial8250-serial8250:0-serial8250:0.20-tty-ttyS20.device                                                                loaded active plugged   /sys/devices/platform/serial8250/serial8250:0/serial8250:0.20/tty/ttyS20
  sys-devices-platform-serial8250-serial8250:0-serial8250:0.21-tty-ttyS21.device                                                                loaded active plugged   /sys/devices/platform/serial8250/serial8250:0/serial8250:0.21/tty/ttyS21
  sys-devices-platform-serial8250-serial8250:0-serial8250:0.22-tty-ttyS22.device                                                                loaded active plugged   /sys/devices/platform/serial8250/serial8250:0/serial825(unknown) [stderr] Synchronizing state of docker.service with SysV service script with /usr/lib/systemd/systemd-sysv-install.
Executing: /usr/lib/systemd/systemd-sysv-install enable docker
(unknown) [stdout] 0:0.22/tty/ttyS22
  sys-devices-platform-serial8250-serial8250:0-serial8250:0.23-tty-ttyS23.device                                                                loaded active plugged   /sys/devices/platform/serial8250/serial8250:0/serial8250:0.23/tty/ttyS23
  sys-devices-platform-serial8250-serial8250:0-serial8250:0.24-tty-ttyS24.device                                                                loaded active plugged   /sys/devices/platform/serial8250/serial8250:0/serial8250:0.24/tty/ttyS24
  sys-devices-platform-serial8250-serial8250:0-serial8250:0.25-tty-ttyS25.device                                                                loaded active plugged   /sys/devices/platform/serial8250/serial8250:0/serial8250:0.25/tty/ttyS25
  sys-devices-platform-serial8250-serial8250:0-serial8250:0.26-tty-ttyS26.device                                                                loaded active plugged   /sys/devices/platform/serial8250/serial8250:0/serial8250:0.26/tty/ttyS26
  sys-devices-platform-serial8250-serial82(unknown) [stdout] 50:0-serial8250:0.27-tty-ttyS27.device                                                                loaded active plugged   /sys/devices/platform/serial8250/serial8250:0/serial8250:0.27/tty/ttyS27
  sys-devices-platform-serial8250-serial8250:0-serial8250:0.28-tty-ttyS28.device                                                                loaded active plugged   /sys/devices/platform/serial8250/serial8250:0/serial8250:0.28/tty/ttyS28
  sys-devices-platform-serial8250-serial8250:0-serial8250:0.29-tty-ttyS29.device                                                                loaded active plugged   /sys/devices/platform/serial8250/serial8250:0/serial8250:0.29/tty/ttyS29
  sys-devices-platform-serial8250-serial8250:0-serial8250:0.3-tty-ttyS3.device                                                                  loaded active plugged   /sys/devices/platform/serial8250/serial8250:0/serial8250:0.3/tty/ttyS3
  sys-devices-platform-serial8250-serial8250:0-serial8250:0.30-tty-ttyS30.device                        (unknown) [stdout]                                         loaded active plugged   /sys/devices/platform/serial8250/serial8250:0/serial8250:0.30/tty/ttyS30
  sys-devices-platform-serial8250-serial8250:0-serial8250:0.31-tty-ttyS31.device                                                                loaded active plugged   /sys/devices/platform/serial8250/serial8250:0/serial8250:0.31/tty/ttyS31
  sys-devices-platform-serial8250-serial8250:0-serial8250:0.4-tty-ttyS4.device                                                                  loaded active plugged   /sys/devices/platform/serial8250/serial8250:0/serial8250:0.4/tty/ttyS4
  sys-devices-platform-serial8250-serial8250:0-serial8250:0.5-tty-ttyS5.device                                                                  loaded active plugged   /sys/devices/platform/serial8250/serial8250:0/serial8250:0.5/tty/ttyS5
  sys-devices-platform-serial8250-serial8250:0-serial8250:0.6-tty-ttyS6.device                                                                  loaded active plugged   (unknown) [stdout] /sys/devices/platform/serial8250/serial8250:0/serial8250:0.6/tty/ttyS6
  sys-devices-platform-serial8250-serial8250:0-serial8250:0.7-tty-ttyS7.device                                                                  loaded active plugged   /sys/devices/platform/serial8250/serial8250:0/serial8250:0.7/tty/ttyS7
  sys-devices-platform-serial8250-serial8250:0-serial8250:0.8-tty-ttyS8.device                                                                  loaded active plugged   /sys/devices/platform/serial8250/serial8250:0/serial8250:0.8/tty/ttyS8
  sys-devices-platform-serial8250-serial8250:0-serial8250:0.9-tty-ttyS9.device                                                                  loaded active plugged   /sys/devices/platform/serial8250/serial8250:0/serial8250:0.9/tty/ttyS9
  sys-devices-pnp0-00:00-00:00:0-00:00:0.0-tty-ttyS0.device                                                                                     loaded active plugged   /sys/devices/pnp0/00:00/00:00:0/00:00:0.0/tty/ttyS0
  sys-devices-vi(unknown) [stdout] rtual-misc-rfkill.device                                                                                                        loaded active plugged   /sys/devices/virtual/misc/rfkill
  sys-devices-virtual-net-cilium_host.device                                                                                                    loaded active plugged   /sys/devices/virtual/net/cilium_host
  sys-devices-virtual-net-cilium_net.device                                                                                                     loaded active plugged   /sys/devices/virtual/net/cilium_net
  sys-devices-virtual-net-cilium_vxlan.device                                                                                                   loaded active plugged   /sys/devices/virtual/net/cilium_vxlan
  sys-devices-virtual-net-docker0.device                                                                                                        loaded active plugged   /sys/devices/virtual/net/docker0
  sys-devices-virtual-n(unknown) [stdout] et-lxc_health.device                                                                                                     loaded active plugged   /sys/devices/virtual/net/lxc_health
  sys-devices-virtual-net-provisioning.device                                                                                                   loaded active plugged   /sys/devices/virtual/net/provisioning
  sys-devices-virtual-tty-ttyprintk.device                                                                                                      loaded active plugged   /sys/devices/virtual/tty/ttyprintk
  sys-module-configfs.device                                                                                                                    loaded active plugged   /sys/module/configfs
  sys-module-fuse.device                                                                                                                        loaded active plugged   /sys/module/fuse
  sys-subsystem-net-devices-cilium_host.device              (unknown) [stdout]                                                                                     loaded active plugged   /sys/subsystem/net/devices/cilium_host
  sys-subsystem-net-devices-cilium_net.device                                                                                                   loaded active plugged   /sys/subsystem/net/devices/cilium_net
  sys-subsystem-net-devices-cilium_vxlan.device                                                                                                 loaded active plugged   /sys/subsystem/net/devices/cilium_vxlan
  sys-subsystem-net-devices-docker0.device                                                                                                      loaded active plugged   /sys/subsystem/net/devices/docker0
  sys-subsystem-net-devices-enp1s0.device                                                                                                       loaded active plugged   Virtio 1.0 network device
  sys-subsystem-net-devices-enp2s0.device                         (unknown) [stdout]                                                                               loaded active plugged   Virtio 1.0 network device
  sys-subsystem-net-devices-enp7s0.device                                                                                                       loaded active plugged   Virtio 1.0 network device
  sys-subsystem-net-devices-enp8s0.device                                                                                                       loaded active plugged   Virtio 1.0 network device
  sys-subsystem-net-devices-lxc_health.device                                                                                                   loaded active plugged   /sys/subsystem/net/devices/lxc_health
  sys-subsystem-net-devices-provisioning.device                                                                                                 loaded active plugged   /sys/subsystem/net/devices/provisioning
  -.mount                                                                                     (unknown) [stdout]                                                   loaded active mounted   Root Mount
  boot-efi.mount                                                                                                                                loaded active mounted   /boot/efi
  dev-hugepages.mount                                                                                                                           loaded active mounted   Huge Pages File System
  dev-mqueue.mount                                                                                                                              loaded active mounted   POSIX Message Queue File System
  proc-sys-fs-binfmt_misc.mount                                                                                                                 loaded active mounted   Arbitrary Executable File Formats File System
  run-cilium-cgroupv2.mount                                                                                                                     loaded activ(unknown) [stdout] e mounted   /run/cilium/cgroupv2
  run-containers-storage-overlay\x2dcontainers-407114a43f8f90f2a7ce5f0c3210acc32606acc19d634bc125d3585d9f72f7c3-userdata-shm.mount              loaded active mounted   /run/containers/storage/overlay-containers/407114a43f8f90f2a7ce5f0c3210acc32606acc19d634bc125d3585d9f72f7c3/userdata/shm
  run-containers-storage-overlay\x2dcontainers-4ceb9db3e09bf0005eb048feba114c52122005d0492ca086cc695389881b4ddd-userdata-shm.mount              loaded active mounted   /run/containers/storage/overlay-containers/4ceb9db3e09bf0005eb048feba114c52122005d0492ca086cc695389881b4ddd/userdata/shm
  run-containers-storage-overlay\x2dcontainers-6c59ab7f145accadc920e71e160d46b17d1ce043f7d809166febc9071fa76661-userdata-shm.mount              loaded active mounted   /run/containers/storage/overlay-containers/6c59ab7f145accadc920e71e160d46b17d1ce043f7d809166febc9071fa76661/userdata/shm
  run-containers-storage-overlay\x2dcontainers-724be25274ae71ab1a1c8575bafccbd481ea2318c42b33161df41e68bc0c136f-userdata-shm(unknown) [stdout] .mount              loaded active mounted   /run/containers/storage/overlay-containers/724be25274ae71ab1a1c8575bafccbd481ea2318c42b33161df41e68bc0c136f/userdata/shm
  run-containers-storage-overlay\x2dcontainers-7de1d707daecb12819232709b6c00ecc224af8adb6b6fe0b93faf6d397c37d03-userdata-shm.mount              loaded active mounted   /run/containers/storage/overlay-containers/7de1d707daecb12819232709b6c00ecc224af8adb6b6fe0b93faf6d397c37d03/userdata/shm
  run-containers-storage-overlay\x2dcontainers-a245cf00a6a3771041b4b50a3f0a7d76e79e4400a2b6da910ecdccb9aa231082-userdata-shm.mount              loaded active mounted   /run/containers/storage/overlay-containers/a245cf00a6a3771041b4b50a3f0a7d76e79e4400a2b6da910ecdccb9aa231082/userdata/shm
  run-containers-storage-overlay\x2dcontainers-ce29bb0da9e22d5bcfdd06edc63a559a17a03f904cfce1de9a5ff8baecd9de7e-userdata-shm.mount              loaded active mounted   /run/containers/storage/overlay-containers/ce29bb0da9e22d5bcfdd06edc63a559a17a03f904cfce1de9a5ff8baecd9de7e/userd(unknown) [stdout] ata/shm
  run-ipcns-02ece846\x2daa61\x2d4e37\x2d9119\x2d3b38db64585f.mount                                                                              loaded active mounted   /run/ipcns/02ece846-aa61-4e37-9119-3b38db64585f
  run-ipcns-24d2712d\x2daa0c\x2d4186\x2d937d\x2d2d96d5af2eaf.mount                                                                              loaded active mounted   /run/ipcns/24d2712d-aa0c-4186-937d-2d96d5af2eaf
  run-ipcns-2c61ca3f\x2d4d2a\x2d4518\x2db21d\x2dfbd750eabcf7.mount                                                                              loaded active mounted   /run/ipcns/2c61ca3f-4d2a-4518-b21d-fbd750eabcf7
  run-ipcns-405bfe5f\x2d7b43\x2d401b\x2dafa4\x2d0afb46ffd5e7.mount                                                                              loaded active mounted   /run/ipcns/405bfe5f-7b43-401b-afa4-0afb46ffd5e7
  run-ipcns-4e01d86b\x2ddf80\x2d41f3\x2d9971\x2d455f46f9595e.mount                                                                              loaded a(unknown) [stdout] ctive mounted   /run/ipcns/4e01d86b-df80-41f3-9971-455f46f9595e
  run-ipcns-5d4d96f9\x2dd313\x2d4aa7\x2dbc17\x2d22080b21bf7a.mount                                                                              loaded active mounted   /run/ipcns/5d4d96f9-d313-4aa7-bc17-22080b21bf7a
  run-ipcns-ff2b06ac\x2d6e77\x2d4d93\x2db8f7\x2da03903a6ef08.mount                                                                              loaded active mounted   /run/ipcns/ff2b06ac-6e77-4d93-b8f7-a03903a6ef08
  run-netns-02ece846\x2daa61\x2d4e37\x2d9119\x2d3b38db64585f.mount                                                                              loaded active mounted   /run/netns/02ece846-aa61-4e37-9119-3b38db64585f
  run-netns-24d2712d\x2daa0c\x2d4186\x2d937d\x2d2d96d5af2eaf.mount                                                                              loaded active mounted   /run/netns/24d2712d-aa0c-4186-937d-2d96d5af2eaf
  run-netns-2c61ca3f\x2d4d2a\x2d4518\x2db21d\x2dfbd750eabcf7.mount                              (unknown) [stdout]                                                 loaded active mounted   /run/netns/2c61ca3f-4d2a-4518-b21d-fbd750eabcf7
  run-netns-405bfe5f\x2d7b43\x2d401b\x2dafa4\x2d0afb46ffd5e7.mount                                                                              loaded active mounted   /run/netns/405bfe5f-7b43-401b-afa4-0afb46ffd5e7
  run-netns-4e01d86b\x2ddf80\x2d41f3\x2d9971\x2d455f46f9595e.mount                                                                              loaded active mounted   /run/netns/4e01d86b-df80-41f3-9971-455f46f9595e
  run-netns-5d4d96f9\x2dd313\x2d4aa7\x2dbc17\x2d22080b21bf7a.mount                                                                              loaded active mounted   /run/netns/5d4d96f9-d313-4aa7-bc17-22080b21bf7a
  run-netns-ff2b06ac\x2d6e77\x2d4d93\x2db8f7\x2da03903a6ef08.mount                                                                              loaded active mounted   /run/netns/ff2b06ac-6e77-4d93-b8f7-a03903a6ef08
  run-user-1000.mount                   (unknown) [stdout]
                                                                                                        loaded active mounted   /run/user/1000
  run-utsns-02ece846\x2daa61\x2d4e37\x2d9119\x2d3b38db64585f.mount                                                                              loaded active mounted   /run/utsns/02ece846-aa61-4e37-9119-3b38db64585f
  run-utsns-24d2712d\x2daa0c\x2d4186\x2d937d\x2d2d96d5af2eaf.mount                                                                              loaded active mounted   /run/utsns/24d2712d-aa0c-4186-937d-2d96d5af2eaf
  run-utsns-2c61ca3f\x2d4d2a\x2d4518\x2db21d\x2dfbd750eabcf7.mount                                                                              loaded active mounted   /run/utsns/2c61ca3f-4d2a-4518-b21d-fbd750eabcf7
  run-utsns-405bfe5f\x2d7b43\x2d401b\x2dafa4\x2d0afb46ffd5e7.mount                                                                              loaded active mounted   /run/utsns/405bfe5f-7b43-401b-afa4-0afb46ffd5e7
  run-utsns-4e01d86b\x2ddf80\x2d41f3\x2d9971\x2d455f46f9595e.mount                                                                              loaded active mounted   /run/utsns/4e01d86b-df80-41f3-9971-455f46f9595e
  run-utsns-5d4d96f9\x2dd313\x2d4aa7\x2dbc17\x2d22080b21bf7a.mount                                                                              loaded active mounted   /run/utsns/5d4d96f9-d313-4aa7-bc17-22080b21bf7a
  run-utsns-ff2b06ac\x2d6e77\x2d4d93\x2db8f7\x2da03903a6ef08.mount                                                                              loaded active mounted   /run/utsns/ff2b06ac-6e77-4d93-b8f7-a03903a6ef08
  sys-fs-fuse-connections.mount                                                                                                                 loaded active mounted   FUSE Control File System
  sys-kernel-config.mount                                                                                                                       loaded active mounted   Kernel Configuration File System
  sys-kernel-debug.mount                                                                                                                        loaded active mounted   Kernel Debug File System
  sys-kernel-tracing.mount                                                                                                                      loaded active mounted   Kernel Trace File System
  var-lib-containers-storage-overlay-1b49990756855bdf477edf9999f074fb183aa0a37b089caab035d0ec25516a35-merged.mount                              loaded active mounted   /var/lib/containers/storage/overlay/1b49990756855bdf477edf9999f074fb183aa0a37b089caab035d0ec25516a35/merged
  var-lib-containers-storage-overlay-1eef6cbad22096170df9a0af0bef093e145705f1282a1ca0b9d47571056ebb28-merged.mount                              loaded active mounted   /var/lib/containers/storage/overlay/1eef6cbad22096170df9a0af0bef093e145705f1282a1ca0b9d47571056ebb28/merged
  var-lib-containers-storage-overlay-2e2b73bb12cb03d834dc159f58fc871e273fe624a7167fb6340a5151164a85db-merged.mount                              loaded active mounted   /var/lib/containers/storage/overlay/2e2b73bb12cb03d834dc159f58fc871e273fe624a7167fb6340a5151164a85db/merged
  var-lib-containers-storage-overlay-32776b3e664c66098de59f7b4289e14601aa8e11e9918b031b5fc22e0a304162-merged.mount                              loaded active mounted   /var/lib/containers/storage/overlay/32776b3e664c66098de59f7b4289e14601aa8e11e9918b031b5fc22e0a304162/merged
  var-lib-containers-storage-overlay-4eb6cbd8dafd94e4d4b0e4d5147d8c36bae2e6e906e7382643a0d717324430c7-merged.mount                              loaded active mounted   /var/lib/containers/storage/overlay/4eb6cbd8dafd94e4d4b0e4d5147d8c36bae2e6e906e7382643a0d717324430c7/merged
  var-lib-containers-storage-overlay-50ff8a8c393bf2be946f4a4aeeef9527aaec5b6e294f3237e335e8865713f153-merged.mount                              loaded active mounted   /var/lib/containers/storage/overlay/50ff8a8c393bf2be946f4a4aeeef9527aaec5b6e294f3237e335e8865713f153/merged
  var-lib-containers-storage-overlay-5293e45716e2495078d86ee466f0e5201c7edae98d43ab4fdcb8969ba3f331d0-merged.mount                              loaded active mounted   /var/lib/containers/storage/overlay/5293e45716e2495078d86ee466f0e5201c7edae98d43ab4fdcb8969ba3f331d0/merged
  var-lib-containers-storage-overlay-6b506c92e451ce11af9ed992078abaae0e6e3771b64a6bcfb7a3062f7720515b-merged.mount                              loaded active mounted   /var/lib/containers/storage/overlay/6b506c92e451ce11af9ed992078abaae0e6e3771b64a6bcfb7a3062f7720515b/merged
  var-lib-containers-storage-overlay-7aaf35805076846d15fda181c8c44efc495897c6f21570240bbe87fc1b614f04-merged.mount                              loaded active mounted   /var/lib/containers/storage/overlay/7aaf35805076846d15fda181c8c44efc495897c6f21570240bbe87fc1b614f04/merged
  var-lib-containers-storage-overlay-7e8f0fde7a7371128ed1d1c57e9f04fd7ee64dea49515c67e1ba8e936a2303ea-merged.mount                              loaded active mounted   /var/lib/containers/storage/overlay/7e8f0fde7a7371128ed1d1c57e9f04fd7ee64dea49515c67e1ba8e936a2303ea/merged
  var-lib-containers-storage-overlay-8a7b5c6b210b8c52d774107fac2fc802d2db7c6f97d28f23aaf1a28e1eb679ab-merged.mount                              loaded active mounted   /var/lib/containers/storage/overlay/8a7b5c6b210b8c52d774107fac2fc802d2db7c6f97d28f23aaf1a28e1eb679ab/merged
  var-lib-containers-storage-overlay-8c2c80a33a1eaa56ac45b80abb8e6c12e83afa79e0656a622f2dec6835158f0d-merged.mount                              loaded active mounted   /var/lib/containers/storage/overlay/8c2c80a33a1eaa56ac45b80abb8e6c12e83afa79e0656a622f2dec6835158f0d/merged
  var-lib-containers-storage-overlay-8e46db06ae1a12066e936fd7cc853ad04ce0e89ed8dc38883515b9014fdbef74-merged.mount                              loaded active mounted   /var/lib/containers/storage/overlay/8e46db06ae1a12066e936fd7cc853ad04ce0e89ed8dc38883515b9014fdbef74/merged
  var-lib-containers-storage-overlay-9a080dbd84dd192befae58422fd1f4ba63faf2f4853b3e459fb45ec8f52583e8-merged.mount                              loaded active mounted   /var/lib/containers/storage/overlay/9a080dbd84dd192befae58422fd1f4ba63faf2f4853b3e459fb45ec8f52583e8/merged
  var-lib-containers-storage-overlay-b1c1668d85f1ee8f6abb59a66651a9d9993d2b5f6ba2875fc9a7f4c4f2afc7ee-merged.mount                              loaded active mounted   /var/lib/containers/storage/overlay/b1c1668d85f1ee8f6abb59a66651a9d9993d2b5f6ba2875fc9a7f4c4f2afc7ee/merged
  var-lib-containers-storage-overlay-b5a129aa3f6b0775776442ade26aaef789e5f3331a28874f9bef8eabd2b40341-merged.mount                              loaded active mounted   /var/lib/containers/storage/overlay/b5a129aa3f6b0775776442ade26aaef789e5f3331a28874f9bef8eabd2b40341/merged
  var-lib-containers-storage-overlay-b99b82a7152db24a181eae2eebfd7a02521c2637dcabc7d8d79c310cc6546cc5-merged.mount                              loaded active mounted   /var/lib/containers/storage/overlay/b99b82a7152db24a181eae2eebfd7a02521c2637dcabc7d8d79c310cc6546cc5/merged
  var-lib-containers-storage-overlay-bac7f0dc5a2c20a2e202b9f775b4f1458584c3c54873eb46c01516cac5cfafea-merged.mount                              loaded active mounted   /var/lib/containers/storage/overlay/bac7f0dc5a2c20a2e202b9f775b4f1458584c3c54873eb46c01516cac5cfafea/merged
  var-lib-containers-storage-overlay-c0bc32781c56aa7ec4337bb7d2df5816ad34b000caa8037b83b06f091b57be51-merged.mount                              loaded active mounted   /var/lib/containers/storage/overlay/c0bc32781c56aa7ec4337bb7d2df5816ad34b000caa8037b83b06f091b57be51/merged
  var-lib-containers-storage-overlay-e98bf9fbc5b42940440182a16062e7db820d0de5de4e88bd1cf03fafe2b50505-merged.mount                              loaded active mounted   /var/lib/containers/storage/overlay/e98bf9fbc5b42940440182a16062e7db820d0de5de4e88bd1cf03fafe2b50505/merged
  var-lib-containers-storage-overlay.mount                                                                                                      loaded active mounted   /var/lib/containers/storage/overlay
  var-lib-kubelet-pods-22de697c\x2dac96\x2d40b2\x2daac9\x2ddfa1b38127fd-volumes-kubernetes.io\x7eprojected-clustermesh\x2dsecrets.mount         loaded active mounted   /var/lib/kubelet/pods/22de697c-ac96-40b2-aac9-dfa1b38127fd/volumes/kubernetes.io~projected/clustermesh-secrets
  var-lib-kubelet-pods-22de697c\x2dac96\x2d40b2\x2daac9\x2ddfa1b38127fd-volumes-kubernetes.io\x7eprojected-hubble\x2dtls.mount                  loaded active mounted   /var/lib/kubelet/pods/22de697c-ac96-40b2-aac9-dfa1b38127fd/volumes/kubernetes.io~projected/hubble-tls
  var-lib-kubelet-pods-22de697c\x2dac96\x2d40b2\x2daac9\x2ddfa1b38127fd-volumes-kubernetes.io\x7eprojected-kube\x2dapi\x2daccess\x2d2m42d.mount loaded active mounted   /var/lib/kubelet/pods/22de697c-ac96-40b2-aac9-dfa1b38127fd/volumes/kubernetes.io~projected/kube-api-access-2m42d
  var-lib-kubelet-pods-6e10dc79\x2da0bb\x2d4520\x2d9ff4\x2d59cf729facb1-volumes-kubernetes.io\x7eprojected-kube\x2dapi\x2daccess\x2dclsxz.mount loaded active mounted   /var/lib/kubelet/pods/6e10dc79-a0bb-4520-9ff4-59cf729facb1/volumes/kubernetes.io~projected/kube-api-access-clsxz
  var-lib-kubelet-pods-b122f54d\x2db283\x2d40ac\x2d859d\x2dbf8147d76819-volumes-kubernetes.io\x7eprojected-kube\x2dapi\x2daccess\x2dtdbzb.mount loaded active mounted   /var/lib/kubelet/pods/b122f54d-b283-40ac-859d-bf8147d76819/volumes/kubernetes.io~projected/kube-api-access-tdbzb
  systemd-ask-password-console.path                                                                                                             loaded active waiting   Dispatch Password Requests to Console Directory Watch
  systemd-ask-password-wall.path                                                                                                                loaded active waiting   Forward Password Requests to Wall Directory Watch
  crio-0ccd1b8ffd605ca899fa859a8712464e625430c1cf985c4d34b93f06b555351e.scope                                                                   loaded active running   libcrun container
  crio-0da3532ad01026ab675758664f2e464f14dfff54221e6c8e34690e8fdb0a7a33.scope                                                                   loaded active running   libcrun container
  crio-2fa2621851b0a5ae65b2cd0a38f86ab568db7b8e78731cad3b04e4475f096b95.scope                                                                   loaded active running   libcrun container
  crio-a22f845c435cc5f44d04c98cb4e7cbaf8c7d6e193abcec34372c45d2b0dd213b.scope                                                                   loaded active running   libcrun container
  crio-ad52138edc1caaf08d90fa78321bf4043a59bd78b01c832dab4624b3f0129233.scope                                                                   loaded active running   libcrun container
  crio-conmon-0ccd1b8ffd605ca899fa859a8712464e625430c1cf985c4d34b93f06b555351e.scope                                                            loaded active running   crio-conmon-0ccd1b8ffd605ca899fa859a8712464e625430c1cf985c4d34b93f06b555351e.scope
  crio-conmon-0da3532ad01026ab675758664f2e464f14dfff54221e6c8e34690e8fdb0a7a33.scope                                                            loaded active running   crio-conmon-0da3532ad01026ab675758664f2e464f14dfff54221e6c8e34690e8fdb0a7a33.scope
  crio-conmon-2fa2621851b0a5ae65b2cd0a38f86ab568db7b8e78731cad3b04e4475f096b95.scope                                                            loaded active running   crio-conmon-2fa2621851b0a5ae65b2cd0a38f86ab568db7b8e78731cad3b04e4475f096b95.scope
  crio-conmon-a22f845c435cc5f44d04c98cb4e7cbaf8c7d6e193abcec34372c45d2b0dd213b.scope                                                            loaded active running   crio-conmon-a22f845c435cc5f44d04c98cb4e7cbaf8c7d6e193abcec34372c45d2b0dd213b.scope
  crio-conmon-ad52138edc1caaf08d90fa78321bf4043a59bd78b01c832dab4624b3f0129233.scope                                                            loaded active running   crio-conmon-ad52138edc1caaf08d90fa78321bf4043a59bd78b01c832dab4624b3f0129233.scope
  crio-conmon-e5d8f625b066c4a2bf23062c13777a3925b49ecaacb66ee92298c2aef276179f.scope                                                            loaded active running   crio-conmon-e5d8f625b066c4a2bf23062c13777a3925b49ecaacb66ee92298c2aef276179f.scope
  crio-conmon-f477fdba7ddebcd445c92854b40ca7e0a2b7413e6d5e9c1fa4af586a96febe44.scope                                                            loaded active running   crio-conmon-f477fdba7ddebcd445c92854b40ca7e0a2b7413e6d5e9c1fa4af586a96febe44.scope
  crio-e5d8f625b066c4a2bf23062c13777a3925b49ecaacb66ee92298c2aef276179f.scope                                                                   loaded active running   libcrun container
  crio-f477fdba7ddebcd445c92854b40ca7e0a2b7413e6d5e9c1fa4af586a96febe44.scope                                                                   loaded active running   libcrun container
  init.scope                                                                                                                                    loaded active running   System and Service Manager
  session-56.scope                                                                                                                              loaded active running   Session 56 of User kez
  session-67.scope                                                                                                                              loaded active running   Session 67 of User kez
  apparmor.service                                                                                                                              loaded active exited    Load AppArmor profiles
  apport.service                                                                                                                                loaded active exited    automatic crash report generation
  blk-availability.service                                                                                                                      loaded active exited    Availability of block devices
  cloud-config.service                                                                                                                          loaded active exited    Cloud-init: Config Stage
  cloud-final.service                                                                                                                           loaded active exited    Cloud-init: Final Stage
  cloud-init-local.service                                                                                                                      loaded active exited    Cloud-init: Local Stage (pre-network)
  cloud-init.service                                                                                                                            loaded active exited    Cloud-init: Network Stage
  console-setup.service                                                                                                                         loaded active exited    Set console font and keymap
  containerd.service                                                                                                                            loaded active running   containerd container runtime
  crio.service                                                                                                                                  loaded active running   Container Runtime Interface for OCI (CRI-O)
  cron.service                                                                                                                                  loaded active running   Regular background program processing daemon
  dbus.service                                                                                                                                  loaded active running   D-Bus System Message Bus
  docker.service                                                                                                                                loaded active running   Docker Application Container Engine
  finalrd.service                                                                                                                               loaded active exited    Create final runtime dir for shutdown pivot root
  fwupd.service                                                                                                                                 loaded active running   Firmware update daemon
  getty@tty1.service                                                                                                                            loaded active running   Getty on tty1
  keepalived.service                                                                                                                            loaded active running   Keepalive Daemon (LVS and VRRP)
  keyboard-setup.service                                                                                                                        loaded active exited    Set the console keyboard layout
  kmod-static-nodes.service                                                                                                                     loaded active exited    Create List of Static Device Nodes
  kubelet.service                                                                                                                               loaded active running   kubelet: The Kubernetes Node Agent
  ldconfig.service                                                                                                                              loaded active exited    Rebuild Dynamic Linker Cache
  lvm2-monitor.service                                                                                                                          loaded active exited    Monitoring of LVM2 mirrors, snapshots etc. using dmeventd or progress polling
  ModemManager.service                                                                                                                          loaded active running   Modem Manager
  multipathd.service                                                                                                                            loaded active running   Device-Mapper Multipath Device Controller
  packagekit.service                                                                                                                            loaded active running   PackageKit Daemon
  plymouth-quit-wait.service                                                                                                                    loaded active exited    Hold until boot process finishes up
  plymouth-quit.service                                                                                                                         loaded active exited    Terminate Plymouth Boot Screen
  plymouth-read-write.service                                                                                                                   loaded active exited    Tell Plymouth To Write Out Runtime Data
  polkit.service                                                                                                                                loaded active running   Authorization Manager
  rsyslog.service                                                                                                                               loaded active running   System Logging Service
  serial-getty@ttyS0.service                                                                                                                    loaded active running   Serial Getty on ttyS0
  setvtrgb.service                                                                                                                              loaded active exited    Set console scheme
  snapd.apparmor.service                                                                                                                        loaded active exited    Load AppArmor profiles managed internally by snapd
  snapd.seeded.service                                                                                                                          loaded active exited    Wait until snapd is fully seeded
  ssh-keygen.service                                                                                                                            loaded active exited    OpenSSH Server Key Generation
  ssh.service                                                                                                                                   loaded active running   OpenBSD Secure Shell server
  sysstat.service                                                                                                                               loaded active exited    Resets System Activity Logs
  systemd-binfmt.service                                                                                                                        loaded active exited    Set Up Additional Binary Formats
  systemd-firstboot.service                                                                                                                     loaded active exited    First Boot Wizard
  systemd-fsck-root.service                                                                                                                     loaded active exited    File System Check on Root Device
  systemd-fsck@dev-disk-by\x2dlabel-MKFS_ESP.service                                                                                            loaded active exited    File System Check on /dev/disk/by-label/MKFS_ESP
  systemd-journal-catalog-update.service                                                                                                        loaded active exited    Rebuild Journal Catalog
  systemd-journal-flush.service                                                                                                                 loaded active exited    Flush Journal to Persistent Storage
  systemd-journald.service                                                                                                                      loaded active running   Journal Service
  systemd-logind.service                                                                                                                        loaded active running   User Login Management
  systemd-machine-id-commit.service                                                                                                             loaded active exited    Commit a transient machine-id on disk
  systemd-modules-load.service                                                                                                                  loaded active exited    Load Kernel Modules
 systemd-networkd-wait-online.service                                                                                                          loaded failed failed    Wait for Network to be Configured
  systemd-networkd.service                                                                                                                      loaded active running   Network Configuration
  systemd-random-seed.service                                                                                                                   loaded active exited    Load/Save OS Random Seed
  systemd-remount-fs.service                                                                                                                    loaded active exited    Remount Root and Kernel File Systems
  systemd-resolved.service                                                                                                                      loaded active running   Network Name Resolution
  systemd-sysctl.service                                                                                                                        loaded active exited    Apply Kernel Variables
  systemd-sysusers.service                                                                                                                      loaded active exited    Create System Users
  systemd-timesyncd.service                                                                                                                     loaded active running   Network Time Synchronization
  systemd-tmpfiles-setup-dev-early.service                                                                                                      loaded active exited    Create Static Device Nodes in /dev gracefully
  systemd-tmpfiles-setup-dev.service                                                                                                            loaded active exited    Create Static Device Nodes in /dev
  systemd-tmpfiles-setup.service                                                                                                                loaded active exited    Create Volatile Files and Directories
  systemd-udev-trigger.service                                                                                                                  loaded active exited    Coldplug All udev Devices
  systemd-udevd.service                                                                                                                         loaded active running   Rule-based Manager for Device Events and Files
  systemd-update-done.service                                                                                                                   loaded active exited    Update is Completed
  systemd-update-utmp.service                                                                                                                   loaded active exited    Record System Boot/Shutdown in UTMP
  systemd-user-sessions.service                                                                                                                 loaded active exited    Permit User Sessions
  udisks2.service                                                                                                                               loaded active running   Disk Manager
  ufw.service                                                                                                                                   loaded active exited    Uncomplicated firewall
  unattended-upgrades.service                                                                                                                   loaded active running   Unattended Upgrades Shutdown
  user-runtime-dir@1000.service                                                                                                                 loaded active exited    User Runtime Directory /run/user/1000
  user@1000.service                                                                                                                             loaded active running   User Manager for UID 1000
  -.slice                                                                                                                                       loaded active active    Root Slice
  kubepods-besteffort-pod6e10dc79_a0bb_4520_9ff4_59cf729facb1.slice                                                                             loaded active active    libcontainer container kubepods-besteffort-pod6e10dc79_a0bb_4520_9ff4_59cf729facb1.slice
  kubepods-besteffort-podb122f54d_b283_40ac_859d_bf8147d76819.slice                                                                             loaded active active    libcontainer container kubepods-besteffort-podb122f54d_b283_40ac_859d_bf8147d76819.slice
  kubepods-besteffort.slice                                                                                                                     loaded active active    libcontainer container kubepods-besteffort.slice
  kubepods-burstable-pod08ef451ac23de999c4f233e6e3ebf4b8.slice                                                                                  loaded active active    libcontainer container kubepods-burstable-pod08ef451ac23de999c4f233e6e3ebf4b8.slice
  kubepods-burstable-pod0bfce407c3f042eac12925812413bfc8.slice                                                                                  loaded active active    libcontainer container kubepods-burstable-pod0bfce407c3f042eac12925812413bfc8.slice
  kubepods-burstable-pod22de697c_ac96_40b2_aac9_dfa1b38127fd.slice                                                                              loaded active active    libcontainer container kubepods-burstable-pod22de697c_ac96_40b2_aac9_dfa1b38127fd.slice
  kubepods-burstable-podc04978481461cdfd1429a1e95a849bd8.slice                                                                                  loaded active active    libcontainer container kubepods-burstable-podc04978481461cdfd1429a1e95a849bd8.slice
  kubepods-burstable-podf931520d2633b13d58f69e8d974c34be.slice                                                                                  loaded active active    libcontainer container kubepods-burstable-podf931520d2633b13d58f69e8d974c34be.slice
  kubepods-burstable.slice                                                                                                                      loaded active active    libcontainer container kubepods-burstable.slice
  kubepods.slice                                                                                                                                loaded active active    libcontainer container kubepods.slice
  system-getty.slice                                                                                                                            loaded active active    Slice /system/getty
  system-modprobe.slice                                                                                                                         loaded active active    Slice /system/modprobe
  system-serial\x2dgetty.slice                                                                                                                  loaded active active    Slice /system/serial-getty
  system-systemd\x2dfsck.slice                                                                                                                  loaded active active    Slice /system/systemd-fsck
  system.slice                                                                                                                                  loaded active active    System Slice
  user-1000.slice                                                                                                                               loaded active active    User Slice of UID 1000
  user.slice                                                                                                                                    loaded active active    User and Session Slice
  cloud-init-hotplugd.socket                                                                                                                    loaded active listening cloud-init hotplug hook socket
  dbus.socket                                                                                                                                   loaded active running   D-Bus System Message Bus Socket
  dm-event.socket                                                                                                                               loaded active listening Device-mapper event daemon FIFOs
  docker.socket                                                                                                                                 loaded active running   Docker Socket for the API
  iscsid.socket                                                                                                                                 loaded active listening Open-iSCSI iscsid Socket
  lvm2-lvmpolld.socket                                                                                                                          loaded active listening LVM2 poll daemon socket
  lxd-installer.socket                                                                                                                          loaded active listening Helper to install lxd snap on demand
  multipathd.socket                                                                                                                             loaded active running   multipathd control socket
  snapd.socket                                                                                                                                  loaded active listening Socket activation for snappy daemon
  ssh.socket                                                                                                                                    loaded active running   OpenBSD Secure Shell server socket
  syslog.socket                                                                                                                                 loaded active running   Syslog Socket
  systemd-fsckd.socket                                                                                                                          loaded active listening fsck to fsckd communication Socket
  systemd-initctl.socket                                                                                                                        loaded active listening initctl Compatibility Named Pipe
  systemd-journald-dev-log.socket                                                                                                               loaded active running   Journal Socket (/dev/log)
  systemd-journald.socket                                                                                                                       loaded active running   Journal Socket
  systemd-networkd.socket                                                                                                                       loaded active running   Network Service Netlink Socket
  systemd-rfkill.socket                                                                                                                         loaded active listening Load/Save RF Kill Switch Status /dev/rfkill Watch
  systemd-sysext.socket                                                                                                                         loaded active listening System Extension Image Management (Varlink)
  systemd-udevd-control.socket                                                                                                                  loaded active running   udev Control Socket
  systemd-udevd-kernel.socket                                                                                                                   loaded active running   udev Kernel Socket
  uuidd.socket                                                                                                                                  loaded active listening UUID daemon activation socket
  basic.target                                                                                                                                  loaded active active    Basic System
  cloud-config.target                                                                                                                           loaded active active    Cloud-config availability
  cloud-init.target                                                                                                                             loaded active active    Cloud-init target
  cryptsetup.target                                                                                                                             loaded active active    Local Encrypted Volumes
  first-boot-complete.target                                                                                                                    loaded active active    First Boot Complete
  getty-pre.target                                                                                                                              loaded active active    Preparation for Logins
  getty.target                                                                                                                                  loaded active active    Login Prompts
  graphical.target                                                                                                                              loaded active active    Graphical Interface
  integritysetup.target                                                                                                                         loaded active active    Local Integrity Protected Volumes
  local-fs-pre.target                                                                                                                           loaded active active    Preparation for Local File Systems
  local-fs.target                                                                                                                               loaded active active    Local File Systems
  multi-user.target                                                                                                                             loaded active active    Multi-User System
  network-online.target                                                                                                                         loaded active active    Network is Online
  network-pre.target                                                                                                                            loaded active active    Preparation for Network
  network.target                                                                                                                                loaded active active    Network
  nss-lookup.target                                                                                                                             loaded active active    Host and Network Name Lookups
  paths.target                                                                                                                                  loaded active active    Path Units
  remote-fs-pre.target                                                                                                                          loaded active active    Preparation for Remote File Systems
  remote-fs.target                                                                                                                              loaded active active    Remote File Systems
  slices.target                                                                                                                                 loaded active active    Slice Units
  snapd.mounts-pre.target                                                                                                                       loaded active active    Mounting snaps
  snapd.mounts.target                                                                                                                           loaded active active    Mounted snaps
  sockets.target                                                                                                                                loaded active active    Socket Units
  swap.target                                                                                                                                   loaded active active    Swaps
  sysinit.target                                                                                                                                loaded active active    System Initialization
  time-set.target                                                                                                                               loaded active active    System Time Set
  timers.target                                                                                                                                 loaded active active    Timer Units
  veritysetup.target                                                                                                                            loaded active active    Local Verity Protected Volumes
  apt-daily-upgrade.timer                                                                                                                       loaded active waiting   Daily apt upgrade and clean activities
  apt-daily.timer                                                                                                                               loaded active waiting   Daily apt download activities
  dpkg-db-backup.timer                                                                                                                          loaded active waiting   Daily dpkg database backup timer
  e2scrub_all.timer                                                                                                                             loaded active waiting   Periodic ext4 Online Metadata Check for All Filesystems
  fstrim.timer                                                                                                                                  loaded active waiting   Discard unused filesystem blocks once a week
  fwupd-refresh.timer                                                                                                                           loaded active waiting   Refresh fwupd metadata regularly
  logrotate.timer                                                                                                                               loaded active waiting   Daily rotation of log files
  man-db.timer                                                                                                                                  loaded active waiting   Daily man-db regeneration
  motd-news.timer                                                                                                                               loaded active waiting   Message of the Day
  sysstat-collect.timer                                                                                                                         loaded active waiting   Run system activity accounting tool every 10 minutes
  sysstat-summary.timer                                                                                                                         loaded active waiting   Generate summary of yesterday's process accounting
  systemd-tmpfiles-clean.timer                                                                                                                  loaded active waiting   Daily Cleanup of Temporary Directories
  update-notifier-download.timer                                                                                                                loaded active waiting   Download data for packages that failed at package install time
  update-notifier-motd.timer                                                                                                                    loaded active waiting   Check to see whether there is a new version of Ubuntu available

Legend: LOAD    Reflects whether the unit definition was properly loaded.
        ACTIVE  The high-level unit activation state, i.e. generalization of SUB.
        SUB     The low-level unit activation state, values depend on unit type.

297 loaded units listed. Pass --all to see loaded but inactive units, too.
To show all installed unit files use 'systemctl list-unit-files'.
Client: Docker Engine - Community
 Version:           29.1.3
 API version:       1.52
 Go version:        go1.25.5
 Git commit:        f52814d
 Built:             Fri Dec 12 14:49:32 2025
 OS/Arch:           linux/amd64
 Context:           default

Server: Docker Engine - Community
 Engine:
  Version:          29.1.3
  API version:      1.52 (minimum version 1.44)
  Go version:       go1.25.5
  Git commit:       fbf3ed2
  Built:            Fri Dec 12 14:49:32 2025
  OS/Arch:          linux/amd64
  Experimental:     false
 containerd:
  Version:          v2.2.1
  GitCommit:        dea7da592f5d1d2b7755e3a161be07f43fad8f75
 runc:
  Version:          1.3.4
  GitCommit:        v1.3.4-0-gd6d73eb8
 docker-init:
  Version:          0.19.0
  GitCommit:        de40ad0

================================================================================

To run Docker as a non-privileged user, consider setting up the
Docker daemon in rootless mode for your user:

    dockerd-rootless-setuptool.sh install

Visit https://docs.docker.com/go/rootless/ to learn about rootless mode.


To run the Docker daemon as a fully privileged service, but granting non-root
users access, refer to https://docs.docker.com/go/daemon-access/

WARNING: Access to the remote API on a privileged Docker daemon is equivalent
         to root access on the host. Refer to the 'Docker daemon attack surface'
         documentation for details: https://docs.docker.com/go/attack-surface/

================================================================================

Reading package lists...
Building dependency tree...
Reading state information...
containerd.io is already the newest version (2.2.1-1~ubuntu.24.04~noble).
docker-ce is already the newest version (5:29.1.3-1~ubuntu.24.04~noble).
docker-ce-cli is already the newest version (5:29.1.3-1~ubuntu.24.04~noble).
docker-compose-plugin is already the newest version (5.0.1-1~ubuntu.24.04~noble).
0 upgraded, 0 newly installed, 0 to remove and 0 not upgraded.

(unknown) [exit 0]

[2026-01-05T03:20:01Z] (unknown) $ bash -lc 'command -v cephadm || echo MISSING'
(unknown) [stdout]
MISSING

(unknown) [exit 0]

[2026-01-05T03:20:02Z] (unknown) $ sudo -S bash -lc 'curl -fsSL -o /usr/local/bin/cephadm https://github.com/ceph/ceph/raw/quincy/src/cephadm/cephadm && chmod 755 /usr/local/bin/cephadm'
(unknown) [exit 0]

[2026-01-05T03:20:02Z] (unknown) $ sudo -S bash -lc 'cephadm version'
(unknown) [stdout]
ceph version 17.2.8 (f817ceb7f187defb1d021d6328fa833eb8e943b3) quincy (stable)

(unknown) [exit 0]

[2026-01-05T03:20:41Z] (unknown) $ sudo -S bash -lc '(podman pull quay.io/ceph/ceph:v17.2.6 || docker pull quay.io/ceph/ceph:v17.2.6) || true'
(unknown) [stderr] bash: line 1: podman: command not found
(unknown) [stdout] v17.2.6: Pulling from ceph/ceph
(unknown) [stdout] 67aa808521d2: Pulling fs layer
9e40b4fa7f36: Pulling fs layer
(unknown) [stdout] 67aa808521d2: Download complete
(unknown) [stdout] 67aa808521d2: Pull complete
(unknown) [stdout] 9e40b4fa7f36: Download complete
(unknown) [stdout] 9e40b4fa7f36: Pull complete
Digest: sha256:e40c19cd70e047d14d70f5ec3cf501da081395a670cd59ca881ff56119660c8f
Status: Downloaded newer image for quay.io/ceph/ceph:v17.2.6
quay.io/ceph/ceph:v17.2.6
(unknown) [exit 0]

[2026-01-05T03:21:15Z] (unknown) $ bash -lc 'sudo cephadm shell -- ceph status >/dev/null 2>&1 || test -f /etc/ceph/ceph.conf'
(unknown) [exit 1]

[2026-01-05T03:21:17Z] (unknown) $ sudo -S bash -lc 'cephadm --image quay.io/ceph/ceph:v17.2.6 bootstrap --mon-ip 192.168.111.20 --initial-dashboard-user admin --initial-dashboard-password admin --skip-monitoring-stack --allow-overwrite'
(unknown) [stdout] Creating directory /etc/ceph for ceph.conf
Verifying podman|docker is present...
Verifying lvm2 is present...
Verifying time synchronization is in place...
(unknown) [stdout] Unit systemd-timesyncd.service is enabled and running
Repeating the final host check...
docker (/usr/bin/docker) is present
systemctl is present
lvcreate is present
Unit systemd-timesyncd.service is enabled and running
Host looks OK
Cluster fsid: 99a84daf-e9e5-11f0-936e-00ddb4d7b5c6
(unknown) [stderr] ERROR: hostname is a fully qualified domain name (auto-openstack-infra-2r5vs.net.daalu.io); either fix (e.g., "sudo hostname auto-openstack-infra-2r5vs" or similar) or pass --allow-fqdn-hostname
(unknown) [exit 1]
