# Ceph deployment log started 20260105T033040Z UTC


[2026-01-05T03:30:40Z] (unknown) $ sudo -S bash -lc 'command -v docker || command -v podman'
(unknown) [stdout]
/usr/bin/docker

(unknown) [exit 0]

[2026-01-05T03:30:41Z] (unknown) $ bash -lc 'command -v cephadm || echo MISSING'
(unknown) [stdout]
/usr/local/bin/cephadm

(unknown) [exit 0]

[2026-01-05T03:30:41Z] (unknown) $ sudo -S bash -lc '(podman pull quay.io/ceph/ceph:v17.2.6 || docker pull quay.io/ceph/ceph:v17.2.6) || true'
(unknown) [stderr] bash: line 1: podman: command not found
(unknown) [stdout] v17.2.6: Pulling from ceph/ceph
(unknown) [stdout]
Digest: sha256:e40c19cd70e047d14d70f5ec3cf501da081395a670cd59ca881ff56119660c8f
Status: Image is up to date for quay.io/ceph/ceph:v17.2.6
quay.io/ceph/ceph:v17.2.6

(unknown) [exit 0]

[2026-01-05T03:30:41Z] (unknown) $ bash -lc 'sudo cephadm shell -- ceph status >/dev/null 2>&1 || test -f /etc/ceph/ceph.conf'
(unknown) [exit 1]

[2026-01-05T03:30:43Z] (unknown) $ sudo -S bash -lc 'cephadm --image quay.io/ceph/ceph:v17.2.6 bootstrap --mon-ip 192.168.111.20 --initial-dashboard-user admin --initial-dashboard-password admin --skip-monitoring-stack --allow-overwrite'
(unknown) [stdout] Verifying podman|docker is present...
Verifying lvm2 is present...
Verifying time synchronization is in place...
(unknown) [stdout] Unit systemd-timesyncd.service is enabled and running
Repeating the final host check...
docker (/usr/bin/docker) is present
systemctl is present
lvcreate is present
Unit systemd-timesyncd.service is enabled and running
Host looks OK
Cluster fsid: eaf28af1-e9e6-11f0-a1e6-00ddb4d7b5c6
Verifying IP 192.168.111.20 port 3300 ...
Verifying IP 192.168.111.20 port 6789 ...
Mon IP `192.168.111.20` is in CIDR network `192.168.111.0/24`
Mon IP `192.168.111.20` is in CIDR network `192.168.111.0/24`
Internal network (--cluster-network) has not been provided, OSD replication will default to the public_network
Pulling container image quay.io/ceph/ceph:v17.2.6...
(unknown) [stdout] Ceph version: ceph version 17.2.6 (d7ff0d10654d2280e08f1ab989c7cdf3064446a5) quincy (stable)
Extracting ceph user uid/gid from container image...
(unknown) [stdout] Creating initial keys...
(unknown) [stdout] Creating initial monmap...
(unknown) [stdout] Creating mon...
(unknown) [stdout] Waiting for mon to start...
Waiting for mon...
(unknown) [stdout] mon is available
Assimilating anything we can from ceph.conf...
(unknown) [stdout] Generating new minimal ceph.conf...
(unknown) [stdout] Restarting the monitor...
(unknown) [stdout] Setting public_network to 192.168.111.0/24 in mon config section
(unknown) [stdout] Wrote config to /etc/ceph/ceph.conf
Wrote keyring to /etc/ceph/ceph.client.admin.keyring
Creating mgr...
Verifying port 0.0.0.0:9283 ...
Verifying port 0.0.0.0:8765 ...
(unknown) [stdout] Waiting for mgr to start...
Waiting for mgr...
(unknown) [stdout] mgr not available, waiting (1/15)...
(unknown) [stdout] mgr not available, waiting (2/15)...
(unknown) [stdout] mgr not available, waiting (3/15)...
(unknown) [stdout] mgr not available, waiting (4/15)...
(unknown) [stdout] mgr is available
Enabling cephadm module...
(unknown) [stdout] Waiting for the mgr to restart...
Waiting for mgr epoch 5...
(unknown) [stdout] mgr epoch 5 is available
Setting orchestrator backend to cephadm...
(unknown) [stdout] Generating ssh key...
(unknown) [stdout] Wrote public SSH key to /etc/ceph/ceph.pub
Adding key to root@localhost authorized_keys...
Adding host auto-openstack-infra-2r5vs...
(unknown) [stdout] Deploying mon service with default placement...
(unknown) [stdout] Deploying mgr service with default placement...
(unknown) [stdout] Deploying crash service with default placement...
(unknown) [stdout] Enabling the dashboard module...
(unknown) [stdout] Waiting for the mgr to restart...
Waiting for mgr epoch 9...
