# Ceph deployment log started 20260105T065443Z UTC


[2026-01-05T06:54:43Z] (unknown) $ sudo -S bash -lc 'command -v docker || command -v podman'
(unknown) [stdout]
/usr/bin/docker

(unknown) [exit 0]

[2026-01-05T06:54:44Z] (unknown) $ bash -lc 'command -v cephadm || echo MISSING'
(unknown) [stdout]
/usr/local/bin/cephadm

(unknown) [exit 0]

[2026-01-05T06:54:45Z] (unknown) $ sudo -S bash -lc '(podman pull quay.io/ceph/ceph:v17.2.6 || docker pull quay.io/ceph/ceph:v17.2.6) || true'
(unknown) [stderr] bash: line 1: podman: command not found
(unknown) [stdout]
v17.2.6: Pulling from ceph/ceph
Digest: sha256:e40c19cd70e047d14d70f5ec3cf501da081395a670cd59ca881ff56119660c8f
Status: Image is up to date for quay.io/ceph/ceph:v17.2.6
quay.io/ceph/ceph:v17.2.6

(unknown) [exit 0]

[2026-01-05T06:54:45Z] (unknown) $ bash -lc 'sudo cephadm shell -- ceph status >/dev/null 2>&1 || test -f /etc/ceph/ceph.conf'
(unknown) [exit 0]
[2026-01-05T06:54:59Z] [cephadm] Detected existing Ceph cluster on auto-openstack-infra-2r5vs (192.168.111.20); skipping bootstrap.

[2026-01-05T06:54:59Z] (unknown) $ sudo -S bash -lc 'cat /etc/ceph/ceph.pub'
(unknown) [stdout]
ssh-rsa AAAAB3NzaC1yc2EAAAADAQABAAABgQDKx+rbnRTINBF25pPM96VaxiGZ0dvjBWIEwTYxEpsJIAm3owgQuccPUPUk4cC1pc2DTx6P+4lSaQ067ar/aMneBHL3A2DBiEKvESb3l4KJ8FAEVvT9Jt5f0YrOmo+OIJkkAgzieFMO/DHX/HDB+nZ21p1q0aVcnmHWjrPBohivmME1QRtI/cJ+VqTVFEZUonuzA1FJfwU/zJIry4ptpnvwgV6mjwVD1avd/iLk4B085Fxn4Y4od7jyvaKPPIamrcDni0IKnPU/C4WTg9SRmDnXIOxyoDFZi4wVqCyw2CYL0gf79TQjxj2bEq/qdkmejxsm4ry4T/IRTp4C4CdDJ5J/KgxR/eWH7lxueCR+pgP5RIdUraDSrk/5E2GTjriGytcKKq5UxmDRqT4KqTjcLlj/47JjoEkwbjtavatuE6XMkMRzTySK5eI8B+ub5bPY4JRrGVfox7tnFuUPMLgRrJWq62cpm8UqTcj6RecFAvmUCKPxPyuraBjiS36wUiWWi2s= ceph-eaf28af1-e9e6-11f0-a1e6-00ddb4d7b5c6

(unknown) [exit 0]

[2026-01-05T06:54:59Z] (unknown) $ sudo -S bash -lc 'mkdir -p /root/.ssh && echo "ssh-rsa AAAAB3NzaC1yc2EAAAADAQABAAABgQDKx+rbnRTINBF25pPM96VaxiGZ0dvjBWIEwTYxEpsJIAm3owgQuccPUPUk4cC1pc2DTx6P+4lSaQ067ar/aMneBHL3A2DBiEKvESb3l4KJ8FAEVvT9Jt5f0YrOmo+OIJkkAgzieFMO/DHX/HDB+nZ21p1q0aVcnmHWjrPBohivmME1QRtI/cJ+VqTVFEZUonuzA1FJfwU/zJIry4ptpnvwgV6mjwVD1avd/iLk4B085Fxn4Y4od7jyvaKPPIamrcDni0IKnPU/C4WTg9SRmDnXIOxyoDFZi4wVqCyw2CYL0gf79TQjxj2bEq/qdkmejxsm4ry4T/IRTp4C4CdDJ5J/KgxR/eWH7lxueCR+pgP5RIdUraDSrk/5E2GTjriGytcKKq5UxmDRqT4KqTjcLlj/47JjoEkwbjtavatuE6XMkMRzTySK5eI8B+ub5bPY4JRrGVfox7tnFuUPMLgRrJWq62cpm8UqTcj6RecFAvmUCKPxPyuraBjiS36wUiWWi2s= ceph-eaf28af1-e9e6-11f0-a1e6-00ddb4d7b5c6" >> /root/.ssh/authorized_keys'
(unknown) [exit 0]

[2026-01-05T06:55:01Z] (unknown) $ sudo -S bash -lc 'mkdir -p /root/.ssh && echo "ssh-rsa AAAAB3NzaC1yc2EAAAADAQABAAABgQDKx+rbnRTINBF25pPM96VaxiGZ0dvjBWIEwTYxEpsJIAm3owgQuccPUPUk4cC1pc2DTx6P+4lSaQ067ar/aMneBHL3A2DBiEKvESb3l4KJ8FAEVvT9Jt5f0YrOmo+OIJkkAgzieFMO/DHX/HDB+nZ21p1q0aVcnmHWjrPBohivmME1QRtI/cJ+VqTVFEZUonuzA1FJfwU/zJIry4ptpnvwgV6mjwVD1avd/iLk4B085Fxn4Y4od7jyvaKPPIamrcDni0IKnPU/C4WTg9SRmDnXIOxyoDFZi4wVqCyw2CYL0gf79TQjxj2bEq/qdkmejxsm4ry4T/IRTp4C4CdDJ5J/KgxR/eWH7lxueCR+pgP5RIdUraDSrk/5E2GTjriGytcKKq5UxmDRqT4KqTjcLlj/47JjoEkwbjtavatuE6XMkMRzTySK5eI8B+ub5bPY4JRrGVfox7tnFuUPMLgRrJWq62cpm8UqTcj6RecFAvmUCKPxPyuraBjiS36wUiWWi2s= ceph-eaf28af1-e9e6-11f0-a1e6-00ddb4d7b5c6" >> /root/.ssh/authorized_keys'
(unknown) [exit 0]

[2026-01-05T06:55:02Z] (unknown) $ sudo -S bash -lc 'mkdir -p /root/.ssh && echo "ssh-rsa AAAAB3NzaC1yc2EAAAADAQABAAABgQDKx+rbnRTINBF25pPM96VaxiGZ0dvjBWIEwTYxEpsJIAm3owgQuccPUPUk4cC1pc2DTx6P+4lSaQ067ar/aMneBHL3A2DBiEKvESb3l4KJ8FAEVvT9Jt5f0YrOmo+OIJkkAgzieFMO/DHX/HDB+nZ21p1q0aVcnmHWjrPBohivmME1QRtI/cJ+VqTVFEZUonuzA1FJfwU/zJIry4ptpnvwgV6mjwVD1avd/iLk4B085Fxn4Y4od7jyvaKPPIamrcDni0IKnPU/C4WTg9SRmDnXIOxyoDFZi4wVqCyw2CYL0gf79TQjxj2bEq/qdkmejxsm4ry4T/IRTp4C4CdDJ5J/KgxR/eWH7lxueCR+pgP5RIdUraDSrk/5E2GTjriGytcKKq5UxmDRqT4KqTjcLlj/47JjoEkwbjtavatuE6XMkMRzTySK5eI8B+ub5bPY4JRrGVfox7tnFuUPMLgRrJWq62cpm8UqTcj6RecFAvmUCKPxPyuraBjiS36wUiWWi2s= ceph-eaf28af1-e9e6-11f0-a1e6-00ddb4d7b5c6" >> /root/.ssh/authorized_keys'
(unknown) [exit 0]

[2026-01-05T06:55:04Z] (unknown) $ sudo -S bash -lc 'mkdir -p /root/.ssh && echo "ssh-rsa AAAAB3NzaC1yc2EAAAADAQABAAABgQDKx+rbnRTINBF25pPM96VaxiGZ0dvjBWIEwTYxEpsJIAm3owgQuccPUPUk4cC1pc2DTx6P+4lSaQ067ar/aMneBHL3A2DBiEKvESb3l4KJ8FAEVvT9Jt5f0YrOmo+OIJkkAgzieFMO/DHX/HDB+nZ21p1q0aVcnmHWjrPBohivmME1QRtI/cJ+VqTVFEZUonuzA1FJfwU/zJIry4ptpnvwgV6mjwVD1avd/iLk4B085Fxn4Y4od7jyvaKPPIamrcDni0IKnPU/C4WTg9SRmDnXIOxyoDFZi4wVqCyw2CYL0gf79TQjxj2bEq/qdkmejxsm4ry4T/IRTp4C4CdDJ5J/KgxR/eWH7lxueCR+pgP5RIdUraDSrk/5E2GTjriGytcKKq5UxmDRqT4KqTjcLlj/47JjoEkwbjtavatuE6XMkMRzTySK5eI8B+ub5bPY4JRrGVfox7tnFuUPMLgRrJWq62cpm8UqTcj6RecFAvmUCKPxPyuraBjiS36wUiWWi2s= ceph-eaf28af1-e9e6-11f0-a1e6-00ddb4d7b5c6" >> /root/.ssh/authorized_keys'
(unknown) [exit 0]

[2026-01-05T06:55:04Z] (unknown) $ sudo -S bash -lc 'mkdir -p /root/.ssh && echo "ssh-rsa AAAAB3NzaC1yc2EAAAADAQABAAABgQDKx+rbnRTINBF25pPM96VaxiGZ0dvjBWIEwTYxEpsJIAm3owgQuccPUPUk4cC1pc2DTx6P+4lSaQ067ar/aMneBHL3A2DBiEKvESb3l4KJ8FAEVvT9Jt5f0YrOmo+OIJkkAgzieFMO/DHX/HDB+nZ21p1q0aVcnmHWjrPBohivmME1QRtI/cJ+VqTVFEZUonuzA1FJfwU/zJIry4ptpnvwgV6mjwVD1avd/iLk4B085Fxn4Y4od7jyvaKPPIamrcDni0IKnPU/C4WTg9SRmDnXIOxyoDFZi4wVqCyw2CYL0gf79TQjxj2bEq/qdkmejxsm4ry4T/IRTp4C4CdDJ5J/KgxR/eWH7lxueCR+pgP5RIdUraDSrk/5E2GTjriGytcKKq5UxmDRqT4KqTjcLlj/47JjoEkwbjtavatuE6XMkMRzTySK5eI8B+ub5bPY4JRrGVfox7tnFuUPMLgRrJWq62cpm8UqTcj6RecFAvmUCKPxPyuraBjiS36wUiWWi2s= ceph-eaf28af1-e9e6-11f0-a1e6-00ddb4d7b5c6" >> /root/.ssh/authorized_keys'
(unknown) [exit 0]

[2026-01-05T06:55:05Z] (unknown) $ sudo -S bash -lc 'cephadm shell -- ceph config set global container_image quay.io/ceph/ceph:v17.2.6'
(unknown) [stderr] Inferring fsid eaf28af1-e9e6-11f0-a1e6-00ddb4d7b5c6
(unknown) [stderr] Inferring config /var/lib/ceph/eaf28af1-e9e6-11f0-a1e6-00ddb4d7b5c6/mon.auto-openstack-infra-2r5vs/config
(unknown) [stderr] Using ceph image with id 'e40c19cd70e0' and tag 'v17.2.6' created on 2023-10-27 02:15:04 +0000 UTC
quay.io/ceph/ceph@sha256:e40c19cd70e047d14d70f5ec3cf501da081395a670cd59ca881ff56119660c8f
(unknown) [stderr]
Traceback (most recent call last):
  File "/usr/local/bin/cephadm", line 9930, in <module>
    main()
  File "/usr/local/bin/cephadm", line 9918, in main
    r = ctx.func(ctx)
        ^^^^^^^^^^^^^
  File "/usr/local/bin/cephadm", line 2196, in _infer_config
    return func(ctx)
           ^^^^^^^^^
  File "/usr/local/bin/cephadm", line 2141, in _infer_fsid
    return func(ctx)
           ^^^^^^^^^
  File "/usr/local/bin/cephadm", line 2196, in _infer_config
    return func(ctx)
           ^^^^^^^^^
  File "/usr/local/bin/cephadm", line 2224, in _infer_image
    return func(ctx)
           ^^^^^^^^^
  File "/usr/local/bin/cephadm", line 2099, in _validate_fsid
    return func(ctx)
           ^^^^^^^^^
  File "/usr/local/bin/cephadm", line 6334, in command_shell
    mounts = get_container_mounts(ctx, ctx.fsid, daemon_type, daemon_id,
             ^^^^^^^^^^^^^^^^^^^^^^^^^^^^^^^^^^^^^^^^^^^^^^^^^^^^^^^^^^^
  File "/usr/local/bin/cephadm", line 3055, in get_container_mounts
    if HostFacts(ctx).selinux_enabled:
       ^^^^^^^^^^^^^^^^^^^^^^^^^^^^^^
  File "/usr/local/bin/cephadm", line 8971, in selinux_enabled
    return (self.kernel_security['type'] == 'SELinux') and \
            ^^^^^^^^^^^^^^^^^^^^
  File "/usr/local/bin/cephadm", line 8954, in kernel_security
    ret = _fetch_apparmor()
          ^^^^^^^^^^^^^^^^^
  File "/usr/local/bin/cephadm", line 8935, in _fetch_apparmor
    item, mode = line.split(' ')
    ^^^^^^^^^^
ValueError: too many values to unpack (expected 2)

(unknown) [exit 1]
[2026-01-05T06:55:19Z] [cephadm] Validating container engine on auto-openstack-infra-gnqvk (192.168.111.25)...

[2026-01-05T06:55:19Z] (unknown) $ sudo -S bash -lc 'command -v docker || command -v podman'
(unknown) [stdout]
/usr/bin/docker

(unknown) [exit 0]
[2026-01-05T06:55:20Z] [cephadm] Container engine already present on auto-openstack-infra-gnqvk.
[2026-01-05T06:55:20Z] [cephadm] Adding host auto-openstack-infra-gnqvk (192.168.111.25) to cluster...

[2026-01-05T06:55:20Z] (unknown) $ sudo -S bash -lc 'cephadm shell -- ceph orch host add auto-openstack-infra-gnqvk 192.168.111.25'
(unknown) [stderr] Inferring fsid eaf28af1-e9e6-11f0-a1e6-00ddb4d7b5c6
(unknown) [stderr] Inferring config /var/lib/ceph/eaf28af1-e9e6-11f0-a1e6-00ddb4d7b5c6/mon.auto-openstack-infra-2r5vs/config
(unknown) [stderr] Using ceph image with id 'e40c19cd70e0' and tag 'v17.2.6' created on 2023-10-27 02:15:04 +0000 UTC
quay.io/ceph/ceph@sha256:e40c19cd70e047d14d70f5ec3cf501da081395a670cd59ca881ff56119660c8f
(unknown) [stderr]
Traceback (most recent call last):
  File "/usr/local/bin/cephadm", line 9930, in <module>
    main()
  File "/usr/local/bin/cephadm", line 9918, in main
    r = ctx.func(ctx)
        ^^^^^^^^^^^^^
  File "/usr/local/bin/cephadm", line 2196, in _infer_config
    return func(ctx)
           ^^^^^^^^^
  File "/usr/local/bin/cephadm", line 2141, in _infer_fsid
    return func(ctx)
           ^^^^^^^^^
  File "/usr/local/bin/cephadm", line 2196, in _infer_config
    return func(ctx)
           ^^^^^^^^^
  File "/usr/local/bin/cephadm", line 2224, in _infer_image
    return func(ctx)
           ^^^^^^^^^
  File "/usr/local/bin/cephadm", line 2099, in _validate_fsid
    return func(ctx)
           ^^^^^^^^^
  File "/usr/local/bin/cephadm", line 6334, in command_shell
    mounts = get_container_mounts(ctx, ctx.fsid, daemon_type, daemon_id,
             ^^^^^^^^^^^^^^^^^^^^^^^^^^^^^^^^^^^^^^^^^^^^^^^^^^^^^^^^^^^
  File "/usr/local/bin/cephadm", line 3055, in get_container_mounts
    if HostFacts(ctx).selinux_enabled:
       ^^^^^^^^^^^^^^^^^^^^^^^^^^^^^^
  File "/usr/local/bin/cephadm", line 8971, in selinux_enabled
    return (self.kernel_security['type'] == 'SELinux') and \
            ^^^^^^^^^^^^^^^^^^^^
  File "/usr/local/bin/cephadm", line 8954, in kernel_security
    ret = _fetch_apparmor()
          ^^^^^^^^^^^^^^^^^
  File "/usr/local/bin/cephadm", line 8935, in _fetch_apparmor
    item, mode = line.split(' ')
    ^^^^^^^^^^
ValueError: too many values to unpack (expected 2)

(unknown) [exit 1]
[2026-01-05T06:55:33Z] [cephadm] Host add failed for auto-openstack-infra-gnqvk: Inferring fsid eaf28af1-e9e6-11f0-a1e6-00ddb4d7b5c6
Inferring config /var/lib/ceph/eaf28af1-e9e6-11f0-a1e6-00ddb4d7b5c6/mon.auto-openstack-infra-2r5vs/config
Using ceph image with id 'e40c19cd70e0' and tag 'v17.2.6' created on 2023-10-27 02:15:04 +0000 UTC
quay.io/ceph/ceph@sha256:e40c19cd70e047d14d70f5ec3cf501da081395a670cd59ca881ff56119660c8f
Traceback (most recent call last):
  File "/usr/local/bin/cephadm", line 9930, in <module>
    main()
  File "/usr/local/bin/cephadm", line 9918, in main
    r = ctx.func(ctx)
        ^^^^^^^^^^^^^
  File "/usr/local/bin/cephadm", line 2196, in _infer_config
    return func(ctx)
           ^^^^^^^^^
  File "/usr/local/bin/cephadm", line 2141, in _infer_fsid
    return func(ctx)
           ^^^^^^^^^
  File "/usr/local/bin/cephadm", line 2196, in _infer_config
    return func(ctx)
           ^^^^^^^^^
  File "/usr/local/bin/cephadm", line 2224, in _infer_image
    return func(ctx)
           ^^^^^^^^^
  File "/usr/local/bin/cephadm", line 2099, in _validate_fsid
    return func(ctx)
           ^^^^^^^^^
  File "/usr/local/bin/cephadm", line 6334, in command_shell
    mounts = get_container_mounts(ctx, ctx.fsid, daemon_type, daemon_id,
             ^^^^^^^^^^^^^^^^^^^^^^^^^^^^^^^^^^^^^^^^^^^^^^^^^^^^^^^^^^^
  File "/usr/local/bin/cephadm", line 3055, in get_container_mounts
    if HostFacts(ctx).selinux_enabled:
       ^^^^^^^^^^^^^^^^^^^^^^^^^^^^^^
  File "/usr/local/bin/cephadm", line 8971, in selinux_enabled
    return (self.kernel_security['type'] == 'SELinux') and \
            ^^^^^^^^^^^^^^^^^^^^
  File "/usr/local/bin/cephadm", line 8954, in kernel_security
    ret = _fetch_apparmor()
          ^^^^^^^^^^^^^^^^^
  File "/usr/local/bin/cephadm", line 8935, in _fetch_apparmor
    item, mode = line.split(' ')
    ^^^^^^^^^^
ValueError: too many values to unpack (expected 2)

[2026-01-05T06:55:33Z] [cephadm] Validating container engine on auto-openstack-infra-j9srx (192.168.111.24)...

[2026-01-05T06:55:33Z] (unknown) $ sudo -S bash -lc 'command -v docker || command -v podman'
(unknown) [stdout]
/usr/bin/docker

(unknown) [exit 0]
[2026-01-05T06:55:34Z] [cephadm] Container engine already present on auto-openstack-infra-j9srx.
[2026-01-05T06:55:34Z] [cephadm] Adding host auto-openstack-infra-j9srx (192.168.111.24) to cluster...

[2026-01-05T06:55:34Z] (unknown) $ sudo -S bash -lc 'cephadm shell -- ceph orch host add auto-openstack-infra-j9srx 192.168.111.24'
(unknown) [stderr] Inferring fsid eaf28af1-e9e6-11f0-a1e6-00ddb4d7b5c6
(unknown) [stderr] Inferring config /var/lib/ceph/eaf28af1-e9e6-11f0-a1e6-00ddb4d7b5c6/mon.auto-openstack-infra-2r5vs/config
(unknown) [stderr] Using ceph image with id 'e40c19cd70e0' and tag 'v17.2.6' created on 2023-10-27 02:15:04 +0000 UTC
quay.io/ceph/ceph@sha256:e40c19cd70e047d14d70f5ec3cf501da081395a670cd59ca881ff56119660c8f
(unknown) [stderr] Traceback (most recent call last):
  File "/usr/local/bin/cephadm", line 9930, in <module>
    main()
  File "/usr/local/bin/cephadm", line 9918, in main
(unknown) [stderr]
    r = ctx.func(ctx)
        ^^^^^^^^^^^^^
  File "/usr/local/bin/cephadm", line 2196, in _infer_config
    return func(ctx)
           ^^^^^^^^^
  File "/usr/local/bin/cephadm", line 2141, in _infer_fsid
    return func(ctx)
           ^^^^^^^^^
  File "/usr/local/bin/cephadm", line 2196, in _infer_config
    return func(ctx)
           ^^^^^^^^^
  File "/usr/local/bin/cephadm", line 2224, in _infer_image
    return func(ctx)
           ^^^^^^^^^
  File "/usr/local/bin/cephadm", line 2099, in _validate_fsid
    return func(ctx)
           ^^^^^^^^^
  File "/usr/local/bin/cephadm", line 6334, in command_shell
    mounts = get_container_mounts(ctx, ctx.fsid, daemon_type, daemon_id,
             ^^^^^^^^^^^^^^^^^^^^^^^^^^^^^^^^^^^^^^^^^^^^^^^^^^^^^^^^^^^
  File "/usr/local/bin/cephadm", line 3055, in get_container_mounts
    if HostFacts(ctx).selinux_enabled:
       ^^^^^^^^^^^^^^^^^^^^^^^^^^^^^^
  File "/usr/local/bin/cephadm", line 8971, in selinux_enabled
    return (self.kernel_security['type'] == 'SELinux') and \
            ^^^^^^^^^^^^^^^^^^^^
  File "/usr/local/bin/cephadm", line 8954, in kernel_security
    ret = _fetch_apparmor()
          ^^^^^^^^^^^^^^^^^
  File "/usr/local/bin/cephadm", line 8935, in _fetch_apparmor
    item, mode = line.split(' ')
    ^^^^^^^^^^
ValueError: too many values to unpack (expected 2)

(unknown) [exit 1]
[2026-01-05T06:55:47Z] [cephadm] Host add failed for auto-openstack-infra-j9srx: Inferring fsid eaf28af1-e9e6-11f0-a1e6-00ddb4d7b5c6
Inferring config /var/lib/ceph/eaf28af1-e9e6-11f0-a1e6-00ddb4d7b5c6/mon.auto-openstack-infra-2r5vs/config
Using ceph image with id 'e40c19cd70e0' and tag 'v17.2.6' created on 2023-10-27 02:15:04 +0000 UTC
quay.io/ceph/ceph@sha256:e40c19cd70e047d14d70f5ec3cf501da081395a670cd59ca881ff56119660c8f
Traceback (most recent call last):
  File "/usr/local/bin/cephadm", line 9930, in <module>
    main()
  File "/usr/local/bin/cephadm", line 9918, in main
    r = ctx.func(ctx)
        ^^^^^^^^^^^^^
  File "/usr/local/bin/cephadm", line 2196, in _infer_config
    return func(ctx)
           ^^^^^^^^^
  File "/usr/local/bin/cephadm", line 2141, in _infer_fsid
    return func(ctx)
           ^^^^^^^^^
  File "/usr/local/bin/cephadm", line 2196, in _infer_config
    return func(ctx)
           ^^^^^^^^^
  File "/usr/local/bin/cephadm", line 2224, in _infer_image
    return func(ctx)
           ^^^^^^^^^
  File "/usr/local/bin/cephadm", line 2099, in _validate_fsid
    return func(ctx)
           ^^^^^^^^^
  File "/usr/local/bin/cephadm", line 6334, in command_shell
    mounts = get_container_mounts(ctx, ctx.fsid, daemon_type, daemon_id,
             ^^^^^^^^^^^^^^^^^^^^^^^^^^^^^^^^^^^^^^^^^^^^^^^^^^^^^^^^^^^
  File "/usr/local/bin/cephadm", line 3055, in get_container_mounts
    if HostFacts(ctx).selinux_enabled:
       ^^^^^^^^^^^^^^^^^^^^^^^^^^^^^^
  File "/usr/local/bin/cephadm", line 8971, in selinux_enabled
    return (self.kernel_security['type'] == 'SELinux') and \
            ^^^^^^^^^^^^^^^^^^^^
  File "/usr/local/bin/cephadm", line 8954, in kernel_security
    ret = _fetch_apparmor()
          ^^^^^^^^^^^^^^^^^
  File "/usr/local/bin/cephadm", line 8935, in _fetch_apparmor
    item, mode = line.split(' ')
    ^^^^^^^^^^
ValueError: too many values to unpack (expected 2)

[2026-01-05T06:55:47Z] [cephadm] Validating container engine on auto-openstack-infra-s626n-6clxc (192.168.111.23)...

[2026-01-05T06:55:48Z] (unknown) $ sudo -S bash -lc 'command -v docker || command -v podman'
(unknown) [stdout]
/usr/bin/docker

(unknown) [exit 0]
[2026-01-05T06:55:48Z] [cephadm] Container engine already present on auto-openstack-infra-s626n-6clxc.
[2026-01-05T06:55:48Z] [cephadm] Adding host auto-openstack-infra-s626n-6clxc (192.168.111.23) to cluster...

[2026-01-05T06:55:48Z] (unknown) $ sudo -S bash -lc 'cephadm shell -- ceph orch host add auto-openstack-infra-s626n-6clxc 192.168.111.23'
(unknown) [stderr] Inferring fsid eaf28af1-e9e6-11f0-a1e6-00ddb4d7b5c6
(unknown) [stderr] Inferring config /var/lib/ceph/eaf28af1-e9e6-11f0-a1e6-00ddb4d7b5c6/mon.auto-openstack-infra-2r5vs/config
(unknown) [stderr] Using ceph image with id 'e40c19cd70e0' and tag 'v17.2.6' created on 2023-10-27 02:15:04 +0000 UTC
quay.io/ceph/ceph@sha256:e40c19cd70e047d14d70f5ec3cf501da081395a670cd59ca881ff56119660c8f
(unknown) [stderr]
Traceback (most recent call last):
  File "/usr/local/bin/cephadm", line 9930, in <module>
    main()
  File "/usr/local/bin/cephadm", line 9918, in main
    r = ctx.func(ctx)
        ^^^^^^^^^^^^^
  File "/usr/local/bin/cephadm", line 2196, in _infer_config
    return func(ctx)
           ^^^^^^^^^
  File "/usr/local/bin/cephadm", line 2141, in _infer_fsid
    return func(ctx)
           ^^^^^^^^^
  File "/usr/local/bin/cephadm", line 2196, in _infer_config
    return func(ctx)
           ^^^^^^^^^
  File "/usr/local/bin/cephadm", line 2224, in _infer_image
    return func(ctx)
           ^^^^^^^^^
  File "/usr/local/bin/cephadm", line 2099, in _validate_fsid
    return func(ctx)
           ^^^^^^^^^
  File "/usr/local/bin/cephadm", line 6334, in command_shell
    mounts = get_container_mounts(ctx, ctx.fsid, daemon_type, daemon_id,
             ^^^^^^^^^^^^^^^^^^^^^^^^^^^^^^^^^^^^^^^^^^^^^^^^^^^^^^^^^^^
  File "/usr/local/bin/cephadm", line 3055, in get_container_mounts
    if HostFacts(ctx).selinux_enabled:
       ^^^^^^^^^^^^^^^^^^^^^^^^^^^^^^
  File "/usr/local/bin/cephadm", line 8971, in selinux_enabled
    return (self.kernel_security['type'] == 'SELinux') and \
            ^^^^^^^^^^^^^^^^^^^^
  File "/usr/local/bin/cephadm", line 8954, in kernel_security
    ret = _fetch_apparmor()
          ^^^^^^^^^^^^^^^^^
  File "/usr/local/bin/cephadm", line 8935, in _fetch_apparmor
    item, mode = line.split(' ')
    ^^^^^^^^^^
ValueError: too many values to unpack (expected 2)

(unknown) [exit 1]
[2026-01-05T06:56:02Z] [cephadm] Host add failed for auto-openstack-infra-s626n-6clxc: Inferring fsid eaf28af1-e9e6-11f0-a1e6-00ddb4d7b5c6
Inferring config /var/lib/ceph/eaf28af1-e9e6-11f0-a1e6-00ddb4d7b5c6/mon.auto-openstack-infra-2r5vs/config
Using ceph image with id 'e40c19cd70e0' and tag 'v17.2.6' created on 2023-10-27 02:15:04 +0000 UTC
quay.io/ceph/ceph@sha256:e40c19cd70e047d14d70f5ec3cf501da081395a670cd59ca881ff56119660c8f
Traceback (most recent call last):
  File "/usr/local/bin/cephadm", line 9930, in <module>
    main()
  File "/usr/local/bin/cephadm", line 9918, in main
    r = ctx.func(ctx)
        ^^^^^^^^^^^^^
  File "/usr/local/bin/cephadm", line 2196, in _infer_config
    return func(ctx)
           ^^^^^^^^^
  File "/usr/local/bin/cephadm", line 2141, in _infer_fsid
    return func(ctx)
           ^^^^^^^^^
  File "/usr/local/bin/cephadm", line 2196, in _infer_config
    return func(ctx)
           ^^^^^^^^^
  File "/usr/local/bin/cephadm", line 2224, in _infer_image
    return func(ctx)
           ^^^^^^^^^
  File "/usr/local/bin/cephadm", line 2099, in _validate_fsid
    return func(ctx)
           ^^^^^^^^^
  File "/usr/local/bin/cephadm", line 6334, in command_shell
    mounts = get_container_mounts(ctx, ctx.fsid, daemon_type, daemon_id,
             ^^^^^^^^^^^^^^^^^^^^^^^^^^^^^^^^^^^^^^^^^^^^^^^^^^^^^^^^^^^
  File "/usr/local/bin/cephadm", line 3055, in get_container_mounts
    if HostFacts(ctx).selinux_enabled:
       ^^^^^^^^^^^^^^^^^^^^^^^^^^^^^^
  File "/usr/local/bin/cephadm", line 8971, in selinux_enabled
    return (self.kernel_security['type'] == 'SELinux') and \
            ^^^^^^^^^^^^^^^^^^^^
  File "/usr/local/bin/cephadm", line 8954, in kernel_security
    ret = _fetch_apparmor()
          ^^^^^^^^^^^^^^^^^
  File "/usr/local/bin/cephadm", line 8935, in _fetch_apparmor
    item, mode = line.split(' ')
    ^^^^^^^^^^
ValueError: too many values to unpack (expected 2)

[2026-01-05T06:56:02Z] [cephadm] Validating container engine on auto-openstack-infra-s626n-n764q (192.168.111.22)...

[2026-01-05T06:56:02Z] (unknown) $ sudo -S bash -lc 'command -v docker || command -v podman'
(unknown) [stdout]
/usr/bin/docker

(unknown) [exit 0]
[2026-01-05T06:56:03Z] [cephadm] Container engine already present on auto-openstack-infra-s626n-n764q.
[2026-01-05T06:56:03Z] [cephadm] Adding host auto-openstack-infra-s626n-n764q (192.168.111.22) to cluster...

[2026-01-05T06:56:03Z] (unknown) $ sudo -S bash -lc 'cephadm shell -- ceph orch host add auto-openstack-infra-s626n-n764q 192.168.111.22'
(unknown) [stderr] Inferring fsid eaf28af1-e9e6-11f0-a1e6-00ddb4d7b5c6
(unknown) [stderr] Inferring config /var/lib/ceph/eaf28af1-e9e6-11f0-a1e6-00ddb4d7b5c6/mon.auto-openstack-infra-2r5vs/config
(unknown) [stderr] Using ceph image with id 'e40c19cd70e0' and tag 'v17.2.6' created on 2023-10-27 02:15:04 +0000 UTC
quay.io/ceph/ceph@sha256:e40c19cd70e047d14d70f5ec3cf501da081395a670cd59ca881ff56119660c8f
(unknown) [stderr]
Traceback (most recent call last):
  File "/usr/local/bin/cephadm", line 9930, in <module>
    main()
  File "/usr/local/bin/cephadm", line 9918, in main
    r = ctx.func(ctx)
        ^^^^^^^^^^^^^
  File "/usr/local/bin/cephadm", line 2196, in _infer_config
    return func(ctx)
           ^^^^^^^^^
  File "/usr/local/bin/cephadm", line 2141, in _infer_fsid
    return func(ctx)
           ^^^^^^^^^
  File "/usr/local/bin/cephadm", line 2196, in _infer_config
    return func(ctx)
           ^^^^^^^^^
  File "/usr/local/bin/cephadm", line 2224, in _infer_image
    return func(ctx)
           ^^^^^^^^^
  File "/usr/local/bin/cephadm", line 2099, in _validate_fsid
    return func(ctx)
           ^^^^^^^^^
  File "/usr/local/bin/cephadm", line 6334, in command_shell
    mounts = get_container_mounts(ctx, ctx.fsid, daemon_type, daemon_id,
             ^^^^^^^^^^^^^^^^^^^^^^^^^^^^^^^^^^^^^^^^^^^^^^^^^^^^^^^^^^^
  File "/usr/local/bin/cephadm", line 3055, in get_container_mounts
    if HostFacts(ctx).selinux_enabled:
       ^^^^^^^^^^^^^^^^^^^^^^^^^^^^^^
  File "/usr/local/bin/cephadm", line 8971, in selinux_enabled
    return (self.kernel_security['type'] == 'SELinux') and \
            ^^^^^^^^^^^^^^^^^^^^
  File "/usr/local/bin/cephadm", line 8954, in kernel_security
    ret = _fetch_apparmor()
          ^^^^^^^^^^^^^^^^^
  File "/usr/local/bin/cephadm", line 8935, in _fetch_apparmor
    item, mode = line.split(' ')
    ^^^^^^^^^^
ValueError: too many values to unpack (expected 2)

(unknown) [exit 1]
[2026-01-05T06:56:16Z] [cephadm] Host add failed for auto-openstack-infra-s626n-n764q: Inferring fsid eaf28af1-e9e6-11f0-a1e6-00ddb4d7b5c6
Inferring config /var/lib/ceph/eaf28af1-e9e6-11f0-a1e6-00ddb4d7b5c6/mon.auto-openstack-infra-2r5vs/config
Using ceph image with id 'e40c19cd70e0' and tag 'v17.2.6' created on 2023-10-27 02:15:04 +0000 UTC
quay.io/ceph/ceph@sha256:e40c19cd70e047d14d70f5ec3cf501da081395a670cd59ca881ff56119660c8f
Traceback (most recent call last):
  File "/usr/local/bin/cephadm", line 9930, in <module>
    main()
  File "/usr/local/bin/cephadm", line 9918, in main
    r = ctx.func(ctx)
        ^^^^^^^^^^^^^
  File "/usr/local/bin/cephadm", line 2196, in _infer_config
    return func(ctx)
           ^^^^^^^^^
  File "/usr/local/bin/cephadm", line 2141, in _infer_fsid
    return func(ctx)
           ^^^^^^^^^
  File "/usr/local/bin/cephadm", line 2196, in _infer_config
    return func(ctx)
           ^^^^^^^^^
  File "/usr/local/bin/cephadm", line 2224, in _infer_image
    return func(ctx)
           ^^^^^^^^^
  File "/usr/local/bin/cephadm", line 2099, in _validate_fsid
    return func(ctx)
           ^^^^^^^^^
  File "/usr/local/bin/cephadm", line 6334, in command_shell
    mounts = get_container_mounts(ctx, ctx.fsid, daemon_type, daemon_id,
             ^^^^^^^^^^^^^^^^^^^^^^^^^^^^^^^^^^^^^^^^^^^^^^^^^^^^^^^^^^^
  File "/usr/local/bin/cephadm", line 3055, in get_container_mounts
    if HostFacts(ctx).selinux_enabled:
       ^^^^^^^^^^^^^^^^^^^^^^^^^^^^^^
  File "/usr/local/bin/cephadm", line 8971, in selinux_enabled
    return (self.kernel_security['type'] == 'SELinux') and \
            ^^^^^^^^^^^^^^^^^^^^
  File "/usr/local/bin/cephadm", line 8954, in kernel_security
    ret = _fetch_apparmor()
          ^^^^^^^^^^^^^^^^^
  File "/usr/local/bin/cephadm", line 8935, in _fetch_apparmor
    item, mode = line.split(' ')
    ^^^^^^^^^^
ValueError: too many values to unpack (expected 2)

[2026-01-05T06:56:16Z] [cephadm] Validating container engine on auto-openstack-infra-s626n-njs96 (192.168.111.21)...

[2026-01-05T06:56:16Z] (unknown) $ sudo -S bash -lc 'command -v docker || command -v podman'
(unknown) [stdout]
/usr/bin/docker

(unknown) [exit 0]
[2026-01-05T06:56:18Z] [cephadm] Container engine already present on auto-openstack-infra-s626n-njs96.
[2026-01-05T06:56:18Z] [cephadm] Adding host auto-openstack-infra-s626n-njs96 (192.168.111.21) to cluster...

[2026-01-05T06:56:18Z] (unknown) $ sudo -S bash -lc 'cephadm shell -- ceph orch host add auto-openstack-infra-s626n-njs96 192.168.111.21'
(unknown) [stderr] Inferring fsid eaf28af1-e9e6-11f0-a1e6-00ddb4d7b5c6
(unknown) [stderr] Inferring config /var/lib/ceph/eaf28af1-e9e6-11f0-a1e6-00ddb4d7b5c6/mon.auto-openstack-infra-2r5vs/config
(unknown) [stderr] Using ceph image with id 'e40c19cd70e0' and tag 'v17.2.6' created on 2023-10-27 02:15:04 +0000 UTC
quay.io/ceph/ceph@sha256:e40c19cd70e047d14d70f5ec3cf501da081395a670cd59ca881ff56119660c8f
(unknown) [stderr] Traceback (most recent call last):
  File "/usr/local/bin/cephadm", line 9930, in <module>
    main()
  File "/usr/local/bin/cephadm", line 9918, in main
    r = ctx.func(ctx)
        ^^^^^^^^^^^^^
  File "/usr/local/bin/cephadm", line 2196, in _infer_config
    return func(ctx)
           ^^^^^^^^^
  File "/usr/local/bin/cephadm", line 2141, in _infer_fsid
    return func(ctx)
           ^^^^^^^^^
  File "/usr/local/bin/cephadm", line 2196, in _infer_config
    return func(ctx)
           ^^^^^^^^^
  File "/usr/local/bin/cephadm", line 2224, in _infer_image
    return func(ctx)
           ^^^^^^^^^
  File "/usr/local/bin/cephadm", line 2099, in _validate_fsid
    return func(ctx)
           ^^^^^^^^^
  File "/usr/local/bin/cephadm", line 6334, in command_shell
    mounts = get_container_mounts(ctx, ctx.fsid, daemon_type, daemon_id,
             ^^^^^^^^^^^^^^^^^^^^^^^^^^^^^^^^^^^^^^^^^^^^^^^^^^^^^^^^^^^
  File "/usr/local/bin/cephadm", line 3055, in get_container_mounts
    if HostFacts(ctx).selinux_enabled:(unknown) [stderr]

       ^^^^^^^^^^^^^^^^^^^^^^^^^^^^^^
  File "/usr/local/bin/cephadm", line 8971, in selinux_enabled
    return (self.kernel_security['type'] == 'SELinux') and \
            ^^^^^^^^^^^^^^^^^^^^
  File "/usr/local/bin/cephadm", line 8954, in kernel_security
    ret = _fetch_apparmor()
          ^^^^^^^^^^^^^^^^^
  File "/usr/local/bin/cephadm", line 8935, in _fetch_apparmor
    item, mode = line.split(' ')
    ^^^^^^^^^^
ValueError: too many values to unpack (expected 2)

(unknown) [exit 1]
[2026-01-05T06:56:31Z] [cephadm] Host add failed for auto-openstack-infra-s626n-njs96: Inferring fsid eaf28af1-e9e6-11f0-a1e6-00ddb4d7b5c6
Inferring config /var/lib/ceph/eaf28af1-e9e6-11f0-a1e6-00ddb4d7b5c6/mon.auto-openstack-infra-2r5vs/config
Using ceph image with id 'e40c19cd70e0' and tag 'v17.2.6' created on 2023-10-27 02:15:04 +0000 UTC
quay.io/ceph/ceph@sha256:e40c19cd70e047d14d70f5ec3cf501da081395a670cd59ca881ff56119660c8f
Traceback (most recent call last):
  File "/usr/local/bin/cephadm", line 9930, in <module>
    main()
  File "/usr/local/bin/cephadm", line 9918, in main
    r = ctx.func(ctx)
        ^^^^^^^^^^^^^
  File "/usr/local/bin/cephadm", line 2196, in _infer_config
    return func(ctx)
           ^^^^^^^^^
  File "/usr/local/bin/cephadm", line 2141, in _infer_fsid
    return func(ctx)
           ^^^^^^^^^
  File "/usr/local/bin/cephadm", line 2196, in _infer_config
    return func(ctx)
           ^^^^^^^^^
  File "/usr/local/bin/cephadm", line 2224, in _infer_image
    return func(ctx)
           ^^^^^^^^^
  File "/usr/local/bin/cephadm", line 2099, in _validate_fsid
    return func(ctx)
           ^^^^^^^^^
  File "/usr/local/bin/cephadm", line 6334, in command_shell
    mounts = get_container_mounts(ctx, ctx.fsid, daemon_type, daemon_id,
             ^^^^^^^^^^^^^^^^^^^^^^^^^^^^^^^^^^^^^^^^^^^^^^^^^^^^^^^^^^^
  File "/usr/local/bin/cephadm", line 3055, in get_container_mounts
    if HostFacts(ctx).selinux_enabled:
       ^^^^^^^^^^^^^^^^^^^^^^^^^^^^^^
  File "/usr/local/bin/cephadm", line 8971, in selinux_enabled
    return (self.kernel_security['type'] == 'SELinux') and \
            ^^^^^^^^^^^^^^^^^^^^
  File "/usr/local/bin/cephadm", line 8954, in kernel_security
    ret = _fetch_apparmor()
          ^^^^^^^^^^^^^^^^^
  File "/usr/local/bin/cephadm", line 8935, in _fetch_apparmor
    item, mode = line.split(' ')
    ^^^^^^^^^^
ValueError: too many values to unpack (expected 2)


[2026-01-05T06:56:31Z] (unknown) $ sudo -S bash -lc 'cephadm shell -- ceph orch apply mon --placement="count:3"'
(unknown) [stderr] Inferring fsid eaf28af1-e9e6-11f0-a1e6-00ddb4d7b5c6
(unknown) [stderr] Inferring config /var/lib/ceph/eaf28af1-e9e6-11f0-a1e6-00ddb4d7b5c6/mon.auto-openstack-infra-2r5vs/config
(unknown) [stderr] Using ceph image with id 'e40c19cd70e0' and tag 'v17.2.6' created on 2023-10-27 02:15:04 +0000 UTC
quay.io/ceph/ceph@sha256:e40c19cd70e047d14d70f5ec3cf501da081395a670cd59ca881ff56119660c8f
(unknown) [stderr]
Traceback (most recent call last):
  File "/usr/local/bin/cephadm", line 9930, in <module>
    main()
  File "/usr/local/bin/cephadm", line 9918, in main
    r = ctx.func(ctx)
        ^^^^^^^^^^^^^
  File "/usr/local/bin/cephadm", line 2196, in _infer_config
    return func(ctx)
           ^^^^^^^^^
  File "/usr/local/bin/cephadm", line 2141, in _infer_fsid
    return func(ctx)
           ^^^^^^^^^
  File "/usr/local/bin/cephadm", line 2196, in _infer_config
    return func(ctx)
           ^^^^^^^^^
  File "/usr/local/bin/cephadm", line 2224, in _infer_image
    return func(ctx)
           ^^^^^^^^^
  File "/usr/local/bin/cephadm", line 2099, in _validate_fsid
    return func(ctx)
           ^^^^^^^^^
  File "/usr/local/bin/cephadm", line 6334, in command_shell
    mounts = get_container_mounts(ctx, ctx.fsid, daemon_type, daemon_id,
             ^^^^^^^^^^^^^^^^^^^^^^^^^^^^^^^^^^^^^^^^^^^^^^^^^^^^^^^^^^^
  File "/usr/local/bin/cephadm", line 3055, in get_container_mounts
    if HostFacts(ctx).selinux_enabled:
       ^^^^^^^^^^^^^^^^^^^^^^^^^^^^^^
  File "/usr/local/bin/cephadm", line 8971, in selinux_enabled
    return (self.kernel_security['type'] == 'SELinux') and \
            ^^^^^^^^^^^^^^^^^^^^
  File "/usr/local/bin/cephadm", line 8954, in kernel_security
    ret = _fetch_apparmor()
          ^^^^^^^^^^^^^^^^^
  File "/usr/local/bin/cephadm", line 8935, in _fetch_apparmor
    item, mode = line.split(' ')
    ^^^^^^^^^^
ValueError: too many values to unpack (expected 2)

(unknown) [exit 1]

[2026-01-05T06:56:45Z] (unknown) $ sudo -S bash -lc 'cephadm shell -- ceph orch apply mgr --placement="count:2"'
(unknown) [stderr] Inferring fsid eaf28af1-e9e6-11f0-a1e6-00ddb4d7b5c6
(unknown) [stderr] Inferring config /var/lib/ceph/eaf28af1-e9e6-11f0-a1e6-00ddb4d7b5c6/mon.auto-openstack-infra-2r5vs/config
(unknown) [stderr] Using ceph image with id 'e40c19cd70e0' and tag 'v17.2.6' created on 2023-10-27 02:15:04 +0000 UTC
quay.io/ceph/ceph@sha256:e40c19cd70e047d14d70f5ec3cf501da081395a670cd59ca881ff56119660c8f
(unknown) [stderr]
Traceback (most recent call last):
  File "/usr/local/bin/cephadm", line 9930, in <module>
    main()
  File "/usr/local/bin/cephadm", line 9918, in main
    r = ctx.func(ctx)
        ^^^^^^^^^^^^^
  File "/usr/local/bin/cephadm", line 2196, in _infer_config
    return func(ctx)
           ^^^^^^^^^
  File "/usr/local/bin/cephadm", line 2141, in _infer_fsid
    return func(ctx)
           ^^^^^^^^^
  File "/usr/local/bin/cephadm", line 2196, in _infer_config
    return func(ctx)
           ^^^^^^^^^
  File "/usr/local/bin/cephadm", line 2224, in _infer_image
    return func(ctx)
           ^^^^^^^^^
  File "/usr/local/bin/cephadm", line 2099, in _validate_fsid
    return func(ctx)
           ^^^^^^^^^
  File "/usr/local/bin/cephadm", line 6334, in command_shell
    mounts = get_container_mounts(ctx, ctx.fsid, daemon_type, daemon_id,
             ^^^^^^^^^^^^^^^^^^^^^^^^^^^^^^^^^^^^^^^^^^^^^^^^^^^^^^^^^^^
  File "/usr/local/bin/cephadm", line 3055, in get_container_mounts
    if HostFacts(ctx).selinux_enabled:
       ^^^^^^^^^^^^^^^^^^^^^^^^^^^^^^
  File "/usr/local/bin/cephadm", line 8971, in selinux_enabled
    return (self.kernel_security['type'] == 'SELinux') and \
            ^^^^^^^^^^^^^^^^^^^^
  File "/usr/local/bin/cephadm", line 8954, in kernel_security
    ret = _fetch_apparmor()
          ^^^^^^^^^^^^^^^^^
  File "/usr/local/bin/cephadm", line 8935, in _fetch_apparmor
    item, mode = line.split(' ')
    ^^^^^^^^^^
ValueError: too many values to unpack (expected 2)

(unknown) [exit 1]

[2026-01-05T06:56:58Z] (unknown) $ sudo -S bash -lc 'cephadm shell -- ceph orch apply osd --all-available-devices'
(unknown) [stderr] Inferring fsid eaf28af1-e9e6-11f0-a1e6-00ddb4d7b5c6
(unknown) [stderr] Inferring config /var/lib/ceph/eaf28af1-e9e6-11f0-a1e6-00ddb4d7b5c6/mon.auto-openstack-infra-2r5vs/config
(unknown) [stderr] Using ceph image with id 'e40c19cd70e0' and tag 'v17.2.6' created on 2023-10-27 02:15:04 +0000 UTC
quay.io/ceph/ceph@sha256:e40c19cd70e047d14d70f5ec3cf501da081395a670cd59ca881ff56119660c8f
(unknown) [stderr]
Traceback (most recent call last):
  File "/usr/local/bin/cephadm", line 9930, in <module>
    main()
  File "/usr/local/bin/cephadm", line 9918, in main
    r = ctx.func(ctx)
        ^^^^^^^^^^^^^
  File "/usr/local/bin/cephadm", line 2196, in _infer_config
    return func(ctx)
           ^^^^^^^^^
  File "/usr/local/bin/cephadm", line 2141, in _infer_fsid
    return func(ctx)
           ^^^^^^^^^
  File "/usr/local/bin/cephadm", line 2196, in _infer_config
    return func(ctx)
           ^^^^^^^^^
  File "/usr/local/bin/cephadm", line 2224, in _infer_image
    return func(ctx)
           ^^^^^^^^^
  File "/usr/local/bin/cephadm", line 2099, in _validate_fsid
    return func(ctx)
           ^^^^^^^^^
  File "/usr/local/bin/cephadm", line 6334, in command_shell
    mounts = get_container_mounts(ctx, ctx.fsid, daemon_type, daemon_id,
             ^^^^^^^^^^^^^^^^^^^^^^^^^^^^^^^^^^^^^^^^^^^^^^^^^^^^^^^^^^^
  File "/usr/local/bin/cephadm", line 3055, in get_container_mounts
    if HostFacts(ctx).selinux_enabled:
       ^^^^^^^^^^^^^^^^^^^^^^^^^^^^^^
  File "/usr/local/bin/cephadm", line 8971, in selinux_enabled
    return (self.kernel_security['type'] == 'SELinux') and \
            ^^^^^^^^^^^^^^^^^^^^
  File "/usr/local/bin/cephadm", line 8954, in kernel_security
    ret = _fetch_apparmor()
          ^^^^^^^^^^^^^^^^^
  File "/usr/local/bin/cephadm", line 8935, in _fetch_apparmor
    item, mode = line.split(' ')
    ^^^^^^^^^^
ValueError: too many values to unpack (expected 2)

(unknown) [exit 1]

[2026-01-05T06:57:12Z] (unknown) $ sudo -S bash -lc 'cephadm shell -- ceph -s'
(unknown) [stderr] Inferring fsid eaf28af1-e9e6-11f0-a1e6-00ddb4d7b5c6
(unknown) [stderr] Inferring config /var/lib/ceph/eaf28af1-e9e6-11f0-a1e6-00ddb4d7b5c6/mon.auto-openstack-infra-2r5vs/config
(unknown) [stderr] Using ceph image with id 'e40c19cd70e0' and tag 'v17.2.6' created on 2023-10-27 02:15:04 +0000 UTC
quay.io/ceph/ceph@sha256:e40c19cd70e047d14d70f5ec3cf501da081395a670cd59ca881ff56119660c8f
(unknown) [stderr] Traceback (most recent call last):
  File "/usr/local/bin/cephadm", line 9930, in <module>
    main()
  File "/usr/local/bin/cephadm", line 9918, in main
    r = ctx.func(ctx)
        ^^^^^^^^^^^^^
  File "/usr/local/bin/cephadm", line 2196, in _infer_config
    return func(ctx)
           ^^^^^^^^^
  File "/usr/local/bin/cephadm", line 2141, in _infer_fsid
    return func(ctx)
           ^^^^^^^^^
  File "/usr/local/bin/cephadm", line 2196, in _infer_config
    return func(ctx)
           ^^^^^^^^^
  File "/usr/local/bin/cephadm", line 2224, in _infer_image
    return func(ctx)
           ^^^^^^^^^
  File "/usr/local/bin/cephadm", line 2099, in _validate_fsid
    return func(ctx)
           ^^^^^^^^^
  File "/usr/local/bin/cephadm", line 6334, in command_shell
    mounts = get_container_mounts(ctx, ctx.fsid, daemon_type, daemon_id,
             ^^^^^^^^^^^^^^^^^^^^^^^^^^^^^^^^^^^^^^^^^^^^^^^^^^^^^^^^^^^
  File "/usr/local/bin/cephadm", line 3055, in get_container_mounts
    if HostFacts(ctx).selinux_enabled:(unknown) [stderr]

       ^^^^^^^^^^^^^^^^^^^^^^^^^^^^^^
  File "/usr/local/bin/cephadm", line 8971, in selinux_enabled
    return (self.kernel_security['type'] == 'SELinux') and \
            ^^^^^^^^^^^^^^^^^^^^
  File "/usr/local/bin/cephadm", line 8954, in kernel_security
    ret = _fetch_apparmor()
          ^^^^^^^^^^^^^^^^^
  File "/usr/local/bin/cephadm", line 8935, in _fetch_apparmor
    item, mode = line.split(' ')
    ^^^^^^^^^^
ValueError: too many values to unpack (expected 2)

(unknown) [exit 1]
