# Ceph deployment log started 20260118T205222Z UTC


[2026-01-18T20:52:22Z] (unknown) $ sudo -S bash -lc 'command -v docker || command -v podman'
(unknown) [stdout]
/usr/bin/docker

(unknown) [exit 0]

[2026-01-18T20:52:22Z] (unknown) $ bash -lc 'command -v cephadm || echo MISSING'
(unknown) [stdout]
/usr/local/bin/cephadm

(unknown) [exit 0]
[2026-01-18T20:52:22Z] [ceph] Fixing cephadm on auto-openstack-infra-8xwlm

[2026-01-18T20:52:22Z] (auto-openstack-infra-8xwlm) $ sudo -S bash -lc '
    set -euo pipefail

    # Locate a clean cephadm
    BASE=""
    for c in /usr/sbin/cephadm /usr/local/bin/cephadm; do
    if [ -f "$c" ]; then BASE="$c"; break; fi
    done

    if [ -z "$BASE" ]; then
    echo "ERROR: clean cephadm not found" >&2
    exit 1
    fi

    WORK=/tmp/cephadm.fixed
    cp "$BASE" "$WORK"

    python3 - <<'\''EOF'\''
    from pathlib import Path

    p = Path("/tmp/cephadm.fixed")
    txt = p.read_text()

    old = "item, mode = line.split('\'' '\'')"
    new = (
        "parts = line.split()\\n"
        "                if len(parts) < 2:\\n"
        "                    continue\\n"
        "                item = parts[0]\\n"
        "                mode = parts[1].strip('\''()'\'')"
    )

    if old not in txt:
        raise SystemExit("ERROR: expected AppArmor code not found")

    p.write_text(txt.replace(old, new))
    EOF

    python3 -m py_compile "$WORK"

    for f in /var/lib/ceph/*/cephadm.*; do
    cp "$WORK" "$f"
    done
    '
(auto-openstack-infra-8xwlm) [stderr] bash: line 44: warning: here-document at line 18 delimited by end-of-file (wanted `EOF')
(auto-openstack-infra-8xwlm) [stderr]
  File "<stdin>", line 1
    from pathlib import Path
IndentationError: unexpected indent

(auto-openstack-infra-8xwlm) [exit 1]
[2026-01-18T20:52:23Z] [ceph] Fixing cephadm on auto-openstack-infra-czhth-qb87b

[2026-01-18T20:52:23Z] (auto-openstack-infra-czhth-qb87b) $ sudo -S bash -lc '
    set -euo pipefail

    # Locate a clean cephadm
    BASE=""
    for c in /usr/sbin/cephadm /usr/local/bin/cephadm; do
    if [ -f "$c" ]; then BASE="$c"; break; fi
    done

    if [ -z "$BASE" ]; then
    echo "ERROR: clean cephadm not found" >&2
    exit 1
    fi

    WORK=/tmp/cephadm.fixed
    cp "$BASE" "$WORK"

    python3 - <<'\''EOF'\''
    from pathlib import Path

    p = Path("/tmp/cephadm.fixed")
    txt = p.read_text()

    old = "item, mode = line.split('\'' '\'')"
    new = (
        "parts = line.split()\\n"
        "                if len(parts) < 2:\\n"
        "                    continue\\n"
        "                item = parts[0]\\n"
        "                mode = parts[1].strip('\''()'\'')"
    )

    if old not in txt:
        raise SystemExit("ERROR: expected AppArmor code not found")

    p.write_text(txt.replace(old, new))
    EOF

    python3 -m py_compile "$WORK"

    for f in /var/lib/ceph/*/cephadm.*; do
    cp "$WORK" "$f"
    done
    '
(auto-openstack-infra-czhth-qb87b) [stderr]
ERROR: clean cephadm not found

(auto-openstack-infra-czhth-qb87b) [exit 1]
[2026-01-18T20:52:24Z] [ceph] Fixing cephadm on auto-openstack-infra-czhth-svkqn

[2026-01-18T20:52:25Z] (auto-openstack-infra-czhth-svkqn) $ sudo -S bash -lc '
    set -euo pipefail

    # Locate a clean cephadm
    BASE=""
    for c in /usr/sbin/cephadm /usr/local/bin/cephadm; do
    if [ -f "$c" ]; then BASE="$c"; break; fi
    done

    if [ -z "$BASE" ]; then
    echo "ERROR: clean cephadm not found" >&2
    exit 1
    fi

    WORK=/tmp/cephadm.fixed
    cp "$BASE" "$WORK"

    python3 - <<'\''EOF'\''
    from pathlib import Path

    p = Path("/tmp/cephadm.fixed")
    txt = p.read_text()

    old = "item, mode = line.split('\'' '\'')"
    new = (
        "parts = line.split()\\n"
        "                if len(parts) < 2:\\n"
        "                    continue\\n"
        "                item = parts[0]\\n"
        "                mode = parts[1].strip('\''()'\'')"
    )

    if old not in txt:
        raise SystemExit("ERROR: expected AppArmor code not found")

    p.write_text(txt.replace(old, new))
    EOF

    python3 -m py_compile "$WORK"

    for f in /var/lib/ceph/*/cephadm.*; do
    cp "$WORK" "$f"
    done
    '
(auto-openstack-infra-czhth-svkqn) [stderr]
ERROR: clean cephadm not found

(auto-openstack-infra-czhth-svkqn) [exit 1]
[2026-01-18T20:52:26Z] [ceph] Fixing cephadm on auto-openstack-infra-czhth-z4sgh

[2026-01-18T20:52:26Z] (auto-openstack-infra-czhth-z4sgh) $ sudo -S bash -lc '
    set -euo pipefail

    # Locate a clean cephadm
    BASE=""
    for c in /usr/sbin/cephadm /usr/local/bin/cephadm; do
    if [ -f "$c" ]; then BASE="$c"; break; fi
    done

    if [ -z "$BASE" ]; then
    echo "ERROR: clean cephadm not found" >&2
    exit 1
    fi

    WORK=/tmp/cephadm.fixed
    cp "$BASE" "$WORK"

    python3 - <<'\''EOF'\''
    from pathlib import Path

    p = Path("/tmp/cephadm.fixed")
    txt = p.read_text()

    old = "item, mode = line.split('\'' '\'')"
    new = (
        "parts = line.split()\\n"
        "                if len(parts) < 2:\\n"
        "                    continue\\n"
        "                item = parts[0]\\n"
        "                mode = parts[1].strip('\''()'\'')"
    )

    if old not in txt:
        raise SystemExit("ERROR: expected AppArmor code not found")

    p.write_text(txt.replace(old, new))
    EOF

    python3 -m py_compile "$WORK"

    for f in /var/lib/ceph/*/cephadm.*; do
    cp "$WORK" "$f"
    done
    '
(auto-openstack-infra-czhth-z4sgh) [stderr]
ERROR: clean cephadm not found

(auto-openstack-infra-czhth-z4sgh) [exit 1]
[2026-01-18T20:52:27Z] [ceph] Fixing cephadm on auto-openstack-infra-qgvlx

[2026-01-18T20:52:27Z] (auto-openstack-infra-qgvlx) $ sudo -S bash -lc '
    set -euo pipefail

    # Locate a clean cephadm
    BASE=""
    for c in /usr/sbin/cephadm /usr/local/bin/cephadm; do
    if [ -f "$c" ]; then BASE="$c"; break; fi
    done

    if [ -z "$BASE" ]; then
    echo "ERROR: clean cephadm not found" >&2
    exit 1
    fi

    WORK=/tmp/cephadm.fixed
    cp "$BASE" "$WORK"

    python3 - <<'\''EOF'\''
    from pathlib import Path

    p = Path("/tmp/cephadm.fixed")
    txt = p.read_text()

    old = "item, mode = line.split('\'' '\'')"
    new = (
        "parts = line.split()\\n"
        "                if len(parts) < 2:\\n"
        "                    continue\\n"
        "                item = parts[0]\\n"
        "                mode = parts[1].strip('\''()'\'')"
    )

    if old not in txt:
        raise SystemExit("ERROR: expected AppArmor code not found")

    p.write_text(txt.replace(old, new))
    EOF

    python3 -m py_compile "$WORK"

    for f in /var/lib/ceph/*/cephadm.*; do
    cp "$WORK" "$f"
    done
    '
(auto-openstack-infra-qgvlx) [stderr]
ERROR: clean cephadm not found

(auto-openstack-infra-qgvlx) [exit 1]
[2026-01-18T20:52:29Z] [ceph] Fixing cephadm on auto-openstack-infra-vvdw4

[2026-01-18T20:52:29Z] (auto-openstack-infra-vvdw4) $ sudo -S bash -lc '
    set -euo pipefail

    # Locate a clean cephadm
    BASE=""
    for c in /usr/sbin/cephadm /usr/local/bin/cephadm; do
    if [ -f "$c" ]; then BASE="$c"; break; fi
    done

    if [ -z "$BASE" ]; then
    echo "ERROR: clean cephadm not found" >&2
    exit 1
    fi

    WORK=/tmp/cephadm.fixed
    cp "$BASE" "$WORK"

    python3 - <<'\''EOF'\''
    from pathlib import Path

    p = Path("/tmp/cephadm.fixed")
    txt = p.read_text()

    old = "item, mode = line.split('\'' '\'')"
    new = (
        "parts = line.split()\\n"
        "                if len(parts) < 2:\\n"
        "                    continue\\n"
        "                item = parts[0]\\n"
        "                mode = parts[1].strip('\''()'\'')"
    )

    if old not in txt:
        raise SystemExit("ERROR: expected AppArmor code not found")

    p.write_text(txt.replace(old, new))
    EOF

    python3 -m py_compile "$WORK"

    for f in /var/lib/ceph/*/cephadm.*; do
    cp "$WORK" "$f"
    done
    '
(auto-openstack-infra-vvdw4) [stderr]
ERROR: clean cephadm not found

(auto-openstack-infra-vvdw4) [exit 1]

[2026-01-18T20:52:30Z] (unknown) $ sudo -S bash -lc '(podman pull quay.io/ceph/ceph:v17.2.6 || docker pull quay.io/ceph/ceph:v17.2.6) || true'
(unknown) [stderr] bash: line 1: podman: command not found
(unknown) [stdout]
v17.2.6: Pulling from ceph/ceph
Digest: sha256:e40c19cd70e047d14d70f5ec3cf501da081395a670cd59ca881ff56119660c8f
Status: Image is up to date for quay.io/ceph/ceph:v17.2.6
quay.io/ceph/ceph:v17.2.6

(unknown) [exit 0]

[2026-01-18T20:52:31Z] (unknown) $ bash -lc 'sudo cephadm shell -- ceph status >/dev/null 2>&1 || test -f /etc/ceph/ceph.conf'
(unknown) [exit 0]
[2026-01-18T20:52:44Z] [cephadm] Detected existing Ceph cluster on auto-openstack-infra-8xwlm (192.168.111.24); skipping bootstrap.

[2026-01-18T20:52:44Z] (unknown) $ sudo -S bash -lc 'cat /etc/ceph/ceph.pub'
(unknown) [stdout]
ssh-rsa AAAAB3NzaC1yc2EAAAADAQABAAABgQCrykC6eYpVRiD/ht9sE5eNEcRa32XCYS6o0w+jQTTME+jLwYyq8NmKe8JIKzpUv6nNe0ch2+fEt3dCF21hWZfOr88JDC+0wcShyrGeGcVFtySOwWHDWCUUienjXd7cHwoKFhqU36p5MGBfalzkXksX01hKPldNO/oJhqhImXu39rbjUIwayg+UNeyaOBduPFpw/NVStfXPk0eHaBNYdl6R2S3lI9+0a+0jotugtX5nuuAlYBchJ8fzbH2eqPQbeXBh+M3M7lK3mZD+ga0vMcQ6kn3y30kwHJyj1T7vxOT40OB3uI3BsUZbSfLfKv7mJXCBLvw7kIoboa6gSyqBrHTUKSpXaGSvAS44REfnhzwdGq1zpKQ2RLqojWDts/bNQlkyUb928TneXyUD/fHDZVDMZYPWwAiiUlGJN8c31wK3JKKskEy/nQ2j6Ztu/TOIyB1mtcRjiFlATxfL2QhB34D4QOBAPzQbIrHpWf7SF2WIklIL0llOc/HYCCJUXGMcG8U= ceph-7802e156-f4ae-11f0-8502-002fd39d1872

(unknown) [exit 0]

[2026-01-18T20:52:44Z] (unknown) $ sudo -S bash -lc 'mkdir -p /root/.ssh && echo "ssh-rsa AAAAB3NzaC1yc2EAAAADAQABAAABgQCrykC6eYpVRiD/ht9sE5eNEcRa32XCYS6o0w+jQTTME+jLwYyq8NmKe8JIKzpUv6nNe0ch2+fEt3dCF21hWZfOr88JDC+0wcShyrGeGcVFtySOwWHDWCUUienjXd7cHwoKFhqU36p5MGBfalzkXksX01hKPldNO/oJhqhImXu39rbjUIwayg+UNeyaOBduPFpw/NVStfXPk0eHaBNYdl6R2S3lI9+0a+0jotugtX5nuuAlYBchJ8fzbH2eqPQbeXBh+M3M7lK3mZD+ga0vMcQ6kn3y30kwHJyj1T7vxOT40OB3uI3BsUZbSfLfKv7mJXCBLvw7kIoboa6gSyqBrHTUKSpXaGSvAS44REfnhzwdGq1zpKQ2RLqojWDts/bNQlkyUb928TneXyUD/fHDZVDMZYPWwAiiUlGJN8c31wK3JKKskEy/nQ2j6Ztu/TOIyB1mtcRjiFlATxfL2QhB34D4QOBAPzQbIrHpWf7SF2WIklIL0llOc/HYCCJUXGMcG8U= ceph-7802e156-f4ae-11f0-8502-002fd39d1872" >> /root/.ssh/authorized_keys'
(unknown) [exit 0]

[2026-01-18T20:52:45Z] (unknown) $ sudo -S bash -lc 'mkdir -p /root/.ssh && echo "ssh-rsa AAAAB3NzaC1yc2EAAAADAQABAAABgQCrykC6eYpVRiD/ht9sE5eNEcRa32XCYS6o0w+jQTTME+jLwYyq8NmKe8JIKzpUv6nNe0ch2+fEt3dCF21hWZfOr88JDC+0wcShyrGeGcVFtySOwWHDWCUUienjXd7cHwoKFhqU36p5MGBfalzkXksX01hKPldNO/oJhqhImXu39rbjUIwayg+UNeyaOBduPFpw/NVStfXPk0eHaBNYdl6R2S3lI9+0a+0jotugtX5nuuAlYBchJ8fzbH2eqPQbeXBh+M3M7lK3mZD+ga0vMcQ6kn3y30kwHJyj1T7vxOT40OB3uI3BsUZbSfLfKv7mJXCBLvw7kIoboa6gSyqBrHTUKSpXaGSvAS44REfnhzwdGq1zpKQ2RLqojWDts/bNQlkyUb928TneXyUD/fHDZVDMZYPWwAiiUlGJN8c31wK3JKKskEy/nQ2j6Ztu/TOIyB1mtcRjiFlATxfL2QhB34D4QOBAPzQbIrHpWf7SF2WIklIL0llOc/HYCCJUXGMcG8U= ceph-7802e156-f4ae-11f0-8502-002fd39d1872" >> /root/.ssh/authorized_keys'
(unknown) [exit 0]

[2026-01-18T20:52:46Z] (unknown) $ sudo -S bash -lc 'mkdir -p /root/.ssh && echo "ssh-rsa AAAAB3NzaC1yc2EAAAADAQABAAABgQCrykC6eYpVRiD/ht9sE5eNEcRa32XCYS6o0w+jQTTME+jLwYyq8NmKe8JIKzpUv6nNe0ch2+fEt3dCF21hWZfOr88JDC+0wcShyrGeGcVFtySOwWHDWCUUienjXd7cHwoKFhqU36p5MGBfalzkXksX01hKPldNO/oJhqhImXu39rbjUIwayg+UNeyaOBduPFpw/NVStfXPk0eHaBNYdl6R2S3lI9+0a+0jotugtX5nuuAlYBchJ8fzbH2eqPQbeXBh+M3M7lK3mZD+ga0vMcQ6kn3y30kwHJyj1T7vxOT40OB3uI3BsUZbSfLfKv7mJXCBLvw7kIoboa6gSyqBrHTUKSpXaGSvAS44REfnhzwdGq1zpKQ2RLqojWDts/bNQlkyUb928TneXyUD/fHDZVDMZYPWwAiiUlGJN8c31wK3JKKskEy/nQ2j6Ztu/TOIyB1mtcRjiFlATxfL2QhB34D4QOBAPzQbIrHpWf7SF2WIklIL0llOc/HYCCJUXGMcG8U= ceph-7802e156-f4ae-11f0-8502-002fd39d1872" >> /root/.ssh/authorized_keys'
(unknown) [exit 0]

[2026-01-18T20:52:47Z] (unknown) $ sudo -S bash -lc 'mkdir -p /root/.ssh && echo "ssh-rsa AAAAB3NzaC1yc2EAAAADAQABAAABgQCrykC6eYpVRiD/ht9sE5eNEcRa32XCYS6o0w+jQTTME+jLwYyq8NmKe8JIKzpUv6nNe0ch2+fEt3dCF21hWZfOr88JDC+0wcShyrGeGcVFtySOwWHDWCUUienjXd7cHwoKFhqU36p5MGBfalzkXksX01hKPldNO/oJhqhImXu39rbjUIwayg+UNeyaOBduPFpw/NVStfXPk0eHaBNYdl6R2S3lI9+0a+0jotugtX5nuuAlYBchJ8fzbH2eqPQbeXBh+M3M7lK3mZD+ga0vMcQ6kn3y30kwHJyj1T7vxOT40OB3uI3BsUZbSfLfKv7mJXCBLvw7kIoboa6gSyqBrHTUKSpXaGSvAS44REfnhzwdGq1zpKQ2RLqojWDts/bNQlkyUb928TneXyUD/fHDZVDMZYPWwAiiUlGJN8c31wK3JKKskEy/nQ2j6Ztu/TOIyB1mtcRjiFlATxfL2QhB34D4QOBAPzQbIrHpWf7SF2WIklIL0llOc/HYCCJUXGMcG8U= ceph-7802e156-f4ae-11f0-8502-002fd39d1872" >> /root/.ssh/authorized_keys'
(unknown) [exit 0]

[2026-01-18T20:52:48Z] (unknown) $ sudo -S bash -lc 'mkdir -p /root/.ssh && echo "ssh-rsa AAAAB3NzaC1yc2EAAAADAQABAAABgQCrykC6eYpVRiD/ht9sE5eNEcRa32XCYS6o0w+jQTTME+jLwYyq8NmKe8JIKzpUv6nNe0ch2+fEt3dCF21hWZfOr88JDC+0wcShyrGeGcVFtySOwWHDWCUUienjXd7cHwoKFhqU36p5MGBfalzkXksX01hKPldNO/oJhqhImXu39rbjUIwayg+UNeyaOBduPFpw/NVStfXPk0eHaBNYdl6R2S3lI9+0a+0jotugtX5nuuAlYBchJ8fzbH2eqPQbeXBh+M3M7lK3mZD+ga0vMcQ6kn3y30kwHJyj1T7vxOT40OB3uI3BsUZbSfLfKv7mJXCBLvw7kIoboa6gSyqBrHTUKSpXaGSvAS44REfnhzwdGq1zpKQ2RLqojWDts/bNQlkyUb928TneXyUD/fHDZVDMZYPWwAiiUlGJN8c31wK3JKKskEy/nQ2j6Ztu/TOIyB1mtcRjiFlATxfL2QhB34D4QOBAPzQbIrHpWf7SF2WIklIL0llOc/HYCCJUXGMcG8U= ceph-7802e156-f4ae-11f0-8502-002fd39d1872" >> /root/.ssh/authorized_keys'
(unknown) [exit 0]

[2026-01-18T20:52:49Z] (unknown) $ sudo -S bash -lc 'cephadm shell -- ceph config set global container_image quay.io/ceph/ceph:v17.2.6'
(unknown) [stderr] Inferring fsid 7802e156-f4ae-11f0-8502-002fd39d1872
(unknown) [stderr] Inferring config /var/lib/ceph/7802e156-f4ae-11f0-8502-002fd39d1872/mon.auto-openstack-infra-8xwlm/config
(unknown) [stderr] Using ceph image with id 'e40c19cd70e0' and tag 'v17.2.6' created on 2023-10-27 02:15:04 +0000 UTC
quay.io/ceph/ceph@sha256:e40c19cd70e047d14d70f5ec3cf501da081395a670cd59ca881ff56119660c8f
(unknown) [stderr]
Traceback (most recent call last):
  File "/usr/local/bin/cephadm", line 9930, in <module>
    main()
  File "/usr/local/bin/cephadm", line 9918, in main
    r = ctx.func(ctx)
        ^^^^^^^^^^^^^
  File "/usr/local/bin/cephadm", line 2196, in _infer_config
    return func(ctx)
           ^^^^^^^^^
  File "/usr/local/bin/cephadm", line 2141, in _infer_fsid
    return func(ctx)
           ^^^^^^^^^
  File "/usr/local/bin/cephadm", line 2196, in _infer_config
    return func(ctx)
           ^^^^^^^^^
  File "/usr/local/bin/cephadm", line 2224, in _infer_image
    return func(ctx)
           ^^^^^^^^^
  File "/usr/local/bin/cephadm", line 2099, in _validate_fsid
    return func(ctx)
           ^^^^^^^^^
  File "/usr/local/bin/cephadm", line 6334, in command_shell
    mounts = get_container_mounts(ctx, ctx.fsid, daemon_type, daemon_id,
             ^^^^^^^^^^^^^^^^^^^^^^^^^^^^^^^^^^^^^^^^^^^^^^^^^^^^^^^^^^^
  File "/usr/local/bin/cephadm", line 3055, in get_container_mounts
    if HostFacts(ctx).selinux_enabled:
       ^^^^^^^^^^^^^^^^^^^^^^^^^^^^^^
  File "/usr/local/bin/cephadm", line 8971, in selinux_enabled
    return (self.kernel_security['type'] == 'SELinux') and \
            ^^^^^^^^^^^^^^^^^^^^
  File "/usr/local/bin/cephadm", line 8954, in kernel_security
    ret = _fetch_apparmor()
          ^^^^^^^^^^^^^^^^^
  File "/usr/local/bin/cephadm", line 8935, in _fetch_apparmor
    item, mode = line.split(' ')
    ^^^^^^^^^^
ValueError: too many values to unpack (expected 2)

(unknown) [exit 1]
[2026-01-18T20:53:02Z] [cephadm] Validating container engine on auto-openstack-infra-czhth-qb87b (192.168.111.23)...

[2026-01-18T20:53:02Z] (unknown) $ sudo -S bash -lc 'command -v docker || command -v podman'
(unknown) [stdout]
/usr/bin/docker

(unknown) [exit 0]
[2026-01-18T20:53:03Z] [cephadm] Container engine already present on auto-openstack-infra-czhth-qb87b.
[2026-01-18T20:53:03Z] [cephadm] Adding host auto-openstack-infra-czhth-qb87b (192.168.111.23) to cluster...

[2026-01-18T20:53:03Z] (unknown) $ sudo -S bash -lc 'cephadm shell -- ceph orch host add auto-openstack-infra-czhth-qb87b 192.168.111.23'
(unknown) [stderr] Inferring fsid 7802e156-f4ae-11f0-8502-002fd39d1872
(unknown) [stderr] Inferring config /var/lib/ceph/7802e156-f4ae-11f0-8502-002fd39d1872/mon.auto-openstack-infra-8xwlm/config
(unknown) [stderr] Using ceph image with id 'e40c19cd70e0' and tag 'v17.2.6' created on 2023-10-27 02:15:04 +0000 UTC
quay.io/ceph/ceph@sha256:e40c19cd70e047d14d70f5ec3cf501da081395a670cd59ca881ff56119660c8f
(unknown) [stderr]
Traceback (most recent call last):
  File "/usr/local/bin/cephadm", line 9930, in <module>
    main()
  File "/usr/local/bin/cephadm", line 9918, in main
    r = ctx.func(ctx)
        ^^^^^^^^^^^^^
  File "/usr/local/bin/cephadm", line 2196, in _infer_config
    return func(ctx)
           ^^^^^^^^^
  File "/usr/local/bin/cephadm", line 2141, in _infer_fsid
    return func(ctx)
           ^^^^^^^^^
  File "/usr/local/bin/cephadm", line 2196, in _infer_config
    return func(ctx)
           ^^^^^^^^^
  File "/usr/local/bin/cephadm", line 2224, in _infer_image
    return func(ctx)
           ^^^^^^^^^
  File "/usr/local/bin/cephadm", line 2099, in _validate_fsid
    return func(ctx)
           ^^^^^^^^^
  File "/usr/local/bin/cephadm", line 6334, in command_shell
    mounts = get_container_mounts(ctx, ctx.fsid, daemon_type, daemon_id,
             ^^^^^^^^^^^^^^^^^^^^^^^^^^^^^^^^^^^^^^^^^^^^^^^^^^^^^^^^^^^
  File "/usr/local/bin/cephadm", line 3055, in get_container_mounts
    if HostFacts(ctx).selinux_enabled:
       ^^^^^^^^^^^^^^^^^^^^^^^^^^^^^^
  File "/usr/local/bin/cephadm", line 8971, in selinux_enabled
    return (self.kernel_security['type'] == 'SELinux') and \
            ^^^^^^^^^^^^^^^^^^^^
  File "/usr/local/bin/cephadm", line 8954, in kernel_security
    ret = _fetch_apparmor()
          ^^^^^^^^^^^^^^^^^
  File "/usr/local/bin/cephadm", line 8935, in _fetch_apparmor
    item, mode = line.split(' ')
    ^^^^^^^^^^
ValueError: too many values to unpack (expected 2)

(unknown) [exit 1]
[2026-01-18T20:53:16Z] [cephadm] Host add failed for auto-openstack-infra-czhth-qb87b: Inferring fsid 7802e156-f4ae-11f0-8502-002fd39d1872
Inferring config /var/lib/ceph/7802e156-f4ae-11f0-8502-002fd39d1872/mon.auto-openstack-infra-8xwlm/config
Using ceph image with id 'e40c19cd70e0' and tag 'v17.2.6' created on 2023-10-27 02:15:04 +0000 UTC
quay.io/ceph/ceph@sha256:e40c19cd70e047d14d70f5ec3cf501da081395a670cd59ca881ff56119660c8f
Traceback (most recent call last):
  File "/usr/local/bin/cephadm", line 9930, in <module>
    main()
  File "/usr/local/bin/cephadm", line 9918, in main
    r = ctx.func(ctx)
        ^^^^^^^^^^^^^
  File "/usr/local/bin/cephadm", line 2196, in _infer_config
    return func(ctx)
           ^^^^^^^^^
  File "/usr/local/bin/cephadm", line 2141, in _infer_fsid
    return func(ctx)
           ^^^^^^^^^
  File "/usr/local/bin/cephadm", line 2196, in _infer_config
    return func(ctx)
           ^^^^^^^^^
  File "/usr/local/bin/cephadm", line 2224, in _infer_image
    return func(ctx)
           ^^^^^^^^^
  File "/usr/local/bin/cephadm", line 2099, in _validate_fsid
    return func(ctx)
           ^^^^^^^^^
  File "/usr/local/bin/cephadm", line 6334, in command_shell
    mounts = get_container_mounts(ctx, ctx.fsid, daemon_type, daemon_id,
             ^^^^^^^^^^^^^^^^^^^^^^^^^^^^^^^^^^^^^^^^^^^^^^^^^^^^^^^^^^^
  File "/usr/local/bin/cephadm", line 3055, in get_container_mounts
    if HostFacts(ctx).selinux_enabled:
       ^^^^^^^^^^^^^^^^^^^^^^^^^^^^^^
  File "/usr/local/bin/cephadm", line 8971, in selinux_enabled
    return (self.kernel_security['type'] == 'SELinux') and \
            ^^^^^^^^^^^^^^^^^^^^
  File "/usr/local/bin/cephadm", line 8954, in kernel_security
    ret = _fetch_apparmor()
          ^^^^^^^^^^^^^^^^^
  File "/usr/local/bin/cephadm", line 8935, in _fetch_apparmor
    item, mode = line.split(' ')
    ^^^^^^^^^^
ValueError: too many values to unpack (expected 2)

[2026-01-18T20:53:16Z] [cephadm] Validating container engine on auto-openstack-infra-czhth-svkqn (192.168.111.22)...

[2026-01-18T20:53:17Z] (unknown) $ sudo -S bash -lc 'command -v docker || command -v podman'
(unknown) [stdout]
/usr/bin/docker

(unknown) [exit 0]
[2026-01-18T20:53:17Z] [cephadm] Container engine already present on auto-openstack-infra-czhth-svkqn.
[2026-01-18T20:53:17Z] [cephadm] Adding host auto-openstack-infra-czhth-svkqn (192.168.111.22) to cluster...

[2026-01-18T20:53:17Z] (unknown) $ sudo -S bash -lc 'cephadm shell -- ceph orch host add auto-openstack-infra-czhth-svkqn 192.168.111.22'
(unknown) [stderr] Inferring fsid 7802e156-f4ae-11f0-8502-002fd39d1872
(unknown) [stderr] Inferring config /var/lib/ceph/7802e156-f4ae-11f0-8502-002fd39d1872/mon.auto-openstack-infra-8xwlm/config
(unknown) [stderr] Using ceph image with id 'e40c19cd70e0' and tag 'v17.2.6' created on 2023-10-27 02:15:04 +0000 UTC
quay.io/ceph/ceph@sha256:e40c19cd70e047d14d70f5ec3cf501da081395a670cd59ca881ff56119660c8f
(unknown) [stderr]
Traceback (most recent call last):
  File "/usr/local/bin/cephadm", line 9930, in <module>
    main()
  File "/usr/local/bin/cephadm", line 9918, in main
    r = ctx.func(ctx)
        ^^^^^^^^^^^^^
  File "/usr/local/bin/cephadm", line 2196, in _infer_config
    return func(ctx)
           ^^^^^^^^^
  File "/usr/local/bin/cephadm", line 2141, in _infer_fsid
    return func(ctx)
           ^^^^^^^^^
  File "/usr/local/bin/cephadm", line 2196, in _infer_config
    return func(ctx)
           ^^^^^^^^^
  File "/usr/local/bin/cephadm", line 2224, in _infer_image
    return func(ctx)
           ^^^^^^^^^
  File "/usr/local/bin/cephadm", line 2099, in _validate_fsid
    return func(ctx)
           ^^^^^^^^^
  File "/usr/local/bin/cephadm", line 6334, in command_shell
    mounts = get_container_mounts(ctx, ctx.fsid, daemon_type, daemon_id,
             ^^^^^^^^^^^^^^^^^^^^^^^^^^^^^^^^^^^^^^^^^^^^^^^^^^^^^^^^^^^
  File "/usr/local/bin/cephadm", line 3055, in get_container_mounts
    if HostFacts(ctx).selinux_enabled:
       ^^^^^^^^^^^^^^^^^^^^^^^^^^^^^^
  File "/usr/local/bin/cephadm", line 8971, in selinux_enabled
    return (self.kernel_security['type'] == 'SELinux') and \
            ^^^^^^^^^^^^^^^^^^^^
  File "/usr/local/bin/cephadm", line 8954, in kernel_security
    ret = _fetch_apparmor()
          ^^^^^^^^^^^^^^^^^
  File "/usr/local/bin/cephadm", line 8935, in _fetch_apparmor
    item, mode = line.split(' ')
    ^^^^^^^^^^
ValueError: too many values to unpack (expected 2)

(unknown) [exit 1]
[2026-01-18T20:53:31Z] [cephadm] Host add failed for auto-openstack-infra-czhth-svkqn: Inferring fsid 7802e156-f4ae-11f0-8502-002fd39d1872
Inferring config /var/lib/ceph/7802e156-f4ae-11f0-8502-002fd39d1872/mon.auto-openstack-infra-8xwlm/config
Using ceph image with id 'e40c19cd70e0' and tag 'v17.2.6' created on 2023-10-27 02:15:04 +0000 UTC
quay.io/ceph/ceph@sha256:e40c19cd70e047d14d70f5ec3cf501da081395a670cd59ca881ff56119660c8f
Traceback (most recent call last):
  File "/usr/local/bin/cephadm", line 9930, in <module>
    main()
  File "/usr/local/bin/cephadm", line 9918, in main
    r = ctx.func(ctx)
        ^^^^^^^^^^^^^
  File "/usr/local/bin/cephadm", line 2196, in _infer_config
    return func(ctx)
           ^^^^^^^^^
  File "/usr/local/bin/cephadm", line 2141, in _infer_fsid
    return func(ctx)
           ^^^^^^^^^
  File "/usr/local/bin/cephadm", line 2196, in _infer_config
    return func(ctx)
           ^^^^^^^^^
  File "/usr/local/bin/cephadm", line 2224, in _infer_image
    return func(ctx)
           ^^^^^^^^^
  File "/usr/local/bin/cephadm", line 2099, in _validate_fsid
    return func(ctx)
           ^^^^^^^^^
  File "/usr/local/bin/cephadm", line 6334, in command_shell
    mounts = get_container_mounts(ctx, ctx.fsid, daemon_type, daemon_id,
             ^^^^^^^^^^^^^^^^^^^^^^^^^^^^^^^^^^^^^^^^^^^^^^^^^^^^^^^^^^^
  File "/usr/local/bin/cephadm", line 3055, in get_container_mounts
    if HostFacts(ctx).selinux_enabled:
       ^^^^^^^^^^^^^^^^^^^^^^^^^^^^^^
  File "/usr/local/bin/cephadm", line 8971, in selinux_enabled
    return (self.kernel_security['type'] == 'SELinux') and \
            ^^^^^^^^^^^^^^^^^^^^
  File "/usr/local/bin/cephadm", line 8954, in kernel_security
    ret = _fetch_apparmor()
          ^^^^^^^^^^^^^^^^^
  File "/usr/local/bin/cephadm", line 8935, in _fetch_apparmor
    item, mode = line.split(' ')
    ^^^^^^^^^^
ValueError: too many values to unpack (expected 2)

[2026-01-18T20:53:31Z] [cephadm] Validating container engine on auto-openstack-infra-czhth-z4sgh (192.168.111.21)...

[2026-01-18T20:53:31Z] (unknown) $ sudo -S bash -lc 'command -v docker || command -v podman'
(unknown) [stdout]
/usr/bin/docker

(unknown) [exit 0]
[2026-01-18T20:53:32Z] [cephadm] Container engine already present on auto-openstack-infra-czhth-z4sgh.
[2026-01-18T20:53:32Z] [cephadm] Adding host auto-openstack-infra-czhth-z4sgh (192.168.111.21) to cluster...

[2026-01-18T20:53:32Z] (unknown) $ sudo -S bash -lc 'cephadm shell -- ceph orch host add auto-openstack-infra-czhth-z4sgh 192.168.111.21'
(unknown) [stderr] Inferring fsid 7802e156-f4ae-11f0-8502-002fd39d1872
(unknown) [stderr] Inferring config /var/lib/ceph/7802e156-f4ae-11f0-8502-002fd39d1872/mon.auto-openstack-infra-8xwlm/config
(unknown) [stderr] Using ceph image with id 'e40c19cd70e0' and tag 'v17.2.6' created on 2023-10-27 02:15:04 +0000 UTC
quay.io/ceph/ceph@sha256:e40c19cd70e047d14d70f5ec3cf501da081395a670cd59ca881ff56119660c8f
(unknown) [stderr]
Traceback (most recent call last):
  File "/usr/local/bin/cephadm", line 9930, in <module>
    main()
  File "/usr/local/bin/cephadm", line 9918, in main
    r = ctx.func(ctx)
        ^^^^^^^^^^^^^
  File "/usr/local/bin/cephadm", line 2196, in _infer_config
    return func(ctx)
           ^^^^^^^^^
  File "/usr/local/bin/cephadm", line 2141, in _infer_fsid
    return func(ctx)
           ^^^^^^^^^
  File "/usr/local/bin/cephadm", line 2196, in _infer_config
    return func(ctx)
           ^^^^^^^^^
  File "/usr/local/bin/cephadm", line 2224, in _infer_image
    return func(ctx)
           ^^^^^^^^^
  File "/usr/local/bin/cephadm", line 2099, in _validate_fsid
    return func(ctx)
           ^^^^^^^^^
  File "/usr/local/bin/cephadm", line 6334, in command_shell
    mounts = get_container_mounts(ctx, ctx.fsid, daemon_type, daemon_id,
             ^^^^^^^^^^^^^^^^^^^^^^^^^^^^^^^^^^^^^^^^^^^^^^^^^^^^^^^^^^^
  File "/usr/local/bin/cephadm", line 3055, in get_container_mounts
    if HostFacts(ctx).selinux_enabled:
       ^^^^^^^^^^^^^^^^^^^^^^^^^^^^^^
  File "/usr/local/bin/cephadm", line 8971, in selinux_enabled
    return (self.kernel_security['type'] == 'SELinux') and \
            ^^^^^^^^^^^^^^^^^^^^
  File "/usr/local/bin/cephadm", line 8954, in kernel_security
    ret = _fetch_apparmor()
          ^^^^^^^^^^^^^^^^^
  File "/usr/local/bin/cephadm", line 8935, in _fetch_apparmor
    item, mode = line.split(' ')
    ^^^^^^^^^^
ValueError: too many values to unpack (expected 2)

(unknown) [exit 1]
[2026-01-18T20:53:46Z] [cephadm] Host add failed for auto-openstack-infra-czhth-z4sgh: Inferring fsid 7802e156-f4ae-11f0-8502-002fd39d1872
Inferring config /var/lib/ceph/7802e156-f4ae-11f0-8502-002fd39d1872/mon.auto-openstack-infra-8xwlm/config
Using ceph image with id 'e40c19cd70e0' and tag 'v17.2.6' created on 2023-10-27 02:15:04 +0000 UTC
quay.io/ceph/ceph@sha256:e40c19cd70e047d14d70f5ec3cf501da081395a670cd59ca881ff56119660c8f
Traceback (most recent call last):
  File "/usr/local/bin/cephadm", line 9930, in <module>
    main()
  File "/usr/local/bin/cephadm", line 9918, in main
    r = ctx.func(ctx)
        ^^^^^^^^^^^^^
  File "/usr/local/bin/cephadm", line 2196, in _infer_config
    return func(ctx)
           ^^^^^^^^^
  File "/usr/local/bin/cephadm", line 2141, in _infer_fsid
    return func(ctx)
           ^^^^^^^^^
  File "/usr/local/bin/cephadm", line 2196, in _infer_config
    return func(ctx)
           ^^^^^^^^^
  File "/usr/local/bin/cephadm", line 2224, in _infer_image
    return func(ctx)
           ^^^^^^^^^
  File "/usr/local/bin/cephadm", line 2099, in _validate_fsid
    return func(ctx)
           ^^^^^^^^^
  File "/usr/local/bin/cephadm", line 6334, in command_shell
    mounts = get_container_mounts(ctx, ctx.fsid, daemon_type, daemon_id,
             ^^^^^^^^^^^^^^^^^^^^^^^^^^^^^^^^^^^^^^^^^^^^^^^^^^^^^^^^^^^
  File "/usr/local/bin/cephadm", line 3055, in get_container_mounts
    if HostFacts(ctx).selinux_enabled:
       ^^^^^^^^^^^^^^^^^^^^^^^^^^^^^^
  File "/usr/local/bin/cephadm", line 8971, in selinux_enabled
    return (self.kernel_security['type'] == 'SELinux') and \
            ^^^^^^^^^^^^^^^^^^^^
  File "/usr/local/bin/cephadm", line 8954, in kernel_security
    ret = _fetch_apparmor()
          ^^^^^^^^^^^^^^^^^
  File "/usr/local/bin/cephadm", line 8935, in _fetch_apparmor
    item, mode = line.split(' ')
    ^^^^^^^^^^
ValueError: too many values to unpack (expected 2)

[2026-01-18T20:53:46Z] [cephadm] Validating container engine on auto-openstack-infra-qgvlx (192.168.111.25)...

[2026-01-18T20:53:46Z] (unknown) $ sudo -S bash -lc 'command -v docker || command -v podman'
(unknown) [stdout]
/usr/bin/docker

(unknown) [exit 0]
[2026-01-18T20:53:47Z] [cephadm] Container engine already present on auto-openstack-infra-qgvlx.
[2026-01-18T20:53:47Z] [cephadm] Adding host auto-openstack-infra-qgvlx (192.168.111.25) to cluster...

[2026-01-18T20:53:47Z] (unknown) $ sudo -S bash -lc 'cephadm shell -- ceph orch host add auto-openstack-infra-qgvlx 192.168.111.25'
(unknown) [stderr] Inferring fsid 7802e156-f4ae-11f0-8502-002fd39d1872
(unknown) [stderr] Inferring config /var/lib/ceph/7802e156-f4ae-11f0-8502-002fd39d1872/mon.auto-openstack-infra-8xwlm/config
(unknown) [stderr] Using ceph image with id 'e40c19cd70e0' and tag 'v17.2.6' created on 2023-10-27 02:15:04 +0000 UTC
quay.io/ceph/ceph@sha256:e40c19cd70e047d14d70f5ec3cf501da081395a670cd59ca881ff56119660c8f
(unknown) [stderr]
Traceback (most recent call last):
  File "/usr/local/bin/cephadm", line 9930, in <module>
    main()
  File "/usr/local/bin/cephadm", line 9918, in main
    r = ctx.func(ctx)
        ^^^^^^^^^^^^^
  File "/usr/local/bin/cephadm", line 2196, in _infer_config
    return func(ctx)
           ^^^^^^^^^
  File "/usr/local/bin/cephadm", line 2141, in _infer_fsid
    return func(ctx)
           ^^^^^^^^^
  File "/usr/local/bin/cephadm", line 2196, in _infer_config
    return func(ctx)
           ^^^^^^^^^
  File "/usr/local/bin/cephadm", line 2224, in _infer_image
    return func(ctx)
           ^^^^^^^^^
  File "/usr/local/bin/cephadm", line 2099, in _validate_fsid
    return func(ctx)
           ^^^^^^^^^
  File "/usr/local/bin/cephadm", line 6334, in command_shell
    mounts = get_container_mounts(ctx, ctx.fsid, daemon_type, daemon_id,
             ^^^^^^^^^^^^^^^^^^^^^^^^^^^^^^^^^^^^^^^^^^^^^^^^^^^^^^^^^^^
  File "/usr/local/bin/cephadm", line 3055, in get_container_mounts
    if HostFacts(ctx).selinux_enabled:
       ^^^^^^^^^^^^^^^^^^^^^^^^^^^^^^
  File "/usr/local/bin/cephadm", line 8971, in selinux_enabled
    return (self.kernel_security['type'] == 'SELinux') and \
            ^^^^^^^^^^^^^^^^^^^^
  File "/usr/local/bin/cephadm", line 8954, in kernel_security
    ret = _fetch_apparmor()
          ^^^^^^^^^^^^^^^^^
  File "/usr/local/bin/cephadm", line 8935, in _fetch_apparmor
    item, mode = line.split(' ')
    ^^^^^^^^^^
ValueError: too many values to unpack (expected 2)

(unknown) [exit 1]
[2026-01-18T20:54:01Z] [cephadm] Host add failed for auto-openstack-infra-qgvlx: Inferring fsid 7802e156-f4ae-11f0-8502-002fd39d1872
Inferring config /var/lib/ceph/7802e156-f4ae-11f0-8502-002fd39d1872/mon.auto-openstack-infra-8xwlm/config
Using ceph image with id 'e40c19cd70e0' and tag 'v17.2.6' created on 2023-10-27 02:15:04 +0000 UTC
quay.io/ceph/ceph@sha256:e40c19cd70e047d14d70f5ec3cf501da081395a670cd59ca881ff56119660c8f
Traceback (most recent call last):
  File "/usr/local/bin/cephadm", line 9930, in <module>
    main()
  File "/usr/local/bin/cephadm", line 9918, in main
    r = ctx.func(ctx)
        ^^^^^^^^^^^^^
  File "/usr/local/bin/cephadm", line 2196, in _infer_config
    return func(ctx)
           ^^^^^^^^^
  File "/usr/local/bin/cephadm", line 2141, in _infer_fsid
    return func(ctx)
           ^^^^^^^^^
  File "/usr/local/bin/cephadm", line 2196, in _infer_config
    return func(ctx)
           ^^^^^^^^^
  File "/usr/local/bin/cephadm", line 2224, in _infer_image
    return func(ctx)
           ^^^^^^^^^
  File "/usr/local/bin/cephadm", line 2099, in _validate_fsid
    return func(ctx)
           ^^^^^^^^^
  File "/usr/local/bin/cephadm", line 6334, in command_shell
    mounts = get_container_mounts(ctx, ctx.fsid, daemon_type, daemon_id,
             ^^^^^^^^^^^^^^^^^^^^^^^^^^^^^^^^^^^^^^^^^^^^^^^^^^^^^^^^^^^
  File "/usr/local/bin/cephadm", line 3055, in get_container_mounts
    if HostFacts(ctx).selinux_enabled:
       ^^^^^^^^^^^^^^^^^^^^^^^^^^^^^^
  File "/usr/local/bin/cephadm", line 8971, in selinux_enabled
    return (self.kernel_security['type'] == 'SELinux') and \
            ^^^^^^^^^^^^^^^^^^^^
  File "/usr/local/bin/cephadm", line 8954, in kernel_security
    ret = _fetch_apparmor()
          ^^^^^^^^^^^^^^^^^
  File "/usr/local/bin/cephadm", line 8935, in _fetch_apparmor
    item, mode = line.split(' ')
    ^^^^^^^^^^
ValueError: too many values to unpack (expected 2)

[2026-01-18T20:54:01Z] [cephadm] Validating container engine on auto-openstack-infra-vvdw4 (192.168.111.20)...

[2026-01-18T20:54:01Z] (unknown) $ sudo -S bash -lc 'command -v docker || command -v podman'
(unknown) [stdout]
/usr/bin/docker

(unknown) [exit 0]
[2026-01-18T20:54:02Z] [cephadm] Container engine already present on auto-openstack-infra-vvdw4.
[2026-01-18T20:54:02Z] [cephadm] Adding host auto-openstack-infra-vvdw4 (192.168.111.20) to cluster...

[2026-01-18T20:54:02Z] (unknown) $ sudo -S bash -lc 'cephadm shell -- ceph orch host add auto-openstack-infra-vvdw4 192.168.111.20'
(unknown) [stderr] Inferring fsid 7802e156-f4ae-11f0-8502-002fd39d1872
(unknown) [stderr] Inferring config /var/lib/ceph/7802e156-f4ae-11f0-8502-002fd39d1872/mon.auto-openstack-infra-8xwlm/config
(unknown) [stderr] Using ceph image with id 'e40c19cd70e0' and tag 'v17.2.6' created on 2023-10-27 02:15:04 +0000 UTC
quay.io/ceph/ceph@sha256:e40c19cd70e047d14d70f5ec3cf501da081395a670cd59ca881ff56119660c8f
(unknown) [stderr]
Traceback (most recent call last):
  File "/usr/local/bin/cephadm", line 9930, in <module>
    main()
  File "/usr/local/bin/cephadm", line 9918, in main
    r = ctx.func(ctx)
        ^^^^^^^^^^^^^
  File "/usr/local/bin/cephadm", line 2196, in _infer_config
    return func(ctx)
           ^^^^^^^^^
  File "/usr/local/bin/cephadm", line 2141, in _infer_fsid
    return func(ctx)
           ^^^^^^^^^
  File "/usr/local/bin/cephadm", line 2196, in _infer_config
    return func(ctx)
           ^^^^^^^^^
  File "/usr/local/bin/cephadm", line 2224, in _infer_image
    return func(ctx)
           ^^^^^^^^^
  File "/usr/local/bin/cephadm", line 2099, in _validate_fsid
    return func(ctx)
           ^^^^^^^^^
  File "/usr/local/bin/cephadm", line 6334, in command_shell
    mounts = get_container_mounts(ctx, ctx.fsid, daemon_type, daemon_id,
             ^^^^^^^^^^^^^^^^^^^^^^^^^^^^^^^^^^^^^^^^^^^^^^^^^^^^^^^^^^^
  File "/usr/local/bin/cephadm", line 3055, in get_container_mounts
    if HostFacts(ctx).selinux_enabled:
       ^^^^^^^^^^^^^^^^^^^^^^^^^^^^^^
  File "/usr/local/bin/cephadm", line 8971, in selinux_enabled
    return (self.kernel_security['type'] == 'SELinux') and \
            ^^^^^^^^^^^^^^^^^^^^
  File "/usr/local/bin/cephadm", line 8954, in kernel_security
    ret = _fetch_apparmor()
          ^^^^^^^^^^^^^^^^^
  File "/usr/local/bin/cephadm", line 8935, in _fetch_apparmor
    item, mode = line.split(' ')
    ^^^^^^^^^^
ValueError: too many values to unpack (expected 2)

(unknown) [exit 1]
[2026-01-18T20:54:15Z] [cephadm] Host add failed for auto-openstack-infra-vvdw4: Inferring fsid 7802e156-f4ae-11f0-8502-002fd39d1872
Inferring config /var/lib/ceph/7802e156-f4ae-11f0-8502-002fd39d1872/mon.auto-openstack-infra-8xwlm/config
Using ceph image with id 'e40c19cd70e0' and tag 'v17.2.6' created on 2023-10-27 02:15:04 +0000 UTC
quay.io/ceph/ceph@sha256:e40c19cd70e047d14d70f5ec3cf501da081395a670cd59ca881ff56119660c8f
Traceback (most recent call last):
  File "/usr/local/bin/cephadm", line 9930, in <module>
    main()
  File "/usr/local/bin/cephadm", line 9918, in main
    r = ctx.func(ctx)
        ^^^^^^^^^^^^^
  File "/usr/local/bin/cephadm", line 2196, in _infer_config
    return func(ctx)
           ^^^^^^^^^
  File "/usr/local/bin/cephadm", line 2141, in _infer_fsid
    return func(ctx)
           ^^^^^^^^^
  File "/usr/local/bin/cephadm", line 2196, in _infer_config
    return func(ctx)
           ^^^^^^^^^
  File "/usr/local/bin/cephadm", line 2224, in _infer_image
    return func(ctx)
           ^^^^^^^^^
  File "/usr/local/bin/cephadm", line 2099, in _validate_fsid
    return func(ctx)
           ^^^^^^^^^
  File "/usr/local/bin/cephadm", line 6334, in command_shell
    mounts = get_container_mounts(ctx, ctx.fsid, daemon_type, daemon_id,
             ^^^^^^^^^^^^^^^^^^^^^^^^^^^^^^^^^^^^^^^^^^^^^^^^^^^^^^^^^^^
  File "/usr/local/bin/cephadm", line 3055, in get_container_mounts
    if HostFacts(ctx).selinux_enabled:
       ^^^^^^^^^^^^^^^^^^^^^^^^^^^^^^
  File "/usr/local/bin/cephadm", line 8971, in selinux_enabled
    return (self.kernel_security['type'] == 'SELinux') and \
            ^^^^^^^^^^^^^^^^^^^^
  File "/usr/local/bin/cephadm", line 8954, in kernel_security
    ret = _fetch_apparmor()
          ^^^^^^^^^^^^^^^^^
  File "/usr/local/bin/cephadm", line 8935, in _fetch_apparmor
    item, mode = line.split(' ')
    ^^^^^^^^^^
ValueError: too many values to unpack (expected 2)


[2026-01-18T20:54:15Z] (unknown) $ sudo -S bash -lc 'ceph orch restart mgr'
(unknown) [stderr]
bash: line 1: ceph: command not found

(unknown) [exit 127]

[2026-01-18T20:54:16Z] (unknown) $ sudo -S bash -lc 'cephadm shell -- ceph orch apply mon --placement="count:3"'
(unknown) [stderr] Inferring fsid 7802e156-f4ae-11f0-8502-002fd39d1872
(unknown) [stderr] Inferring config /var/lib/ceph/7802e156-f4ae-11f0-8502-002fd39d1872/mon.auto-openstack-infra-8xwlm/config
(unknown) [stderr] Using ceph image with id 'e40c19cd70e0' and tag 'v17.2.6' created on 2023-10-27 02:15:04 +0000 UTC
quay.io/ceph/ceph@sha256:e40c19cd70e047d14d70f5ec3cf501da081395a670cd59ca881ff56119660c8f
(unknown) [stderr]
Traceback (most recent call last):
  File "/usr/local/bin/cephadm", line 9930, in <module>
    main()
  File "/usr/local/bin/cephadm", line 9918, in main
    r = ctx.func(ctx)
        ^^^^^^^^^^^^^
  File "/usr/local/bin/cephadm", line 2196, in _infer_config
    return func(ctx)
           ^^^^^^^^^
  File "/usr/local/bin/cephadm", line 2141, in _infer_fsid
    return func(ctx)
           ^^^^^^^^^
  File "/usr/local/bin/cephadm", line 2196, in _infer_config
    return func(ctx)
           ^^^^^^^^^
  File "/usr/local/bin/cephadm", line 2224, in _infer_image
    return func(ctx)
           ^^^^^^^^^
  File "/usr/local/bin/cephadm", line 2099, in _validate_fsid
    return func(ctx)
           ^^^^^^^^^
  File "/usr/local/bin/cephadm", line 6334, in command_shell
    mounts = get_container_mounts(ctx, ctx.fsid, daemon_type, daemon_id,
             ^^^^^^^^^^^^^^^^^^^^^^^^^^^^^^^^^^^^^^^^^^^^^^^^^^^^^^^^^^^
  File "/usr/local/bin/cephadm", line 3055, in get_container_mounts
    if HostFacts(ctx).selinux_enabled:
       ^^^^^^^^^^^^^^^^^^^^^^^^^^^^^^
  File "/usr/local/bin/cephadm", line 8971, in selinux_enabled
    return (self.kernel_security['type'] == 'SELinux') and \
            ^^^^^^^^^^^^^^^^^^^^
  File "/usr/local/bin/cephadm", line 8954, in kernel_security
    ret = _fetch_apparmor()
          ^^^^^^^^^^^^^^^^^
  File "/usr/local/bin/cephadm", line 8935, in _fetch_apparmor
    item, mode = line.split(' ')
    ^^^^^^^^^^
ValueError: too many values to unpack (expected 2)

(unknown) [exit 1]

[2026-01-18T20:54:29Z] (unknown) $ sudo -S bash -lc 'cephadm shell -- ceph orch apply mgr --placement="count:2"'
(unknown) [stderr] Inferring fsid 7802e156-f4ae-11f0-8502-002fd39d1872
(unknown) [stderr] Inferring config /var/lib/ceph/7802e156-f4ae-11f0-8502-002fd39d1872/mon.auto-openstack-infra-8xwlm/config
(unknown) [stderr] Using ceph image with id 'e40c19cd70e0' and tag 'v17.2.6' created on 2023-10-27 02:15:04 +0000 UTC
quay.io/ceph/ceph@sha256:e40c19cd70e047d14d70f5ec3cf501da081395a670cd59ca881ff56119660c8f
(unknown) [stderr]
Traceback (most recent call last):
  File "/usr/local/bin/cephadm", line 9930, in <module>
    main()
  File "/usr/local/bin/cephadm", line 9918, in main
    r = ctx.func(ctx)
        ^^^^^^^^^^^^^
  File "/usr/local/bin/cephadm", line 2196, in _infer_config
    return func(ctx)
           ^^^^^^^^^
  File "/usr/local/bin/cephadm", line 2141, in _infer_fsid
    return func(ctx)
           ^^^^^^^^^
  File "/usr/local/bin/cephadm", line 2196, in _infer_config
    return func(ctx)
           ^^^^^^^^^
  File "/usr/local/bin/cephadm", line 2224, in _infer_image
    return func(ctx)
           ^^^^^^^^^
  File "/usr/local/bin/cephadm", line 2099, in _validate_fsid
    return func(ctx)
           ^^^^^^^^^
  File "/usr/local/bin/cephadm", line 6334, in command_shell
    mounts = get_container_mounts(ctx, ctx.fsid, daemon_type, daemon_id,
             ^^^^^^^^^^^^^^^^^^^^^^^^^^^^^^^^^^^^^^^^^^^^^^^^^^^^^^^^^^^
  File "/usr/local/bin/cephadm", line 3055, in get_container_mounts
    if HostFacts(ctx).selinux_enabled:
       ^^^^^^^^^^^^^^^^^^^^^^^^^^^^^^
  File "/usr/local/bin/cephadm", line 8971, in selinux_enabled
    return (self.kernel_security['type'] == 'SELinux') and \
            ^^^^^^^^^^^^^^^^^^^^
  File "/usr/local/bin/cephadm", line 8954, in kernel_security
    ret = _fetch_apparmor()
          ^^^^^^^^^^^^^^^^^
  File "/usr/local/bin/cephadm", line 8935, in _fetch_apparmor
    item, mode = line.split(' ')
    ^^^^^^^^^^
ValueError: too many values to unpack (expected 2)

(unknown) [exit 1]

[2026-01-18T20:54:43Z] (unknown) $ sudo -S bash -lc 'cephadm shell -- ceph orch daemon add osd auto-openstack-infra-8xwlm:/dev/vda'
(unknown) [stderr] Inferring fsid 7802e156-f4ae-11f0-8502-002fd39d1872
(unknown) [stderr] Inferring config /var/lib/ceph/7802e156-f4ae-11f0-8502-002fd39d1872/mon.auto-openstack-infra-8xwlm/config
(unknown) [stderr] Using ceph image with id 'e40c19cd70e0' and tag 'v17.2.6' created on 2023-10-27 02:15:04 +0000 UTC
quay.io/ceph/ceph@sha256:e40c19cd70e047d14d70f5ec3cf501da081395a670cd59ca881ff56119660c8f
(unknown) [stderr]
Traceback (most recent call last):
  File "/usr/local/bin/cephadm", line 9930, in <module>
    main()
  File "/usr/local/bin/cephadm", line 9918, in main
    r = ctx.func(ctx)
        ^^^^^^^^^^^^^
  File "/usr/local/bin/cephadm", line 2196, in _infer_config
    return func(ctx)
           ^^^^^^^^^
  File "/usr/local/bin/cephadm", line 2141, in _infer_fsid
    return func(ctx)
           ^^^^^^^^^
  File "/usr/local/bin/cephadm", line 2196, in _infer_config
    return func(ctx)
           ^^^^^^^^^
  File "/usr/local/bin/cephadm", line 2224, in _infer_image
    return func(ctx)
           ^^^^^^^^^
  File "/usr/local/bin/cephadm", line 2099, in _validate_fsid
    return func(ctx)
           ^^^^^^^^^
  File "/usr/local/bin/cephadm", line 6334, in command_shell
    mounts = get_container_mounts(ctx, ctx.fsid, daemon_type, daemon_id,
             ^^^^^^^^^^^^^^^^^^^^^^^^^^^^^^^^^^^^^^^^^^^^^^^^^^^^^^^^^^^
  File "/usr/local/bin/cephadm", line 3055, in get_container_mounts
    if HostFacts(ctx).selinux_enabled:
       ^^^^^^^^^^^^^^^^^^^^^^^^^^^^^^
  File "/usr/local/bin/cephadm", line 8971, in selinux_enabled
    return (self.kernel_security['type'] == 'SELinux') and \
            ^^^^^^^^^^^^^^^^^^^^
  File "/usr/local/bin/cephadm", line 8954, in kernel_security
    ret = _fetch_apparmor()
          ^^^^^^^^^^^^^^^^^
  File "/usr/local/bin/cephadm", line 8935, in _fetch_apparmor
    item, mode = line.split(' ')
    ^^^^^^^^^^
ValueError: too many values to unpack (expected 2)

(unknown) [exit 1]

[2026-01-18T20:54:56Z] (unknown) $ sudo -S bash -lc 'cephadm shell -- ceph orch daemon add osd auto-openstack-infra-czhth-qb87b:/dev/vda'
(unknown) [stderr] Inferring fsid 7802e156-f4ae-11f0-8502-002fd39d1872
(unknown) [stderr] Inferring config /var/lib/ceph/7802e156-f4ae-11f0-8502-002fd39d1872/mon.auto-openstack-infra-8xwlm/config
(unknown) [stderr] Using ceph image with id 'e40c19cd70e0' and tag 'v17.2.6' created on 2023-10-27 02:15:04 +0000 UTC
quay.io/ceph/ceph@sha256:e40c19cd70e047d14d70f5ec3cf501da081395a670cd59ca881ff56119660c8f
(unknown) [stderr]
Traceback (most recent call last):
  File "/usr/local/bin/cephadm", line 9930, in <module>
    main()
  File "/usr/local/bin/cephadm", line 9918, in main
    r = ctx.func(ctx)
        ^^^^^^^^^^^^^
  File "/usr/local/bin/cephadm", line 2196, in _infer_config
    return func(ctx)
           ^^^^^^^^^
  File "/usr/local/bin/cephadm", line 2141, in _infer_fsid
    return func(ctx)
           ^^^^^^^^^
  File "/usr/local/bin/cephadm", line 2196, in _infer_config
    return func(ctx)
           ^^^^^^^^^
  File "/usr/local/bin/cephadm", line 2224, in _infer_image
    return func(ctx)
           ^^^^^^^^^
  File "/usr/local/bin/cephadm", line 2099, in _validate_fsid
    return func(ctx)
           ^^^^^^^^^
  File "/usr/local/bin/cephadm", line 6334, in command_shell
    mounts = get_container_mounts(ctx, ctx.fsid, daemon_type, daemon_id,
             ^^^^^^^^^^^^^^^^^^^^^^^^^^^^^^^^^^^^^^^^^^^^^^^^^^^^^^^^^^^
  File "/usr/local/bin/cephadm", line 3055, in get_container_mounts
    if HostFacts(ctx).selinux_enabled:
       ^^^^^^^^^^^^^^^^^^^^^^^^^^^^^^
  File "/usr/local/bin/cephadm", line 8971, in selinux_enabled
    return (self.kernel_security['type'] == 'SELinux') and \
            ^^^^^^^^^^^^^^^^^^^^
  File "/usr/local/bin/cephadm", line 8954, in kernel_security
    ret = _fetch_apparmor()
          ^^^^^^^^^^^^^^^^^
  File "/usr/local/bin/cephadm", line 8935, in _fetch_apparmor
    item, mode = line.split(' ')
    ^^^^^^^^^^
ValueError: too many values to unpack (expected 2)

(unknown) [exit 1]

[2026-01-18T20:55:09Z] (unknown) $ sudo -S bash -lc 'cephadm shell -- ceph orch daemon add osd auto-openstack-infra-czhth-svkqn:/dev/vda'
(unknown) [stderr] Inferring fsid 7802e156-f4ae-11f0-8502-002fd39d1872
(unknown) [stderr] Inferring config /var/lib/ceph/7802e156-f4ae-11f0-8502-002fd39d1872/mon.auto-openstack-infra-8xwlm/config
(unknown) [stderr] Using ceph image with id 'e40c19cd70e0' and tag 'v17.2.6' created on 2023-10-27 02:15:04 +0000 UTC
quay.io/ceph/ceph@sha256:e40c19cd70e047d14d70f5ec3cf501da081395a670cd59ca881ff56119660c8f
(unknown) [stderr]
Traceback (most recent call last):
  File "/usr/local/bin/cephadm", line 9930, in <module>
    main()
  File "/usr/local/bin/cephadm", line 9918, in main
    r = ctx.func(ctx)
        ^^^^^^^^^^^^^
  File "/usr/local/bin/cephadm", line 2196, in _infer_config
    return func(ctx)
           ^^^^^^^^^
  File "/usr/local/bin/cephadm", line 2141, in _infer_fsid
    return func(ctx)
           ^^^^^^^^^
  File "/usr/local/bin/cephadm", line 2196, in _infer_config
    return func(ctx)
           ^^^^^^^^^
  File "/usr/local/bin/cephadm", line 2224, in _infer_image
    return func(ctx)
           ^^^^^^^^^
  File "/usr/local/bin/cephadm", line 2099, in _validate_fsid
    return func(ctx)
           ^^^^^^^^^
  File "/usr/local/bin/cephadm", line 6334, in command_shell
    mounts = get_container_mounts(ctx, ctx.fsid, daemon_type, daemon_id,
             ^^^^^^^^^^^^^^^^^^^^^^^^^^^^^^^^^^^^^^^^^^^^^^^^^^^^^^^^^^^
  File "/usr/local/bin/cephadm", line 3055, in get_container_mounts
    if HostFacts(ctx).selinux_enabled:
       ^^^^^^^^^^^^^^^^^^^^^^^^^^^^^^
  File "/usr/local/bin/cephadm", line 8971, in selinux_enabled
    return (self.kernel_security['type'] == 'SELinux') and \
            ^^^^^^^^^^^^^^^^^^^^
  File "/usr/local/bin/cephadm", line 8954, in kernel_security
    ret = _fetch_apparmor()
          ^^^^^^^^^^^^^^^^^
  File "/usr/local/bin/cephadm", line 8935, in _fetch_apparmor
    item, mode = line.split(' ')
    ^^^^^^^^^^
ValueError: too many values to unpack (expected 2)

(unknown) [exit 1]

[2026-01-18T20:55:23Z] (unknown) $ sudo -S bash -lc 'cephadm shell -- ceph orch daemon add osd auto-openstack-infra-czhth-z4sgh:/dev/vda'
(unknown) [stderr] Inferring fsid 7802e156-f4ae-11f0-8502-002fd39d1872
(unknown) [stderr] Inferring config /var/lib/ceph/7802e156-f4ae-11f0-8502-002fd39d1872/mon.auto-openstack-infra-8xwlm/config
(unknown) [stderr] Using ceph image with id 'e40c19cd70e0' and tag 'v17.2.6' created on 2023-10-27 02:15:04 +0000 UTC
quay.io/ceph/ceph@sha256:e40c19cd70e047d14d70f5ec3cf501da081395a670cd59ca881ff56119660c8f
(unknown) [stderr]
Traceback (most recent call last):
  File "/usr/local/bin/cephadm", line 9930, in <module>
    main()
  File "/usr/local/bin/cephadm", line 9918, in main
    r = ctx.func(ctx)
        ^^^^^^^^^^^^^
  File "/usr/local/bin/cephadm", line 2196, in _infer_config
    return func(ctx)
           ^^^^^^^^^
  File "/usr/local/bin/cephadm", line 2141, in _infer_fsid
    return func(ctx)
           ^^^^^^^^^
  File "/usr/local/bin/cephadm", line 2196, in _infer_config
    return func(ctx)
           ^^^^^^^^^
  File "/usr/local/bin/cephadm", line 2224, in _infer_image
    return func(ctx)
           ^^^^^^^^^
  File "/usr/local/bin/cephadm", line 2099, in _validate_fsid
    return func(ctx)
           ^^^^^^^^^
  File "/usr/local/bin/cephadm", line 6334, in command_shell
    mounts = get_container_mounts(ctx, ctx.fsid, daemon_type, daemon_id,
             ^^^^^^^^^^^^^^^^^^^^^^^^^^^^^^^^^^^^^^^^^^^^^^^^^^^^^^^^^^^
  File "/usr/local/bin/cephadm", line 3055, in get_container_mounts
    if HostFacts(ctx).selinux_enabled:
       ^^^^^^^^^^^^^^^^^^^^^^^^^^^^^^
  File "/usr/local/bin/cephadm", line 8971, in selinux_enabled
    return (self.kernel_security['type'] == 'SELinux') and \
            ^^^^^^^^^^^^^^^^^^^^
  File "/usr/local/bin/cephadm", line 8954, in kernel_security
    ret = _fetch_apparmor()
          ^^^^^^^^^^^^^^^^^
  File "/usr/local/bin/cephadm", line 8935, in _fetch_apparmor
    item, mode = line.split(' ')
    ^^^^^^^^^^
ValueError: too many values to unpack (expected 2)

(unknown) [exit 1]

[2026-01-18T20:55:36Z] (unknown) $ sudo -S bash -lc 'cephadm shell -- ceph orch daemon add osd auto-openstack-infra-qgvlx:/dev/vda'
(unknown) [stderr] Inferring fsid 7802e156-f4ae-11f0-8502-002fd39d1872
(unknown) [stderr] Inferring config /var/lib/ceph/7802e156-f4ae-11f0-8502-002fd39d1872/mon.auto-openstack-infra-8xwlm/config
(unknown) [stderr] Using ceph image with id 'e40c19cd70e0' and tag 'v17.2.6' created on 2023-10-27 02:15:04 +0000 UTC
quay.io/ceph/ceph@sha256:e40c19cd70e047d14d70f5ec3cf501da081395a670cd59ca881ff56119660c8f
(unknown) [stderr]
Traceback (most recent call last):
  File "/usr/local/bin/cephadm", line 9930, in <module>
    main()
  File "/usr/local/bin/cephadm", line 9918, in main
    r = ctx.func(ctx)
        ^^^^^^^^^^^^^
  File "/usr/local/bin/cephadm", line 2196, in _infer_config
    return func(ctx)
           ^^^^^^^^^
  File "/usr/local/bin/cephadm", line 2141, in _infer_fsid
    return func(ctx)
           ^^^^^^^^^
  File "/usr/local/bin/cephadm", line 2196, in _infer_config
    return func(ctx)
           ^^^^^^^^^
  File "/usr/local/bin/cephadm", line 2224, in _infer_image
    return func(ctx)
           ^^^^^^^^^
  File "/usr/local/bin/cephadm", line 2099, in _validate_fsid
    return func(ctx)
           ^^^^^^^^^
  File "/usr/local/bin/cephadm", line 6334, in command_shell
    mounts = get_container_mounts(ctx, ctx.fsid, daemon_type, daemon_id,
             ^^^^^^^^^^^^^^^^^^^^^^^^^^^^^^^^^^^^^^^^^^^^^^^^^^^^^^^^^^^
  File "/usr/local/bin/cephadm", line 3055, in get_container_mounts
    if HostFacts(ctx).selinux_enabled:
       ^^^^^^^^^^^^^^^^^^^^^^^^^^^^^^
  File "/usr/local/bin/cephadm", line 8971, in selinux_enabled
    return (self.kernel_security['type'] == 'SELinux') and \
            ^^^^^^^^^^^^^^^^^^^^
  File "/usr/local/bin/cephadm", line 8954, in kernel_security
    ret = _fetch_apparmor()
          ^^^^^^^^^^^^^^^^^
  File "/usr/local/bin/cephadm", line 8935, in _fetch_apparmor
    item, mode = line.split(' ')
    ^^^^^^^^^^
ValueError: too many values to unpack (expected 2)

(unknown) [exit 1]

[2026-01-18T20:55:49Z] (unknown) $ sudo -S bash -lc 'cephadm shell -- ceph orch daemon add osd auto-openstack-infra-vvdw4:/dev/vda'
(unknown) [stderr] Inferring fsid 7802e156-f4ae-11f0-8502-002fd39d1872
(unknown) [stderr] Inferring config /var/lib/ceph/7802e156-f4ae-11f0-8502-002fd39d1872/mon.auto-openstack-infra-8xwlm/config
(unknown) [stderr] Using ceph image with id 'e40c19cd70e0' and tag 'v17.2.6' created on 2023-10-27 02:15:04 +0000 UTC
quay.io/ceph/ceph@sha256:e40c19cd70e047d14d70f5ec3cf501da081395a670cd59ca881ff56119660c8f
(unknown) [stderr]
Traceback (most recent call last):
  File "/usr/local/bin/cephadm", line 9930, in <module>
    main()
  File "/usr/local/bin/cephadm", line 9918, in main
    r = ctx.func(ctx)
        ^^^^^^^^^^^^^
  File "/usr/local/bin/cephadm", line 2196, in _infer_config
    return func(ctx)
           ^^^^^^^^^
  File "/usr/local/bin/cephadm", line 2141, in _infer_fsid
    return func(ctx)
           ^^^^^^^^^
  File "/usr/local/bin/cephadm", line 2196, in _infer_config
    return func(ctx)
           ^^^^^^^^^
  File "/usr/local/bin/cephadm", line 2224, in _infer_image
    return func(ctx)
           ^^^^^^^^^
  File "/usr/local/bin/cephadm", line 2099, in _validate_fsid
    return func(ctx)
           ^^^^^^^^^
  File "/usr/local/bin/cephadm", line 6334, in command_shell
    mounts = get_container_mounts(ctx, ctx.fsid, daemon_type, daemon_id,
             ^^^^^^^^^^^^^^^^^^^^^^^^^^^^^^^^^^^^^^^^^^^^^^^^^^^^^^^^^^^
  File "/usr/local/bin/cephadm", line 3055, in get_container_mounts
    if HostFacts(ctx).selinux_enabled:
       ^^^^^^^^^^^^^^^^^^^^^^^^^^^^^^
  File "/usr/local/bin/cephadm", line 8971, in selinux_enabled
    return (self.kernel_security['type'] == 'SELinux') and \
            ^^^^^^^^^^^^^^^^^^^^
  File "/usr/local/bin/cephadm", line 8954, in kernel_security
    ret = _fetch_apparmor()
          ^^^^^^^^^^^^^^^^^
  File "/usr/local/bin/cephadm", line 8935, in _fetch_apparmor
    item, mode = line.split(' ')
    ^^^^^^^^^^
ValueError: too many values to unpack (expected 2)

(unknown) [exit 1]

[2026-01-18T20:56:03Z] (unknown) $ sudo -S bash -lc 'cephadm shell -- ceph -s'
(unknown) [stderr] Inferring fsid 7802e156-f4ae-11f0-8502-002fd39d1872
(unknown) [stderr] Inferring config /var/lib/ceph/7802e156-f4ae-11f0-8502-002fd39d1872/mon.auto-openstack-infra-8xwlm/config
(unknown) [stderr] Using ceph image with id 'e40c19cd70e0' and tag 'v17.2.6' created on 2023-10-27 02:15:04 +0000 UTC
quay.io/ceph/ceph@sha256:e40c19cd70e047d14d70f5ec3cf501da081395a670cd59ca881ff56119660c8f
(unknown) [stderr]
Traceback (most recent call last):
  File "/usr/local/bin/cephadm", line 9930, in <module>
    main()
  File "/usr/local/bin/cephadm", line 9918, in main
    r = ctx.func(ctx)
        ^^^^^^^^^^^^^
  File "/usr/local/bin/cephadm", line 2196, in _infer_config
    return func(ctx)
           ^^^^^^^^^
  File "/usr/local/bin/cephadm", line 2141, in _infer_fsid
    return func(ctx)
           ^^^^^^^^^
  File "/usr/local/bin/cephadm", line 2196, in _infer_config
    return func(ctx)
           ^^^^^^^^^
  File "/usr/local/bin/cephadm", line 2224, in _infer_image
    return func(ctx)
           ^^^^^^^^^
  File "/usr/local/bin/cephadm", line 2099, in _validate_fsid
    return func(ctx)
           ^^^^^^^^^
  File "/usr/local/bin/cephadm", line 6334, in command_shell
    mounts = get_container_mounts(ctx, ctx.fsid, daemon_type, daemon_id,
             ^^^^^^^^^^^^^^^^^^^^^^^^^^^^^^^^^^^^^^^^^^^^^^^^^^^^^^^^^^^
  File "/usr/local/bin/cephadm", line 3055, in get_container_mounts
    if HostFacts(ctx).selinux_enabled:
       ^^^^^^^^^^^^^^^^^^^^^^^^^^^^^^
  File "/usr/local/bin/cephadm", line 8971, in selinux_enabled
    return (self.kernel_security['type'] == 'SELinux') and \
            ^^^^^^^^^^^^^^^^^^^^
  File "/usr/local/bin/cephadm", line 8954, in kernel_security
    ret = _fetch_apparmor()
          ^^^^^^^^^^^^^^^^^
  File "/usr/local/bin/cephadm", line 8935, in _fetch_apparmor
    item, mode = line.split(' ')
    ^^^^^^^^^^
ValueError: too many values to unpack (expected 2)

(unknown) [exit 1]
