# Ceph deployment log started 20260118T214805Z UTC


[2026-01-18T21:48:05Z] (unknown) $ sudo -S bash -lc 'command -v docker || command -v podman'
(unknown) [stdout]
/usr/bin/docker

(unknown) [exit 0]

[2026-01-18T21:48:06Z] (unknown) $ bash -lc 'command -v cephadm || echo MISSING'
(unknown) [stdout]
/usr/local/bin/cephadm

(unknown) [exit 0]
[2026-01-18T21:48:06Z] [ceph] Fixing cephadm on auto-openstack-infra-8xwlm

[2026-01-18T21:48:06Z] (auto-openstack-infra-8xwlm) $ sudo -S bash -lc '
    set -euo pipefail

    patch_file() {
    f="$1"
    [ -f "$f" ] || return 0

    if ! grep -q "item, mode = line.split" "$f"; then
        echo "ERROR: expected AppArmor line not found in $f" >&2
        exit 1
    fi

    cp "$f" "$f.bak"

    python3 - <<EOF
    from pathlib import Path
    p = Path("$f")
    txt = p.read_text()
    txt = txt.replace(
        "item, mode = line.split('\'' '\'')",
        "item, mode = line.split(None, 1)"
    ).replace(
        '\''item, mode = line.split(" ")'\'',
        "item, mode = line.split(None, 1)"
    )
    p.write_text(txt)
    EOF

    python3 -m py_compile "$f"
    }

    # System cephadm binaries
    patch_file /usr/local/bin/cephadm
    patch_file /usr/sbin/cephadm

    # Runtime cephadm copies
    for f in /var/lib/ceph/*/cephadm.*; do
    patch_file "$f"
    done
    '
(auto-openstack-infra-8xwlm) [stderr]
bash: line 40: warning: here-document at line 15 delimited by end-of-file (wanted `EOF')
bash: -c: line 41: syntax error: unexpected end of file

(auto-openstack-infra-8xwlm) [exit 2]
[2026-01-18T21:48:06Z] [ceph] Fixing cephadm on auto-openstack-infra-czhth-qb87b

[2026-01-18T21:48:06Z] (auto-openstack-infra-czhth-qb87b) $ sudo -S bash -lc '
    set -euo pipefail

    patch_file() {
    f="$1"
    [ -f "$f" ] || return 0

    if ! grep -q "item, mode = line.split" "$f"; then
        echo "ERROR: expected AppArmor line not found in $f" >&2
        exit 1
    fi

    cp "$f" "$f.bak"

    python3 - <<EOF
    from pathlib import Path
    p = Path("$f")
    txt = p.read_text()
    txt = txt.replace(
        "item, mode = line.split('\'' '\'')",
        "item, mode = line.split(None, 1)"
    ).replace(
        '\''item, mode = line.split(" ")'\'',
        "item, mode = line.split(None, 1)"
    )
    p.write_text(txt)
    EOF

    python3 -m py_compile "$f"
    }

    # System cephadm binaries
    patch_file /usr/local/bin/cephadm
    patch_file /usr/sbin/cephadm

    # Runtime cephadm copies
    for f in /var/lib/ceph/*/cephadm.*; do
    patch_file "$f"
    done
    '
(auto-openstack-infra-czhth-qb87b) [stderr]
bash: line 40: warning: here-document at line 15 delimited by end-of-file (wanted `EOF')
bash: -c: line 41: syntax error: unexpected end of file

(auto-openstack-infra-czhth-qb87b) [exit 2]
[2026-01-18T21:48:08Z] [ceph] Fixing cephadm on auto-openstack-infra-czhth-svkqn

[2026-01-18T21:48:08Z] (auto-openstack-infra-czhth-svkqn) $ sudo -S bash -lc '
    set -euo pipefail

    patch_file() {
    f="$1"
    [ -f "$f" ] || return 0

    if ! grep -q "item, mode = line.split" "$f"; then
        echo "ERROR: expected AppArmor line not found in $f" >&2
        exit 1
    fi

    cp "$f" "$f.bak"

    python3 - <<EOF
    from pathlib import Path
    p = Path("$f")
    txt = p.read_text()
    txt = txt.replace(
        "item, mode = line.split('\'' '\'')",
        "item, mode = line.split(None, 1)"
    ).replace(
        '\''item, mode = line.split(" ")'\'',
        "item, mode = line.split(None, 1)"
    )
    p.write_text(txt)
    EOF

    python3 -m py_compile "$f"
    }

    # System cephadm binaries
    patch_file /usr/local/bin/cephadm
    patch_file /usr/sbin/cephadm

    # Runtime cephadm copies
    for f in /var/lib/ceph/*/cephadm.*; do
    patch_file "$f"
    done
    '
(auto-openstack-infra-czhth-svkqn) [stderr]
bash: line 40: warning: here-document at line 15 delimited by end-of-file (wanted `EOF')
bash: -c: line 41: syntax error: unexpected end of file

(auto-openstack-infra-czhth-svkqn) [exit 2]
[2026-01-18T21:48:09Z] [ceph] Fixing cephadm on auto-openstack-infra-czhth-z4sgh

[2026-01-18T21:48:09Z] (auto-openstack-infra-czhth-z4sgh) $ sudo -S bash -lc '
    set -euo pipefail

    patch_file() {
    f="$1"
    [ -f "$f" ] || return 0

    if ! grep -q "item, mode = line.split" "$f"; then
        echo "ERROR: expected AppArmor line not found in $f" >&2
        exit 1
    fi

    cp "$f" "$f.bak"

    python3 - <<EOF
    from pathlib import Path
    p = Path("$f")
    txt = p.read_text()
    txt = txt.replace(
        "item, mode = line.split('\'' '\'')",
        "item, mode = line.split(None, 1)"
    ).replace(
        '\''item, mode = line.split(" ")'\'',
        "item, mode = line.split(None, 1)"
    )
    p.write_text(txt)
    EOF

    python3 -m py_compile "$f"
    }

    # System cephadm binaries
    patch_file /usr/local/bin/cephadm
    patch_file /usr/sbin/cephadm

    # Runtime cephadm copies
    for f in /var/lib/ceph/*/cephadm.*; do
    patch_file "$f"
    done
    '
(auto-openstack-infra-czhth-z4sgh) [stderr]
bash: line 40: warning: here-document at line 15 delimited by end-of-file (wanted `EOF')
bash: -c: line 41: syntax error: unexpected end of file

(auto-openstack-infra-czhth-z4sgh) [exit 2]
[2026-01-18T21:48:11Z] [ceph] Fixing cephadm on auto-openstack-infra-qgvlx

[2026-01-18T21:48:11Z] (auto-openstack-infra-qgvlx) $ sudo -S bash -lc '
    set -euo pipefail

    patch_file() {
    f="$1"
    [ -f "$f" ] || return 0

    if ! grep -q "item, mode = line.split" "$f"; then
        echo "ERROR: expected AppArmor line not found in $f" >&2
        exit 1
    fi

    cp "$f" "$f.bak"

    python3 - <<EOF
    from pathlib import Path
    p = Path("$f")
    txt = p.read_text()
    txt = txt.replace(
        "item, mode = line.split('\'' '\'')",
        "item, mode = line.split(None, 1)"
    ).replace(
        '\''item, mode = line.split(" ")'\'',
        "item, mode = line.split(None, 1)"
    )
    p.write_text(txt)
    EOF

    python3 -m py_compile "$f"
    }

    # System cephadm binaries
    patch_file /usr/local/bin/cephadm
    patch_file /usr/sbin/cephadm

    # Runtime cephadm copies
    for f in /var/lib/ceph/*/cephadm.*; do
    patch_file "$f"
    done
    '
(auto-openstack-infra-qgvlx) [stderr]
bash: line 40: warning: here-document at line 15 delimited by end-of-file (wanted `EOF')
bash: -c: line 41: syntax error: unexpected end of file

(auto-openstack-infra-qgvlx) [exit 2]
[2026-01-18T21:48:12Z] [ceph] Fixing cephadm on auto-openstack-infra-vvdw4

[2026-01-18T21:48:12Z] (auto-openstack-infra-vvdw4) $ sudo -S bash -lc '
    set -euo pipefail

    patch_file() {
    f="$1"
    [ -f "$f" ] || return 0

    if ! grep -q "item, mode = line.split" "$f"; then
        echo "ERROR: expected AppArmor line not found in $f" >&2
        exit 1
    fi

    cp "$f" "$f.bak"

    python3 - <<EOF
    from pathlib import Path
    p = Path("$f")
    txt = p.read_text()
    txt = txt.replace(
        "item, mode = line.split('\'' '\'')",
        "item, mode = line.split(None, 1)"
    ).replace(
        '\''item, mode = line.split(" ")'\'',
        "item, mode = line.split(None, 1)"
    )
    p.write_text(txt)
    EOF

    python3 -m py_compile "$f"
    }

    # System cephadm binaries
    patch_file /usr/local/bin/cephadm
    patch_file /usr/sbin/cephadm

    # Runtime cephadm copies
    for f in /var/lib/ceph/*/cephadm.*; do
    patch_file "$f"
    done
    '
(auto-openstack-infra-vvdw4) [stderr]
bash: line 40: warning: here-document at line 15 delimited by end-of-file (wanted `EOF')
bash: -c: line 41: syntax error: unexpected end of file

(auto-openstack-infra-vvdw4) [exit 2]

[2026-01-18T21:48:14Z] (unknown) $ sudo -S bash -lc '(podman pull quay.io/ceph/ceph:v17.2.7 || docker pull quay.io/ceph/ceph:v17.2.7) || true'
(unknown) [stderr] bash: line 1: podman: command not found
(unknown) [stdout] v17.2.7: Pulling from ceph/ceph
(unknown) [stdout] 6ac36e7c57f2: Pulling fs layer
0faf68bcbcbd: Pulling fs layer
(unknown) [stdout] 6ac36e7c57f2: Download complete
(unknown) [stdout] 6ac36e7c57f2: Pull complete
(unknown) [stdout] 0faf68bcbcbd: Download complete
(unknown) [stdout]
0faf68bcbcbd: Pull complete
Digest: sha256:d26c11e20773704382946e34f0d3d2c0b8bb0b7b37d9017faa9dc11a0196c7d9
Status: Downloaded newer image for quay.io/ceph/ceph:v17.2.7
quay.io/ceph/ceph:v17.2.7

(unknown) [exit 0]

[2026-01-18T21:48:51Z] (unknown) $ bash -lc 'sudo cephadm shell -- ceph status >/dev/null 2>&1 || test -f /etc/ceph/ceph.conf'
(unknown) [exit 0]
[2026-01-18T21:49:06Z] [cephadm] Detected existing Ceph cluster on auto-openstack-infra-8xwlm (192.168.111.24); skipping bootstrap.

[2026-01-18T21:49:06Z] (unknown) $ sudo -S bash -lc 'cat /etc/ceph/ceph.pub'
(unknown) [stdout]
ssh-rsa AAAAB3NzaC1yc2EAAAADAQABAAABgQCrykC6eYpVRiD/ht9sE5eNEcRa32XCYS6o0w+jQTTME+jLwYyq8NmKe8JIKzpUv6nNe0ch2+fEt3dCF21hWZfOr88JDC+0wcShyrGeGcVFtySOwWHDWCUUienjXd7cHwoKFhqU36p5MGBfalzkXksX01hKPldNO/oJhqhImXu39rbjUIwayg+UNeyaOBduPFpw/NVStfXPk0eHaBNYdl6R2S3lI9+0a+0jotugtX5nuuAlYBchJ8fzbH2eqPQbeXBh+M3M7lK3mZD+ga0vMcQ6kn3y30kwHJyj1T7vxOT40OB3uI3BsUZbSfLfKv7mJXCBLvw7kIoboa6gSyqBrHTUKSpXaGSvAS44REfnhzwdGq1zpKQ2RLqojWDts/bNQlkyUb928TneXyUD/fHDZVDMZYPWwAiiUlGJN8c31wK3JKKskEy/nQ2j6Ztu/TOIyB1mtcRjiFlATxfL2QhB34D4QOBAPzQbIrHpWf7SF2WIklIL0llOc/HYCCJUXGMcG8U= ceph-7802e156-f4ae-11f0-8502-002fd39d1872

(unknown) [exit 0]

[2026-01-18T21:49:07Z] (unknown) $ sudo -S bash -lc 'mkdir -p /root/.ssh && echo "ssh-rsa AAAAB3NzaC1yc2EAAAADAQABAAABgQCrykC6eYpVRiD/ht9sE5eNEcRa32XCYS6o0w+jQTTME+jLwYyq8NmKe8JIKzpUv6nNe0ch2+fEt3dCF21hWZfOr88JDC+0wcShyrGeGcVFtySOwWHDWCUUienjXd7cHwoKFhqU36p5MGBfalzkXksX01hKPldNO/oJhqhImXu39rbjUIwayg+UNeyaOBduPFpw/NVStfXPk0eHaBNYdl6R2S3lI9+0a+0jotugtX5nuuAlYBchJ8fzbH2eqPQbeXBh+M3M7lK3mZD+ga0vMcQ6kn3y30kwHJyj1T7vxOT40OB3uI3BsUZbSfLfKv7mJXCBLvw7kIoboa6gSyqBrHTUKSpXaGSvAS44REfnhzwdGq1zpKQ2RLqojWDts/bNQlkyUb928TneXyUD/fHDZVDMZYPWwAiiUlGJN8c31wK3JKKskEy/nQ2j6Ztu/TOIyB1mtcRjiFlATxfL2QhB34D4QOBAPzQbIrHpWf7SF2WIklIL0llOc/HYCCJUXGMcG8U= ceph-7802e156-f4ae-11f0-8502-002fd39d1872" >> /root/.ssh/authorized_keys'
(unknown) [exit 0]

[2026-01-18T21:49:09Z] (unknown) $ sudo -S bash -lc 'mkdir -p /root/.ssh && echo "ssh-rsa AAAAB3NzaC1yc2EAAAADAQABAAABgQCrykC6eYpVRiD/ht9sE5eNEcRa32XCYS6o0w+jQTTME+jLwYyq8NmKe8JIKzpUv6nNe0ch2+fEt3dCF21hWZfOr88JDC+0wcShyrGeGcVFtySOwWHDWCUUienjXd7cHwoKFhqU36p5MGBfalzkXksX01hKPldNO/oJhqhImXu39rbjUIwayg+UNeyaOBduPFpw/NVStfXPk0eHaBNYdl6R2S3lI9+0a+0jotugtX5nuuAlYBchJ8fzbH2eqPQbeXBh+M3M7lK3mZD+ga0vMcQ6kn3y30kwHJyj1T7vxOT40OB3uI3BsUZbSfLfKv7mJXCBLvw7kIoboa6gSyqBrHTUKSpXaGSvAS44REfnhzwdGq1zpKQ2RLqojWDts/bNQlkyUb928TneXyUD/fHDZVDMZYPWwAiiUlGJN8c31wK3JKKskEy/nQ2j6Ztu/TOIyB1mtcRjiFlATxfL2QhB34D4QOBAPzQbIrHpWf7SF2WIklIL0llOc/HYCCJUXGMcG8U= ceph-7802e156-f4ae-11f0-8502-002fd39d1872" >> /root/.ssh/authorized_keys'
(unknown) [exit 0]

[2026-01-18T21:49:10Z] (unknown) $ sudo -S bash -lc 'mkdir -p /root/.ssh && echo "ssh-rsa AAAAB3NzaC1yc2EAAAADAQABAAABgQCrykC6eYpVRiD/ht9sE5eNEcRa32XCYS6o0w+jQTTME+jLwYyq8NmKe8JIKzpUv6nNe0ch2+fEt3dCF21hWZfOr88JDC+0wcShyrGeGcVFtySOwWHDWCUUienjXd7cHwoKFhqU36p5MGBfalzkXksX01hKPldNO/oJhqhImXu39rbjUIwayg+UNeyaOBduPFpw/NVStfXPk0eHaBNYdl6R2S3lI9+0a+0jotugtX5nuuAlYBchJ8fzbH2eqPQbeXBh+M3M7lK3mZD+ga0vMcQ6kn3y30kwHJyj1T7vxOT40OB3uI3BsUZbSfLfKv7mJXCBLvw7kIoboa6gSyqBrHTUKSpXaGSvAS44REfnhzwdGq1zpKQ2RLqojWDts/bNQlkyUb928TneXyUD/fHDZVDMZYPWwAiiUlGJN8c31wK3JKKskEy/nQ2j6Ztu/TOIyB1mtcRjiFlATxfL2QhB34D4QOBAPzQbIrHpWf7SF2WIklIL0llOc/HYCCJUXGMcG8U= ceph-7802e156-f4ae-11f0-8502-002fd39d1872" >> /root/.ssh/authorized_keys'
(unknown) [exit 0]

[2026-01-18T21:49:11Z] (unknown) $ sudo -S bash -lc 'mkdir -p /root/.ssh && echo "ssh-rsa AAAAB3NzaC1yc2EAAAADAQABAAABgQCrykC6eYpVRiD/ht9sE5eNEcRa32XCYS6o0w+jQTTME+jLwYyq8NmKe8JIKzpUv6nNe0ch2+fEt3dCF21hWZfOr88JDC+0wcShyrGeGcVFtySOwWHDWCUUienjXd7cHwoKFhqU36p5MGBfalzkXksX01hKPldNO/oJhqhImXu39rbjUIwayg+UNeyaOBduPFpw/NVStfXPk0eHaBNYdl6R2S3lI9+0a+0jotugtX5nuuAlYBchJ8fzbH2eqPQbeXBh+M3M7lK3mZD+ga0vMcQ6kn3y30kwHJyj1T7vxOT40OB3uI3BsUZbSfLfKv7mJXCBLvw7kIoboa6gSyqBrHTUKSpXaGSvAS44REfnhzwdGq1zpKQ2RLqojWDts/bNQlkyUb928TneXyUD/fHDZVDMZYPWwAiiUlGJN8c31wK3JKKskEy/nQ2j6Ztu/TOIyB1mtcRjiFlATxfL2QhB34D4QOBAPzQbIrHpWf7SF2WIklIL0llOc/HYCCJUXGMcG8U= ceph-7802e156-f4ae-11f0-8502-002fd39d1872" >> /root/.ssh/authorized_keys'
(unknown) [exit 0]

[2026-01-18T21:49:13Z] (unknown) $ sudo -S bash -lc 'mkdir -p /root/.ssh && echo "ssh-rsa AAAAB3NzaC1yc2EAAAADAQABAAABgQCrykC6eYpVRiD/ht9sE5eNEcRa32XCYS6o0w+jQTTME+jLwYyq8NmKe8JIKzpUv6nNe0ch2+fEt3dCF21hWZfOr88JDC+0wcShyrGeGcVFtySOwWHDWCUUienjXd7cHwoKFhqU36p5MGBfalzkXksX01hKPldNO/oJhqhImXu39rbjUIwayg+UNeyaOBduPFpw/NVStfXPk0eHaBNYdl6R2S3lI9+0a+0jotugtX5nuuAlYBchJ8fzbH2eqPQbeXBh+M3M7lK3mZD+ga0vMcQ6kn3y30kwHJyj1T7vxOT40OB3uI3BsUZbSfLfKv7mJXCBLvw7kIoboa6gSyqBrHTUKSpXaGSvAS44REfnhzwdGq1zpKQ2RLqojWDts/bNQlkyUb928TneXyUD/fHDZVDMZYPWwAiiUlGJN8c31wK3JKKskEy/nQ2j6Ztu/TOIyB1mtcRjiFlATxfL2QhB34D4QOBAPzQbIrHpWf7SF2WIklIL0llOc/HYCCJUXGMcG8U= ceph-7802e156-f4ae-11f0-8502-002fd39d1872" >> /root/.ssh/authorized_keys'
(unknown) [exit 0]

[2026-01-18T21:49:14Z] (unknown) $ sudo -S bash -lc 'cephadm shell -- ceph config set global container_image quay.io/ceph/ceph:v17.2.7'
(unknown) [stderr] Inferring fsid 7802e156-f4ae-11f0-8502-002fd39d1872
(unknown) [stderr] Inferring config /var/lib/ceph/7802e156-f4ae-11f0-8502-002fd39d1872/mon.auto-openstack-infra-8xwlm/config
(unknown) [stderr] Using ceph image with id 'e40c19cd70e0' and tag 'v17.2.6' created on 2023-10-27 02:15:04 +0000 UTC
quay.io/ceph/ceph@sha256:e40c19cd70e047d14d70f5ec3cf501da081395a670cd59ca881ff56119660c8f
(unknown) [stderr]
Traceback (most recent call last):
  File "/usr/local/bin/cephadm", line 9930, in <module>
    main()
  File "/usr/local/bin/cephadm", line 9918, in main
    r = ctx.func(ctx)
        ^^^^^^^^^^^^^
  File "/usr/local/bin/cephadm", line 2196, in _infer_config
    return func(ctx)
           ^^^^^^^^^
  File "/usr/local/bin/cephadm", line 2141, in _infer_fsid
    return func(ctx)
           ^^^^^^^^^
  File "/usr/local/bin/cephadm", line 2196, in _infer_config
    return func(ctx)
           ^^^^^^^^^
  File "/usr/local/bin/cephadm", line 2224, in _infer_image
    return func(ctx)
           ^^^^^^^^^
  File "/usr/local/bin/cephadm", line 2099, in _validate_fsid
    return func(ctx)
           ^^^^^^^^^
  File "/usr/local/bin/cephadm", line 6334, in command_shell
    mounts = get_container_mounts(ctx, ctx.fsid, daemon_type, daemon_id,
             ^^^^^^^^^^^^^^^^^^^^^^^^^^^^^^^^^^^^^^^^^^^^^^^^^^^^^^^^^^^
  File "/usr/local/bin/cephadm", line 3055, in get_container_mounts
    if HostFacts(ctx).selinux_enabled:
       ^^^^^^^^^^^^^^^^^^^^^^^^^^^^^^
  File "/usr/local/bin/cephadm", line 8971, in selinux_enabled
    return (self.kernel_security['type'] == 'SELinux') and \
            ^^^^^^^^^^^^^^^^^^^^
  File "/usr/local/bin/cephadm", line 8954, in kernel_security
    ret = _fetch_apparmor()
          ^^^^^^^^^^^^^^^^^
  File "/usr/local/bin/cephadm", line 8935, in _fetch_apparmor
    item, mode = line.split(' ')
    ^^^^^^^^^^
ValueError: too many values to unpack (expected 2)

(unknown) [exit 1]
[2026-01-18T21:49:28Z] [cephadm] Validating container engine on auto-openstack-infra-czhth-qb87b (192.168.111.23)...

[2026-01-18T21:49:28Z] (unknown) $ sudo -S bash -lc 'command -v docker || command -v podman'
(unknown) [stdout]
/usr/bin/docker

(unknown) [exit 0]
[2026-01-18T21:49:28Z] [cephadm] Container engine already present on auto-openstack-infra-czhth-qb87b.
[2026-01-18T21:49:28Z] [cephadm] Adding host auto-openstack-infra-czhth-qb87b (192.168.111.23) to cluster...

[2026-01-18T21:49:28Z] (unknown) $ sudo -S bash -lc 'cephadm shell -- ceph orch host add auto-openstack-infra-czhth-qb87b 192.168.111.23'
(unknown) [stderr] Inferring fsid 7802e156-f4ae-11f0-8502-002fd39d1872
(unknown) [stderr] Inferring config /var/lib/ceph/7802e156-f4ae-11f0-8502-002fd39d1872/mon.auto-openstack-infra-8xwlm/config
(unknown) [stderr] Using ceph image with id 'e40c19cd70e0' and tag 'v17.2.6' created on 2023-10-27 02:15:04 +0000 UTC
quay.io/ceph/ceph@sha256:e40c19cd70e047d14d70f5ec3cf501da081395a670cd59ca881ff56119660c8f
(unknown) [stderr]
Traceback (most recent call last):
  File "/usr/local/bin/cephadm", line 9930, in <module>
    main()
  File "/usr/local/bin/cephadm", line 9918, in main
    r = ctx.func(ctx)
        ^^^^^^^^^^^^^
  File "/usr/local/bin/cephadm", line 2196, in _infer_config
    return func(ctx)
           ^^^^^^^^^
  File "/usr/local/bin/cephadm", line 2141, in _infer_fsid
    return func(ctx)
           ^^^^^^^^^
  File "/usr/local/bin/cephadm", line 2196, in _infer_config
    return func(ctx)
           ^^^^^^^^^
  File "/usr/local/bin/cephadm", line 2224, in _infer_image
    return func(ctx)
           ^^^^^^^^^
  File "/usr/local/bin/cephadm", line 2099, in _validate_fsid
    return func(ctx)
           ^^^^^^^^^
  File "/usr/local/bin/cephadm", line 6334, in command_shell
    mounts = get_container_mounts(ctx, ctx.fsid, daemon_type, daemon_id,
             ^^^^^^^^^^^^^^^^^^^^^^^^^^^^^^^^^^^^^^^^^^^^^^^^^^^^^^^^^^^
  File "/usr/local/bin/cephadm", line 3055, in get_container_mounts
    if HostFacts(ctx).selinux_enabled:
       ^^^^^^^^^^^^^^^^^^^^^^^^^^^^^^
  File "/usr/local/bin/cephadm", line 8971, in selinux_enabled
    return (self.kernel_security['type'] == 'SELinux') and \
            ^^^^^^^^^^^^^^^^^^^^
  File "/usr/local/bin/cephadm", line 8954, in kernel_security
    ret = _fetch_apparmor()
          ^^^^^^^^^^^^^^^^^
  File "/usr/local/bin/cephadm", line 8935, in _fetch_apparmor
    item, mode = line.split(' ')
    ^^^^^^^^^^
ValueError: too many values to unpack (expected 2)

(unknown) [exit 1]
[2026-01-18T21:49:42Z] [cephadm] Host add failed for auto-openstack-infra-czhth-qb87b: Inferring fsid 7802e156-f4ae-11f0-8502-002fd39d1872
Inferring config /var/lib/ceph/7802e156-f4ae-11f0-8502-002fd39d1872/mon.auto-openstack-infra-8xwlm/config
Using ceph image with id 'e40c19cd70e0' and tag 'v17.2.6' created on 2023-10-27 02:15:04 +0000 UTC
quay.io/ceph/ceph@sha256:e40c19cd70e047d14d70f5ec3cf501da081395a670cd59ca881ff56119660c8f
Traceback (most recent call last):
  File "/usr/local/bin/cephadm", line 9930, in <module>
    main()
  File "/usr/local/bin/cephadm", line 9918, in main
    r = ctx.func(ctx)
        ^^^^^^^^^^^^^
  File "/usr/local/bin/cephadm", line 2196, in _infer_config
    return func(ctx)
           ^^^^^^^^^
  File "/usr/local/bin/cephadm", line 2141, in _infer_fsid
    return func(ctx)
           ^^^^^^^^^
  File "/usr/local/bin/cephadm", line 2196, in _infer_config
    return func(ctx)
           ^^^^^^^^^
  File "/usr/local/bin/cephadm", line 2224, in _infer_image
    return func(ctx)
           ^^^^^^^^^
  File "/usr/local/bin/cephadm", line 2099, in _validate_fsid
    return func(ctx)
           ^^^^^^^^^
  File "/usr/local/bin/cephadm", line 6334, in command_shell
    mounts = get_container_mounts(ctx, ctx.fsid, daemon_type, daemon_id,
             ^^^^^^^^^^^^^^^^^^^^^^^^^^^^^^^^^^^^^^^^^^^^^^^^^^^^^^^^^^^
  File "/usr/local/bin/cephadm", line 3055, in get_container_mounts
    if HostFacts(ctx).selinux_enabled:
       ^^^^^^^^^^^^^^^^^^^^^^^^^^^^^^
  File "/usr/local/bin/cephadm", line 8971, in selinux_enabled
    return (self.kernel_security['type'] == 'SELinux') and \
            ^^^^^^^^^^^^^^^^^^^^
  File "/usr/local/bin/cephadm", line 8954, in kernel_security
    ret = _fetch_apparmor()
          ^^^^^^^^^^^^^^^^^
  File "/usr/local/bin/cephadm", line 8935, in _fetch_apparmor
    item, mode = line.split(' ')
    ^^^^^^^^^^
ValueError: too many values to unpack (expected 2)

[2026-01-18T21:49:42Z] [cephadm] Validating container engine on auto-openstack-infra-czhth-svkqn (192.168.111.22)...

[2026-01-18T21:49:42Z] (unknown) $ sudo -S bash -lc 'command -v docker || command -v podman'
(unknown) [stdout]
/usr/bin/docker

(unknown) [exit 0]
[2026-01-18T21:49:43Z] [cephadm] Container engine already present on auto-openstack-infra-czhth-svkqn.
[2026-01-18T21:49:43Z] [cephadm] Adding host auto-openstack-infra-czhth-svkqn (192.168.111.22) to cluster...

[2026-01-18T21:49:43Z] (unknown) $ sudo -S bash -lc 'cephadm shell -- ceph orch host add auto-openstack-infra-czhth-svkqn 192.168.111.22'
(unknown) [stderr] Inferring fsid 7802e156-f4ae-11f0-8502-002fd39d1872
(unknown) [stderr] Inferring config /var/lib/ceph/7802e156-f4ae-11f0-8502-002fd39d1872/mon.auto-openstack-infra-8xwlm/config
(unknown) [stderr] Using ceph image with id 'e40c19cd70e0' and tag 'v17.2.6' created on 2023-10-27 02:15:04 +0000 UTC
quay.io/ceph/ceph@sha256:e40c19cd70e047d14d70f5ec3cf501da081395a670cd59ca881ff56119660c8f
(unknown) [stderr] Traceback (most recent call last):
  File "/usr/local/bin/cephadm", line 9930, in <module>
    main()
  File "/usr/local/bin/cephadm", line 9918, in main
    r = ctx.func(ctx)
        ^^^^^^^^^^^^^
  File "/usr/local/bin/cephadm", line 2196, in _infer_config
    return func(ctx)
           ^^^^^^^^^
  File "/usr/local/bin/cephadm", line 2141, in _infer_fsid
    return func(ctx)
           ^^^^^^^^^
  File "/usr/local/bin/cephadm", line 2196, in _infer_config
    return func(ctx)
           ^^^^^^^^^
  File "/usr/local/bin/cephadm", line 2224, in _infer_image
    return func(ctx)
           ^^^^^^^^^
  File "/usr/local/bin/cephadm", line 2099, in _validate_fsid
    return func(ctx)
           ^^^^^^^^^
  File "/usr/local/bin/cephadm", line 6334, in command_shell
    mounts = get_container_mounts(ctx, ctx.fsid, daemon_type, daemon_id,
             ^^^^^^^^^^^^^^^^^^^^^^^^^^^^^^^^^^^^^^^^^^^^^^^^^^^^^^^^^^^
  File "/usr/local/bin/cephadm", line 3055, in get_container_mounts
    if HostFacts(ctx).selinux_enabled:(unknown) [stderr]

       ^^^^^^^^^^^^^^^^^^^^^^^^^^^^^^
  File "/usr/local/bin/cephadm", line 8971, in selinux_enabled
    return (self.kernel_security['type'] == 'SELinux') and \
            ^^^^^^^^^^^^^^^^^^^^
  File "/usr/local/bin/cephadm", line 8954, in kernel_security
    ret = _fetch_apparmor()
          ^^^^^^^^^^^^^^^^^
  File "/usr/local/bin/cephadm", line 8935, in _fetch_apparmor
    item, mode = line.split(' ')
    ^^^^^^^^^^
ValueError: too many values to unpack (expected 2)

(unknown) [exit 1]
[2026-01-18T21:49:56Z] [cephadm] Host add failed for auto-openstack-infra-czhth-svkqn: Inferring fsid 7802e156-f4ae-11f0-8502-002fd39d1872
Inferring config /var/lib/ceph/7802e156-f4ae-11f0-8502-002fd39d1872/mon.auto-openstack-infra-8xwlm/config
Using ceph image with id 'e40c19cd70e0' and tag 'v17.2.6' created on 2023-10-27 02:15:04 +0000 UTC
quay.io/ceph/ceph@sha256:e40c19cd70e047d14d70f5ec3cf501da081395a670cd59ca881ff56119660c8f
Traceback (most recent call last):
  File "/usr/local/bin/cephadm", line 9930, in <module>
    main()
  File "/usr/local/bin/cephadm", line 9918, in main
    r = ctx.func(ctx)
        ^^^^^^^^^^^^^
  File "/usr/local/bin/cephadm", line 2196, in _infer_config
    return func(ctx)
           ^^^^^^^^^
  File "/usr/local/bin/cephadm", line 2141, in _infer_fsid
    return func(ctx)
           ^^^^^^^^^
  File "/usr/local/bin/cephadm", line 2196, in _infer_config
    return func(ctx)
           ^^^^^^^^^
  File "/usr/local/bin/cephadm", line 2224, in _infer_image
    return func(ctx)
           ^^^^^^^^^
  File "/usr/local/bin/cephadm", line 2099, in _validate_fsid
    return func(ctx)
           ^^^^^^^^^
  File "/usr/local/bin/cephadm", line 6334, in command_shell
    mounts = get_container_mounts(ctx, ctx.fsid, daemon_type, daemon_id,
             ^^^^^^^^^^^^^^^^^^^^^^^^^^^^^^^^^^^^^^^^^^^^^^^^^^^^^^^^^^^
  File "/usr/local/bin/cephadm", line 3055, in get_container_mounts
    if HostFacts(ctx).selinux_enabled:
       ^^^^^^^^^^^^^^^^^^^^^^^^^^^^^^
  File "/usr/local/bin/cephadm", line 8971, in selinux_enabled
    return (self.kernel_security['type'] == 'SELinux') and \
            ^^^^^^^^^^^^^^^^^^^^
  File "/usr/local/bin/cephadm", line 8954, in kernel_security
    ret = _fetch_apparmor()
          ^^^^^^^^^^^^^^^^^
  File "/usr/local/bin/cephadm", line 8935, in _fetch_apparmor
    item, mode = line.split(' ')
    ^^^^^^^^^^
ValueError: too many values to unpack (expected 2)

[2026-01-18T21:49:56Z] [cephadm] Validating container engine on auto-openstack-infra-czhth-z4sgh (192.168.111.21)...

[2026-01-18T21:49:56Z] (unknown) $ sudo -S bash -lc 'command -v docker || command -v podman'
(unknown) [stdout]
/usr/bin/docker

(unknown) [exit 0]
[2026-01-18T21:49:57Z] [cephadm] Container engine already present on auto-openstack-infra-czhth-z4sgh.
[2026-01-18T21:49:57Z] [cephadm] Adding host auto-openstack-infra-czhth-z4sgh (192.168.111.21) to cluster...

[2026-01-18T21:49:57Z] (unknown) $ sudo -S bash -lc 'cephadm shell -- ceph orch host add auto-openstack-infra-czhth-z4sgh 192.168.111.21'
(unknown) [stderr] Inferring fsid 7802e156-f4ae-11f0-8502-002fd39d1872
(unknown) [stderr] Inferring config /var/lib/ceph/7802e156-f4ae-11f0-8502-002fd39d1872/mon.auto-openstack-infra-8xwlm/config
(unknown) [stderr] Using ceph image with id 'e40c19cd70e0' and tag 'v17.2.6' created on 2023-10-27 02:15:04 +0000 UTC
quay.io/ceph/ceph@sha256:e40c19cd70e047d14d70f5ec3cf501da081395a670cd59ca881ff56119660c8f
(unknown) [stderr]
Traceback (most recent call last):
  File "/usr/local/bin/cephadm", line 9930, in <module>
    main()
  File "/usr/local/bin/cephadm", line 9918, in main
    r = ctx.func(ctx)
        ^^^^^^^^^^^^^
  File "/usr/local/bin/cephadm", line 2196, in _infer_config
    return func(ctx)
           ^^^^^^^^^
  File "/usr/local/bin/cephadm", line 2141, in _infer_fsid
    return func(ctx)
           ^^^^^^^^^
  File "/usr/local/bin/cephadm", line 2196, in _infer_config
    return func(ctx)
           ^^^^^^^^^
  File "/usr/local/bin/cephadm", line 2224, in _infer_image
    return func(ctx)
           ^^^^^^^^^
  File "/usr/local/bin/cephadm", line 2099, in _validate_fsid
    return func(ctx)
           ^^^^^^^^^
  File "/usr/local/bin/cephadm", line 6334, in command_shell
    mounts = get_container_mounts(ctx, ctx.fsid, daemon_type, daemon_id,
             ^^^^^^^^^^^^^^^^^^^^^^^^^^^^^^^^^^^^^^^^^^^^^^^^^^^^^^^^^^^
  File "/usr/local/bin/cephadm", line 3055, in get_container_mounts
    if HostFacts(ctx).selinux_enabled:
       ^^^^^^^^^^^^^^^^^^^^^^^^^^^^^^
  File "/usr/local/bin/cephadm", line 8971, in selinux_enabled
    return (self.kernel_security['type'] == 'SELinux') and \
            ^^^^^^^^^^^^^^^^^^^^
  File "/usr/local/bin/cephadm", line 8954, in kernel_security
    ret = _fetch_apparmor()
          ^^^^^^^^^^^^^^^^^
  File "/usr/local/bin/cephadm", line 8935, in _fetch_apparmor
    item, mode = line.split(' ')
    ^^^^^^^^^^
ValueError: too many values to unpack (expected 2)

(unknown) [exit 1]
[2026-01-18T21:50:10Z] [cephadm] Host add failed for auto-openstack-infra-czhth-z4sgh: Inferring fsid 7802e156-f4ae-11f0-8502-002fd39d1872
Inferring config /var/lib/ceph/7802e156-f4ae-11f0-8502-002fd39d1872/mon.auto-openstack-infra-8xwlm/config
Using ceph image with id 'e40c19cd70e0' and tag 'v17.2.6' created on 2023-10-27 02:15:04 +0000 UTC
quay.io/ceph/ceph@sha256:e40c19cd70e047d14d70f5ec3cf501da081395a670cd59ca881ff56119660c8f
Traceback (most recent call last):
  File "/usr/local/bin/cephadm", line 9930, in <module>
    main()
  File "/usr/local/bin/cephadm", line 9918, in main
    r = ctx.func(ctx)
        ^^^^^^^^^^^^^
  File "/usr/local/bin/cephadm", line 2196, in _infer_config
    return func(ctx)
           ^^^^^^^^^
  File "/usr/local/bin/cephadm", line 2141, in _infer_fsid
    return func(ctx)
           ^^^^^^^^^
  File "/usr/local/bin/cephadm", line 2196, in _infer_config
    return func(ctx)
           ^^^^^^^^^
  File "/usr/local/bin/cephadm", line 2224, in _infer_image
    return func(ctx)
           ^^^^^^^^^
  File "/usr/local/bin/cephadm", line 2099, in _validate_fsid
    return func(ctx)
           ^^^^^^^^^
  File "/usr/local/bin/cephadm", line 6334, in command_shell
    mounts = get_container_mounts(ctx, ctx.fsid, daemon_type, daemon_id,
             ^^^^^^^^^^^^^^^^^^^^^^^^^^^^^^^^^^^^^^^^^^^^^^^^^^^^^^^^^^^
  File "/usr/local/bin/cephadm", line 3055, in get_container_mounts
    if HostFacts(ctx).selinux_enabled:
       ^^^^^^^^^^^^^^^^^^^^^^^^^^^^^^
  File "/usr/local/bin/cephadm", line 8971, in selinux_enabled
    return (self.kernel_security['type'] == 'SELinux') and \
            ^^^^^^^^^^^^^^^^^^^^
  File "/usr/local/bin/cephadm", line 8954, in kernel_security
    ret = _fetch_apparmor()
          ^^^^^^^^^^^^^^^^^
  File "/usr/local/bin/cephadm", line 8935, in _fetch_apparmor
    item, mode = line.split(' ')
    ^^^^^^^^^^
ValueError: too many values to unpack (expected 2)

[2026-01-18T21:50:10Z] [cephadm] Validating container engine on auto-openstack-infra-qgvlx (192.168.111.25)...

[2026-01-18T21:50:10Z] (unknown) $ sudo -S bash -lc 'command -v docker || command -v podman'
(unknown) [stdout]
/usr/bin/docker

(unknown) [exit 0]
[2026-01-18T21:50:11Z] [cephadm] Container engine already present on auto-openstack-infra-qgvlx.
[2026-01-18T21:50:11Z] [cephadm] Adding host auto-openstack-infra-qgvlx (192.168.111.25) to cluster...

[2026-01-18T21:50:11Z] (unknown) $ sudo -S bash -lc 'cephadm shell -- ceph orch host add auto-openstack-infra-qgvlx 192.168.111.25'
(unknown) [stderr] Inferring fsid 7802e156-f4ae-11f0-8502-002fd39d1872
(unknown) [stderr] Inferring config /var/lib/ceph/7802e156-f4ae-11f0-8502-002fd39d1872/mon.auto-openstack-infra-8xwlm/config
(unknown) [stderr] Using ceph image with id 'e40c19cd70e0' and tag 'v17.2.6' created on 2023-10-27 02:15:04 +0000 UTC
quay.io/ceph/ceph@sha256:e40c19cd70e047d14d70f5ec3cf501da081395a670cd59ca881ff56119660c8f
(unknown) [stderr] Traceback (most recent call last):
  File "/usr/local/bin/cephadm", line 9930, in <module>
    main()
  File "/usr/local/bin/cephadm", line 9918, in main
    r = ctx.func(ctx)
        ^^^^^^^^^^^^^
  File "/usr/local/bin/cephadm", line 2196, in _infer_config
    return func(ctx)
           ^^^^^^^^^
  File "/usr/local/bin/cephadm", line 2141, in _infer_fsid
    return func(ctx)
           ^^^^^^^^^
  File "/usr/local/bin/cephadm", line 2196, in _infer_config
    return func(ctx)
           ^^^^^^^^^
  File "/usr/local/bin/cephadm", line 2224, in _infer_image
    return func(ctx)
           ^^^^^^^^^
  File "/usr/local/bin/cephadm", line 2099, in _validate_fsid
    return func(ctx)
           ^^^^^^^^^
  File "/usr/local/bin/cephadm", line 6334, in command_shell
    mounts = get_container_mounts(ctx, ctx.fsid, daemon_type, daemon_id,
             ^^^^^^^^^^^^^^^^^^^^^^^^^^^^^^^^^^^^^^^^^^^^^^^^^^^^^^^^^^^
  File "/usr/local/bin/cephadm", line 3055, in get_container_mounts
    if HostFacts(ctx).selinux_enabled:(unknown) [stderr]

       ^^^^^^^^^^^^^^^^^^^^^^^^^^^^^^
  File "/usr/local/bin/cephadm", line 8971, in selinux_enabled
    return (self.kernel_security['type'] == 'SELinux') and \
            ^^^^^^^^^^^^^^^^^^^^
  File "/usr/local/bin/cephadm", line 8954, in kernel_security
    ret = _fetch_apparmor()
          ^^^^^^^^^^^^^^^^^
  File "/usr/local/bin/cephadm", line 8935, in _fetch_apparmor
    item, mode = line.split(' ')
    ^^^^^^^^^^
ValueError: too many values to unpack (expected 2)

(unknown) [exit 1]
[2026-01-18T21:50:24Z] [cephadm] Host add failed for auto-openstack-infra-qgvlx: Inferring fsid 7802e156-f4ae-11f0-8502-002fd39d1872
Inferring config /var/lib/ceph/7802e156-f4ae-11f0-8502-002fd39d1872/mon.auto-openstack-infra-8xwlm/config
Using ceph image with id 'e40c19cd70e0' and tag 'v17.2.6' created on 2023-10-27 02:15:04 +0000 UTC
quay.io/ceph/ceph@sha256:e40c19cd70e047d14d70f5ec3cf501da081395a670cd59ca881ff56119660c8f
Traceback (most recent call last):
  File "/usr/local/bin/cephadm", line 9930, in <module>
    main()
  File "/usr/local/bin/cephadm", line 9918, in main
    r = ctx.func(ctx)
        ^^^^^^^^^^^^^
  File "/usr/local/bin/cephadm", line 2196, in _infer_config
    return func(ctx)
           ^^^^^^^^^
  File "/usr/local/bin/cephadm", line 2141, in _infer_fsid
    return func(ctx)
           ^^^^^^^^^
  File "/usr/local/bin/cephadm", line 2196, in _infer_config
    return func(ctx)
           ^^^^^^^^^
  File "/usr/local/bin/cephadm", line 2224, in _infer_image
    return func(ctx)
           ^^^^^^^^^
  File "/usr/local/bin/cephadm", line 2099, in _validate_fsid
    return func(ctx)
           ^^^^^^^^^
  File "/usr/local/bin/cephadm", line 6334, in command_shell
    mounts = get_container_mounts(ctx, ctx.fsid, daemon_type, daemon_id,
             ^^^^^^^^^^^^^^^^^^^^^^^^^^^^^^^^^^^^^^^^^^^^^^^^^^^^^^^^^^^
  File "/usr/local/bin/cephadm", line 3055, in get_container_mounts
    if HostFacts(ctx).selinux_enabled:
       ^^^^^^^^^^^^^^^^^^^^^^^^^^^^^^
  File "/usr/local/bin/cephadm", line 8971, in selinux_enabled
    return (self.kernel_security['type'] == 'SELinux') and \
            ^^^^^^^^^^^^^^^^^^^^
  File "/usr/local/bin/cephadm", line 8954, in kernel_security
    ret = _fetch_apparmor()
          ^^^^^^^^^^^^^^^^^
  File "/usr/local/bin/cephadm", line 8935, in _fetch_apparmor
    item, mode = line.split(' ')
    ^^^^^^^^^^
ValueError: too many values to unpack (expected 2)

[2026-01-18T21:50:24Z] [cephadm] Validating container engine on auto-openstack-infra-vvdw4 (192.168.111.20)...

[2026-01-18T21:50:24Z] (unknown) $ sudo -S bash -lc 'command -v docker || command -v podman'
(unknown) [stdout]
/usr/bin/docker

(unknown) [exit 0]
[2026-01-18T21:50:26Z] [cephadm] Container engine already present on auto-openstack-infra-vvdw4.
[2026-01-18T21:50:26Z] [cephadm] Adding host auto-openstack-infra-vvdw4 (192.168.111.20) to cluster...

[2026-01-18T21:50:26Z] (unknown) $ sudo -S bash -lc 'cephadm shell -- ceph orch host add auto-openstack-infra-vvdw4 192.168.111.20'
(unknown) [stderr] Inferring fsid 7802e156-f4ae-11f0-8502-002fd39d1872
(unknown) [stderr] Inferring config /var/lib/ceph/7802e156-f4ae-11f0-8502-002fd39d1872/mon.auto-openstack-infra-8xwlm/config
(unknown) [stderr] Using ceph image with id 'e40c19cd70e0' and tag 'v17.2.6' created on 2023-10-27 02:15:04 +0000 UTC
quay.io/ceph/ceph@sha256:e40c19cd70e047d14d70f5ec3cf501da081395a670cd59ca881ff56119660c8f
(unknown) [stderr]
Traceback (most recent call last):
  File "/usr/local/bin/cephadm", line 9930, in <module>
    main()
  File "/usr/local/bin/cephadm", line 9918, in main
    r = ctx.func(ctx)
        ^^^^^^^^^^^^^
  File "/usr/local/bin/cephadm", line 2196, in _infer_config
    return func(ctx)
           ^^^^^^^^^
  File "/usr/local/bin/cephadm", line 2141, in _infer_fsid
    return func(ctx)
           ^^^^^^^^^
  File "/usr/local/bin/cephadm", line 2196, in _infer_config
    return func(ctx)
           ^^^^^^^^^
  File "/usr/local/bin/cephadm", line 2224, in _infer_image
    return func(ctx)
           ^^^^^^^^^
  File "/usr/local/bin/cephadm", line 2099, in _validate_fsid
    return func(ctx)
           ^^^^^^^^^
  File "/usr/local/bin/cephadm", line 6334, in command_shell
    mounts = get_container_mounts(ctx, ctx.fsid, daemon_type, daemon_id,
             ^^^^^^^^^^^^^^^^^^^^^^^^^^^^^^^^^^^^^^^^^^^^^^^^^^^^^^^^^^^
  File "/usr/local/bin/cephadm", line 3055, in get_container_mounts
    if HostFacts(ctx).selinux_enabled:
       ^^^^^^^^^^^^^^^^^^^^^^^^^^^^^^
  File "/usr/local/bin/cephadm", line 8971, in selinux_enabled
    return (self.kernel_security['type'] == 'SELinux') and \
            ^^^^^^^^^^^^^^^^^^^^
  File "/usr/local/bin/cephadm", line 8954, in kernel_security
    ret = _fetch_apparmor()
          ^^^^^^^^^^^^^^^^^
  File "/usr/local/bin/cephadm", line 8935, in _fetch_apparmor
    item, mode = line.split(' ')
    ^^^^^^^^^^
ValueError: too many values to unpack (expected 2)

(unknown) [exit 1]
[2026-01-18T21:50:39Z] [cephadm] Host add failed for auto-openstack-infra-vvdw4: Inferring fsid 7802e156-f4ae-11f0-8502-002fd39d1872
Inferring config /var/lib/ceph/7802e156-f4ae-11f0-8502-002fd39d1872/mon.auto-openstack-infra-8xwlm/config
Using ceph image with id 'e40c19cd70e0' and tag 'v17.2.6' created on 2023-10-27 02:15:04 +0000 UTC
quay.io/ceph/ceph@sha256:e40c19cd70e047d14d70f5ec3cf501da081395a670cd59ca881ff56119660c8f
Traceback (most recent call last):
  File "/usr/local/bin/cephadm", line 9930, in <module>
    main()
  File "/usr/local/bin/cephadm", line 9918, in main
    r = ctx.func(ctx)
        ^^^^^^^^^^^^^
  File "/usr/local/bin/cephadm", line 2196, in _infer_config
    return func(ctx)
           ^^^^^^^^^
  File "/usr/local/bin/cephadm", line 2141, in _infer_fsid
    return func(ctx)
           ^^^^^^^^^
  File "/usr/local/bin/cephadm", line 2196, in _infer_config
    return func(ctx)
           ^^^^^^^^^
  File "/usr/local/bin/cephadm", line 2224, in _infer_image
    return func(ctx)
           ^^^^^^^^^
  File "/usr/local/bin/cephadm", line 2099, in _validate_fsid
    return func(ctx)
           ^^^^^^^^^
  File "/usr/local/bin/cephadm", line 6334, in command_shell
    mounts = get_container_mounts(ctx, ctx.fsid, daemon_type, daemon_id,
             ^^^^^^^^^^^^^^^^^^^^^^^^^^^^^^^^^^^^^^^^^^^^^^^^^^^^^^^^^^^
  File "/usr/local/bin/cephadm", line 3055, in get_container_mounts
    if HostFacts(ctx).selinux_enabled:
       ^^^^^^^^^^^^^^^^^^^^^^^^^^^^^^
  File "/usr/local/bin/cephadm", line 8971, in selinux_enabled
    return (self.kernel_security['type'] == 'SELinux') and \
            ^^^^^^^^^^^^^^^^^^^^
  File "/usr/local/bin/cephadm", line 8954, in kernel_security
    ret = _fetch_apparmor()
          ^^^^^^^^^^^^^^^^^
  File "/usr/local/bin/cephadm", line 8935, in _fetch_apparmor
    item, mode = line.split(' ')
    ^^^^^^^^^^
ValueError: too many values to unpack (expected 2)


[2026-01-18T21:50:39Z] (unknown) $ sudo -S bash -lc 'ceph orch restart mgr'
(unknown) [stderr]
bash: line 1: ceph: command not found

(unknown) [exit 127]

[2026-01-18T21:50:39Z] (unknown) $ sudo -S bash -lc 'cephadm shell -- ceph orch apply mon --placement="count:3"'
(unknown) [stderr] Inferring fsid 7802e156-f4ae-11f0-8502-002fd39d1872
(unknown) [stderr] Inferring config /var/lib/ceph/7802e156-f4ae-11f0-8502-002fd39d1872/mon.auto-openstack-infra-8xwlm/config
(unknown) [stderr] Using ceph image with id 'e40c19cd70e0' and tag 'v17.2.6' created on 2023-10-27 02:15:04 +0000 UTC
quay.io/ceph/ceph@sha256:e40c19cd70e047d14d70f5ec3cf501da081395a670cd59ca881ff56119660c8f
(unknown) [stderr]
Traceback (most recent call last):
  File "/usr/local/bin/cephadm", line 9930, in <module>
    main()
  File "/usr/local/bin/cephadm", line 9918, in main
    r = ctx.func(ctx)
        ^^^^^^^^^^^^^
  File "/usr/local/bin/cephadm", line 2196, in _infer_config
    return func(ctx)
           ^^^^^^^^^
  File "/usr/local/bin/cephadm", line 2141, in _infer_fsid
    return func(ctx)
           ^^^^^^^^^
  File "/usr/local/bin/cephadm", line 2196, in _infer_config
    return func(ctx)
           ^^^^^^^^^
  File "/usr/local/bin/cephadm", line 2224, in _infer_image
    return func(ctx)
           ^^^^^^^^^
  File "/usr/local/bin/cephadm", line 2099, in _validate_fsid
    return func(ctx)
           ^^^^^^^^^
  File "/usr/local/bin/cephadm", line 6334, in command_shell
    mounts = get_container_mounts(ctx, ctx.fsid, daemon_type, daemon_id,
             ^^^^^^^^^^^^^^^^^^^^^^^^^^^^^^^^^^^^^^^^^^^^^^^^^^^^^^^^^^^
  File "/usr/local/bin/cephadm", line 3055, in get_container_mounts
    if HostFacts(ctx).selinux_enabled:
       ^^^^^^^^^^^^^^^^^^^^^^^^^^^^^^
  File "/usr/local/bin/cephadm", line 8971, in selinux_enabled
    return (self.kernel_security['type'] == 'SELinux') and \
            ^^^^^^^^^^^^^^^^^^^^
  File "/usr/local/bin/cephadm", line 8954, in kernel_security
    ret = _fetch_apparmor()
          ^^^^^^^^^^^^^^^^^
  File "/usr/local/bin/cephadm", line 8935, in _fetch_apparmor
    item, mode = line.split(' ')
    ^^^^^^^^^^
ValueError: too many values to unpack (expected 2)

(unknown) [exit 1]

[2026-01-18T21:50:53Z] (unknown) $ sudo -S bash -lc 'cephadm shell -- ceph orch apply mgr --placement="count:2"'
(unknown) [stderr] Inferring fsid 7802e156-f4ae-11f0-8502-002fd39d1872
(unknown) [stderr] Inferring config /var/lib/ceph/7802e156-f4ae-11f0-8502-002fd39d1872/mon.auto-openstack-infra-8xwlm/config
(unknown) [stderr] Using ceph image with id 'e40c19cd70e0' and tag 'v17.2.6' created on 2023-10-27 02:15:04 +0000 UTC
quay.io/ceph/ceph@sha256:e40c19cd70e047d14d70f5ec3cf501da081395a670cd59ca881ff56119660c8f
(unknown) [stderr]
Traceback (most recent call last):
  File "/usr/local/bin/cephadm", line 9930, in <module>
    main()
  File "/usr/local/bin/cephadm", line 9918, in main
    r = ctx.func(ctx)
        ^^^^^^^^^^^^^
  File "/usr/local/bin/cephadm", line 2196, in _infer_config
    return func(ctx)
           ^^^^^^^^^
  File "/usr/local/bin/cephadm", line 2141, in _infer_fsid
    return func(ctx)
           ^^^^^^^^^
  File "/usr/local/bin/cephadm", line 2196, in _infer_config
    return func(ctx)
           ^^^^^^^^^
  File "/usr/local/bin/cephadm", line 2224, in _infer_image
    return func(ctx)
           ^^^^^^^^^
  File "/usr/local/bin/cephadm", line 2099, in _validate_fsid
    return func(ctx)
           ^^^^^^^^^
  File "/usr/local/bin/cephadm", line 6334, in command_shell
    mounts = get_container_mounts(ctx, ctx.fsid, daemon_type, daemon_id,
             ^^^^^^^^^^^^^^^^^^^^^^^^^^^^^^^^^^^^^^^^^^^^^^^^^^^^^^^^^^^
  File "/usr/local/bin/cephadm", line 3055, in get_container_mounts
    if HostFacts(ctx).selinux_enabled:
       ^^^^^^^^^^^^^^^^^^^^^^^^^^^^^^
  File "/usr/local/bin/cephadm", line 8971, in selinux_enabled
    return (self.kernel_security['type'] == 'SELinux') and \
            ^^^^^^^^^^^^^^^^^^^^
  File "/usr/local/bin/cephadm", line 8954, in kernel_security
    ret = _fetch_apparmor()
          ^^^^^^^^^^^^^^^^^
  File "/usr/local/bin/cephadm", line 8935, in _fetch_apparmor
    item, mode = line.split(' ')
    ^^^^^^^^^^
ValueError: too many values to unpack (expected 2)

(unknown) [exit 1]

[2026-01-18T21:51:06Z] (unknown) $ sudo -S bash -lc 'cephadm shell -- ceph orch daemon add osd auto-openstack-infra-8xwlm:/dev/vda'
(unknown) [stderr] Inferring fsid 7802e156-f4ae-11f0-8502-002fd39d1872
(unknown) [stderr] Inferring config /var/lib/ceph/7802e156-f4ae-11f0-8502-002fd39d1872/mon.auto-openstack-infra-8xwlm/config
(unknown) [stderr] Using ceph image with id 'e40c19cd70e0' and tag 'v17.2.6' created on 2023-10-27 02:15:04 +0000 UTC
quay.io/ceph/ceph@sha256:e40c19cd70e047d14d70f5ec3cf501da081395a670cd59ca881ff56119660c8f
(unknown) [stderr]
Traceback (most recent call last):
  File "/usr/local/bin/cephadm", line 9930, in <module>
    main()
  File "/usr/local/bin/cephadm", line 9918, in main
    r = ctx.func(ctx)
        ^^^^^^^^^^^^^
  File "/usr/local/bin/cephadm", line 2196, in _infer_config
    return func(ctx)
           ^^^^^^^^^
  File "/usr/local/bin/cephadm", line 2141, in _infer_fsid
    return func(ctx)
           ^^^^^^^^^
  File "/usr/local/bin/cephadm", line 2196, in _infer_config
    return func(ctx)
           ^^^^^^^^^
  File "/usr/local/bin/cephadm", line 2224, in _infer_image
    return func(ctx)
           ^^^^^^^^^
  File "/usr/local/bin/cephadm", line 2099, in _validate_fsid
    return func(ctx)
           ^^^^^^^^^
  File "/usr/local/bin/cephadm", line 6334, in command_shell
    mounts = get_container_mounts(ctx, ctx.fsid, daemon_type, daemon_id,
             ^^^^^^^^^^^^^^^^^^^^^^^^^^^^^^^^^^^^^^^^^^^^^^^^^^^^^^^^^^^
  File "/usr/local/bin/cephadm", line 3055, in get_container_mounts
    if HostFacts(ctx).selinux_enabled:
       ^^^^^^^^^^^^^^^^^^^^^^^^^^^^^^
  File "/usr/local/bin/cephadm", line 8971, in selinux_enabled
    return (self.kernel_security['type'] == 'SELinux') and \
            ^^^^^^^^^^^^^^^^^^^^
  File "/usr/local/bin/cephadm", line 8954, in kernel_security
    ret = _fetch_apparmor()
          ^^^^^^^^^^^^^^^^^
  File "/usr/local/bin/cephadm", line 8935, in _fetch_apparmor
    item, mode = line.split(' ')
    ^^^^^^^^^^
ValueError: too many values to unpack (expected 2)

(unknown) [exit 1]

[2026-01-18T21:51:20Z] (unknown) $ sudo -S bash -lc 'cephadm shell -- ceph orch daemon add osd auto-openstack-infra-czhth-qb87b:/dev/vda'
(unknown) [stderr] Inferring fsid 7802e156-f4ae-11f0-8502-002fd39d1872
(unknown) [stderr] Inferring config /var/lib/ceph/7802e156-f4ae-11f0-8502-002fd39d1872/mon.auto-openstack-infra-8xwlm/config
(unknown) [stderr] Using ceph image with id 'e40c19cd70e0' and tag 'v17.2.6' created on 2023-10-27 02:15:04 +0000 UTC
quay.io/ceph/ceph@sha256:e40c19cd70e047d14d70f5ec3cf501da081395a670cd59ca881ff56119660c8f
(unknown) [stderr]
Traceback (most recent call last):
  File "/usr/local/bin/cephadm", line 9930, in <module>
    main()
  File "/usr/local/bin/cephadm", line 9918, in main
    r = ctx.func(ctx)
        ^^^^^^^^^^^^^
  File "/usr/local/bin/cephadm", line 2196, in _infer_config
    return func(ctx)
           ^^^^^^^^^
  File "/usr/local/bin/cephadm", line 2141, in _infer_fsid
    return func(ctx)
           ^^^^^^^^^
  File "/usr/local/bin/cephadm", line 2196, in _infer_config
    return func(ctx)
           ^^^^^^^^^
  File "/usr/local/bin/cephadm", line 2224, in _infer_image
    return func(ctx)
           ^^^^^^^^^
  File "/usr/local/bin/cephadm", line 2099, in _validate_fsid
    return func(ctx)
           ^^^^^^^^^
  File "/usr/local/bin/cephadm", line 6334, in command_shell
    mounts = get_container_mounts(ctx, ctx.fsid, daemon_type, daemon_id,
             ^^^^^^^^^^^^^^^^^^^^^^^^^^^^^^^^^^^^^^^^^^^^^^^^^^^^^^^^^^^
  File "/usr/local/bin/cephadm", line 3055, in get_container_mounts
    if HostFacts(ctx).selinux_enabled:
       ^^^^^^^^^^^^^^^^^^^^^^^^^^^^^^
  File "/usr/local/bin/cephadm", line 8971, in selinux_enabled
    return (self.kernel_security['type'] == 'SELinux') and \
            ^^^^^^^^^^^^^^^^^^^^
  File "/usr/local/bin/cephadm", line 8954, in kernel_security
    ret = _fetch_apparmor()
          ^^^^^^^^^^^^^^^^^
  File "/usr/local/bin/cephadm", line 8935, in _fetch_apparmor
    item, mode = line.split(' ')
    ^^^^^^^^^^
ValueError: too many values to unpack (expected 2)

(unknown) [exit 1]

[2026-01-18T21:51:33Z] (unknown) $ sudo -S bash -lc 'cephadm shell -- ceph orch daemon add osd auto-openstack-infra-czhth-svkqn:/dev/vda'
(unknown) [stderr] Inferring fsid 7802e156-f4ae-11f0-8502-002fd39d1872
