# Ceph deployment log started 20251016T132411Z UTC


[2025-10-16T13:24:11Z] (unknown) $ sudo -S bash -lc 'command -v docker || command -v podman'
(unknown) [stdout]
/usr/bin/docker

(unknown) [exit 0]

[2025-10-16T13:24:12Z] (unknown) $ bash -lc 'command -v cephadm || echo MISSING'
(unknown) [stdout]
/usr/local/bin/cephadm

(unknown) [exit 0]

[2025-10-16T13:24:12Z] (unknown) $ sudo -S bash -lc '(podman pull quay.io/ceph/ceph:v17.2.6 || docker pull quay.io/ceph/ceph:v17.2.6) || true'
(unknown) [stderr] bash: line 1: podman: command not found
(unknown) [stdout]
v17.2.6: Pulling from ceph/ceph
Digest: sha256:e40c19cd70e047d14d70f5ec3cf501da081395a670cd59ca881ff56119660c8f
Status: Image is up to date for quay.io/ceph/ceph:v17.2.6
quay.io/ceph/ceph:v17.2.6

(unknown) [exit 0]

[2025-10-16T13:24:13Z] (unknown) $ bash -lc 'sudo cephadm shell -- ceph status >/dev/null 2>&1 || test -f /etc/ceph/ceph.conf'
(unknown) [exit 0]
[2025-10-16T13:24:27Z] [cephadm] Detected existing Ceph cluster on auto-openstack-infra-workers-kbd4x-gtd4h (192.168.0.173); skipping bootstrap.

[2025-10-16T13:24:27Z] (unknown) $ sudo -S bash -lc 'cat /etc/ceph/ceph.pub'
(unknown) [stdout]
ssh-rsa AAAAB3NzaC1yc2EAAAADAQABAAABgQCpKlfp7hl0WcsSC4HIGhq+0YF+QMn3Iqa9DHrkDoSFj0RcltAkai0kTZdUHelM/5vnWIByLKCRVtP5dnyg9VETASNuodYncH6RKsc4qjK5R3OOGt3jvFLVwgYvAHm1G1F1gUmT0D/0fhIjQnn7GVd98gG6Cgt68zk7NTn7N3HoOF0TlS0KSF/0QKdwu1fmtujOXpP1QS8KwfWoZNBhfzgA1DDcINABw++X4Xv8Hxe5HuVhQVBJuaxy6uej6wasgCtmFXsuKAdC10lt/yaaSCyGEHJALgi/ZzXHf+X4JG/rzz85LXkTBrYsfAk2U+TLVKMB1pCmV+cjNQcpB4+vZ/8xRmGm7SGcrj9WahL00eZ9FLJLu1ioQqcLEsiTFlpBZdKz3MBEd5o0nl+CrEX4X2PV7zDNr4PBUrxXc865tkSkTZ7FOj00mBo8c4VgaWR+byUEP0xDDMPKefDUd7mKw9NSi7IsX9YPpUQWFFadonbIr+Du0SyeU8KKYKY78uKj+Ls= ceph-ef3a4066-aa3d-11f0-8c8b-b1348d9b40ee

(unknown) [exit 0]

[2025-10-16T13:24:28Z] (unknown) $ sudo -S bash -lc 'mkdir -p /root/.ssh && echo "ssh-rsa AAAAB3NzaC1yc2EAAAADAQABAAABgQCpKlfp7hl0WcsSC4HIGhq+0YF+QMn3Iqa9DHrkDoSFj0RcltAkai0kTZdUHelM/5vnWIByLKCRVtP5dnyg9VETASNuodYncH6RKsc4qjK5R3OOGt3jvFLVwgYvAHm1G1F1gUmT0D/0fhIjQnn7GVd98gG6Cgt68zk7NTn7N3HoOF0TlS0KSF/0QKdwu1fmtujOXpP1QS8KwfWoZNBhfzgA1DDcINABw++X4Xv8Hxe5HuVhQVBJuaxy6uej6wasgCtmFXsuKAdC10lt/yaaSCyGEHJALgi/ZzXHf+X4JG/rzz85LXkTBrYsfAk2U+TLVKMB1pCmV+cjNQcpB4+vZ/8xRmGm7SGcrj9WahL00eZ9FLJLu1ioQqcLEsiTFlpBZdKz3MBEd5o0nl+CrEX4X2PV7zDNr4PBUrxXc865tkSkTZ7FOj00mBo8c4VgaWR+byUEP0xDDMPKefDUd7mKw9NSi7IsX9YPpUQWFFadonbIr+Du0SyeU8KKYKY78uKj+Ls= ceph-ef3a4066-aa3d-11f0-8c8b-b1348d9b40ee" >> /root/.ssh/authorized_keys'
(unknown) [exit 0]

[2025-10-16T13:24:29Z] (unknown) $ sudo -S bash -lc 'mkdir -p /root/.ssh && echo "ssh-rsa AAAAB3NzaC1yc2EAAAADAQABAAABgQCpKlfp7hl0WcsSC4HIGhq+0YF+QMn3Iqa9DHrkDoSFj0RcltAkai0kTZdUHelM/5vnWIByLKCRVtP5dnyg9VETASNuodYncH6RKsc4qjK5R3OOGt3jvFLVwgYvAHm1G1F1gUmT0D/0fhIjQnn7GVd98gG6Cgt68zk7NTn7N3HoOF0TlS0KSF/0QKdwu1fmtujOXpP1QS8KwfWoZNBhfzgA1DDcINABw++X4Xv8Hxe5HuVhQVBJuaxy6uej6wasgCtmFXsuKAdC10lt/yaaSCyGEHJALgi/ZzXHf+X4JG/rzz85LXkTBrYsfAk2U+TLVKMB1pCmV+cjNQcpB4+vZ/8xRmGm7SGcrj9WahL00eZ9FLJLu1ioQqcLEsiTFlpBZdKz3MBEd5o0nl+CrEX4X2PV7zDNr4PBUrxXc865tkSkTZ7FOj00mBo8c4VgaWR+byUEP0xDDMPKefDUd7mKw9NSi7IsX9YPpUQWFFadonbIr+Du0SyeU8KKYKY78uKj+Ls= ceph-ef3a4066-aa3d-11f0-8c8b-b1348d9b40ee" >> /root/.ssh/authorized_keys'
(unknown) [exit 0]

[2025-10-16T13:24:29Z] (unknown) $ sudo -S bash -lc 'cephadm shell -- ceph config set global container_image quay.io/ceph/ceph:v17.2.6'
(unknown) [stderr] Inferring fsid ef3a4066-aa3d-11f0-8c8b-b1348d9b40ee
(unknown) [stderr] Inferring config /var/lib/ceph/ef3a4066-aa3d-11f0-8c8b-b1348d9b40ee/mon.auto-openstack-infra-workers-kbd4x-gtd4h/config
(unknown) [stderr] Using ceph image with id '2747c7f13104' and tag 'v17.2.6' created on 2023-10-27 02:15:04 +0000 UTC
quay.io/ceph/ceph@sha256:e40c19cd70e047d14d70f5ec3cf501da081395a670cd59ca881ff56119660c8f
(unknown) [exit 0]
[2025-10-16T13:24:44Z] [cephadm] Validating container engine on auto-openstack-infra-workers-kbd4x-pkqm7 (192.168.0.172)...

[2025-10-16T13:24:44Z] (unknown) $ sudo -S bash -lc 'command -v docker || command -v podman'
(unknown) [stdout]
/usr/bin/docker

(unknown) [exit 0]
[2025-10-16T13:24:44Z] [cephadm] Container engine already present on auto-openstack-infra-workers-kbd4x-pkqm7.
[2025-10-16T13:24:44Z] [cephadm] Adding host auto-openstack-infra-workers-kbd4x-pkqm7 (192.168.0.172) to cluster...

[2025-10-16T13:24:44Z] (unknown) $ sudo -S bash -lc 'cephadm shell -- ceph orch host add auto-openstack-infra-workers-kbd4x-pkqm7 192.168.0.172'
(unknown) [stderr] Inferring fsid ef3a4066-aa3d-11f0-8c8b-b1348d9b40ee
