Running sub-tag 'metallb-mgmt' inside 'infrastructure' playbook...
[Infrastructure] Running playbook: infrastructure.yml
[Infrastructure] Inventory: /home/kez/Documents/python_projects/daalu/daalu/cloud-config/inventory/hosts.ini
[Infrastructure] Tags: metallb-mgmt
[1;35m[WARNING]: Found variable using reserved name: tags[0m
[1;35m[WARNING]: While constructing a mapping from /home/kez/Documents/python_project[0m
[1;35ms/daalu/daalu/playbooks/atmosphere/playbooks/roles/jenkins/tasks/main.yml, line[0m
[1;35m1, column 3, found a duplicate dict key (delegate_to). Using last defined value[0m
[1;35monly.[0m
[1;35m[WARNING]: While constructing a mapping from /home/kez/Documents/python_project[0m
[1;35ms/daalu/daalu/playbooks/atmosphere/playbooks/roles/jenkins/tasks/main.yml, line[0m
[1;35m12, column 3, found a duplicate dict key (delegate_to). Using last defined[0m
[1;35mvalue only.[0m

PLAY [Deploy Infrastructure] ***************************************************

TASK [Gathering Facts] *********************************************************
[1;35mcore/2.17/reference_appendices/interpreter_discovery.html for more information.[0m
[0;32mok: [openstack-infra-control-plane-bl5vb.kez-ironcloud.duckdns.org][0m
[1;35mcore/2.17/reference_appendices/interpreter_discovery.html for more information.[0m
[0;32mok: [openstack-infra-control-plane-nn9tr.kez-ironcloud.duckdns.org][0m
[1;35mcore/2.17/reference_appendices/interpreter_discovery.html for more information.[0m
[0;32mok: [openstack-infra-control-plane-q2mhs.kez-ironcloud.duckdns.org][0m

TASK [vexxhost.containers.package : Update state for rsync] ********************
[0;32mok: [openstack-infra-control-plane-nn9tr.kez-ironcloud.duckdns.org][0m
[0;32mok: [openstack-infra-control-plane-q2mhs.kez-ironcloud.duckdns.org][0m
[0;32mok: [openstack-infra-control-plane-bl5vb.kez-ironcloud.duckdns.org][0m

TASK [vexxhost.kubernetes.upload_helm_chart : Include help chart upload method tasks] ***
[0;36mincluded: /home/kez/.ansible/collections/ansible_collections/vexxhost/kubernetes/roles/upload_helm_chart/tasks/synchronize.yml for openstack-infra-control-plane-bl5vb.kez-ironcloud.duckdns.org, openstack-infra-control-plane-nn9tr.kez-ironcloud.duckdns.org, openstack-infra-control-plane-q2mhs.kez-ironcloud.duckdns.org[0m

TASK [vexxhost.kubernetes.upload_helm_chart : Ensure parent directory exists] ***
[0;32mok: [openstack-infra-control-plane-bl5vb.kez-ironcloud.duckdns.org][0m

TASK [vexxhost.kubernetes.upload_helm_chart : Ensure destination directory exists] ***
[0;32mok: [openstack-infra-control-plane-bl5vb.kez-ironcloud.duckdns.org][0m

TASK [vexxhost.kubernetes.upload_helm_chart : Upload Helm chart] ***************
[0;35m[DEPRECATION WARNING]: The connection's stdin object is deprecated. Call [0m
[0;35mdisplay.prompt_until(msg) instead. This feature will be removed in version [0m
[0;35m2.19. Deprecation warnings can be disabled by setting [0m
[0;35mdeprecation_warnings=False in ansible.cfg.[0m
[0;32mok: [openstack-infra-control-plane-bl5vb.kez-ironcloud.duckdns.org][0m

TASK [metallb_mgmt : Add MetalLB Helm repo] ************************************
[0;32mok: [openstack-infra-control-plane-bl5vb.kez-ironcloud.duckdns.org][0m

TASK [metallb_mgmt : Update Helm repos] ****************************************
[0;33mchanged: [openstack-infra-control-plane-bl5vb.kez-ironcloud.duckdns.org][0m

TASK [metallb_mgmt : Deploy MetalLB Helm chart] ********************************
[0;33mchanged: [openstack-infra-control-plane-bl5vb.kez-ironcloud.duckdns.org][0m

TASK [metallb_mgmt : Wait for MetalLB pods to be ready] ************************
[0;32mok: [openstack-infra-control-plane-bl5vb.kez-ironcloud.duckdns.org][0m

TASK [metallb_mgmt : Copy metallb-config.yaml to remote host] ******************
[0;33mchanged: [openstack-infra-control-plane-bl5vb.kez-ironcloud.duckdns.org][0m

TASK [metallb_mgmt : Apply MetalLB IPAddressPool and L2Advertisement from config file] ***
[0;33mchanged: [openstack-infra-control-plane-bl5vb.kez-ironcloud.duckdns.org][0m

PLAY RECAP *********************************************************************
[0;33mopenstack-infra-control-plane-bl5vb.kez-ironcloud.duckdns.org[0m : [0;32mok=12  [0m [0;33mchanged=4   [0m unreachable=0    failed=0    skipped=0    rescued=0    ignored=0   
[0;32mopenstack-infra-control-plane-nn9tr.kez-ironcloud.duckdns.org[0m : [0;32mok=3   [0m changed=0    unreachable=0    failed=0    skipped=0    rescued=0    ignored=0   
[0;32mopenstack-infra-control-plane-q2mhs.kez-ironcloud.duckdns.org[0m : [0;32mok=3   [0m changed=0    unreachable=0    failed=0    skipped=0    rescued=0    ignored=0   
Completed sub-tag: metallb-mgmt
Deployment finished!
